<?xml version="1.0" encoding="UTF-8"?>
<coverage generated="1528198978461" clover="3.2.0">
  <project timestamp="1528198978463" name="All files">
    <metrics statements="896" coveredstatements="745" conditionals="487" coveredconditionals="329" methods="451" coveredmethods="364" elements="1834" coveredelements="1438" complexity="0" loc="896" ncloc="896" packages="35" files="124" classes="124">
      <package name="src">
        <metrics statements="0" coveredstatements="0" conditionals="0" coveredconditionals="0" methods="0" coveredmethods="0"/>
        <file name="index.js" path="/Users/riceyip/gss/vital-ui-kit-react/packages/web/src/index.js">
          <metrics statements="0" coveredstatements="0" conditionals="0" coveredconditionals="0" methods="0" coveredmethods="0"/>
        </file>
      </package>
      <package name="src.Avatar">
        <metrics statements="42" coveredstatements="39" conditionals="44" coveredconditionals="36" methods="14" coveredmethods="14"/>
        <file name="Avatar.jsx" path="/Users/riceyip/gss/vital-ui-kit-react/packages/web/src/Avatar/Avatar.jsx">
          <metrics statements="27" coveredstatements="24" conditionals="26" coveredconditionals="22" methods="7" coveredmethods="7"/>
          <line num="19" count="1" type="stmt"/>
          <line num="24" count="1" type="stmt"/>
          <line num="25" count="6" type="stmt"/>
          <line num="26" count="6" type="stmt"/>
          <line num="28" count="6" type="cond" truecount="2" falsecount="0"/>
          <line num="29" count="6" type="stmt"/>
          <line num="61" count="1" type="stmt"/>
          <line num="73" count="6" type="stmt"/>
          <line num="74" count="6" type="cond" truecount="2" falsecount="0"/>
          <line num="75" count="3" type="stmt"/>
          <line num="78" count="3" type="stmt"/>
          <line num="88" count="6" type="stmt"/>
          <line num="89" count="6" type="cond" truecount="1" falsecount="1"/>
          <line num="90" count="0" type="stmt"/>
          <line num="92" count="6" type="cond" truecount="4" falsecount="0"/>
          <line num="93" count="1" type="cond" truecount="1" falsecount="1"/>
          <line num="94" count="1" type="cond" truecount="1" falsecount="1"/>
          <line num="95" count="0" type="stmt"/>
          <line num="97" count="5" type="cond" truecount="4" falsecount="0"/>
          <line num="98" count="4" type="cond" truecount="2" falsecount="0"/>
          <line num="99" count="2" type="cond" truecount="2" falsecount="0"/>
          <line num="100" count="1" type="stmt"/>
          <line num="102" count="1" type="cond" truecount="3" falsecount="1"/>
          <line num="103" count="1" type="stmt"/>
          <line num="105" count="0" type="stmt"/>
          <line num="108" count="6" type="stmt"/>
          <line num="122" count="1" type="stmt"/>
        </file>
        <file name="AvatarBadge.jsx" path="/Users/riceyip/gss/vital-ui-kit-react/packages/web/src/Avatar/AvatarBadge.jsx">
          <metrics statements="13" coveredstatements="13" conditionals="18" coveredconditionals="14" methods="7" coveredmethods="7"/>
          <line num="9" count="1" type="stmt"/>
          <line num="10" count="3" type="cond" truecount="2" falsecount="0"/>
          <line num="11" count="1" type="stmt"/>
          <line num="21" count="2" type="stmt"/>
          <line num="45" count="1" type="stmt"/>
          <line num="47" count="3" type="stmt"/>
          <line num="48" count="3" type="stmt"/>
          <line num="50" count="3" type="stmt"/>
          <line num="51" count="3" type="stmt"/>
          <line num="52" count="3" type="stmt"/>
          <line num="62" count="1" type="stmt"/>
          <line num="63" count="3" type="stmt"/>
          <line num="68" count="1" type="stmt"/>
        </file>
        <file name="constants.js" path="/Users/riceyip/gss/vital-ui-kit-react/packages/web/src/Avatar/constants.js">
          <metrics statements="2" coveredstatements="2" conditionals="0" coveredconditionals="0" methods="0" coveredmethods="0"/>
          <line num="1" count="1" type="stmt"/>
          <line num="24" count="1" type="stmt"/>
        </file>
        <file name="index.js" path="/Users/riceyip/gss/vital-ui-kit-react/packages/web/src/Avatar/index.js">
          <metrics statements="0" coveredstatements="0" conditionals="0" coveredconditionals="0" methods="0" coveredmethods="0"/>
        </file>
      </package>
      <package name="src.Badge">
        <metrics statements="5" coveredstatements="5" conditionals="6" coveredconditionals="5" methods="2" coveredmethods="2"/>
        <file name="Badge.jsx" path="/Users/riceyip/gss/vital-ui-kit-react/packages/web/src/Badge/Badge.jsx">
          <metrics statements="5" coveredstatements="5" conditionals="6" coveredconditionals="5" methods="2" coveredmethods="2"/>
          <line num="12" count="10" type="stmt"/>
          <line num="19" count="1" type="stmt"/>
          <line num="46" count="1" type="stmt"/>
          <line num="47" count="10" type="stmt"/>
          <line num="52" count="1" type="stmt"/>
        </file>
        <file name="index.js" path="/Users/riceyip/gss/vital-ui-kit-react/packages/web/src/Badge/index.js">
          <metrics statements="0" coveredstatements="0" conditionals="0" coveredconditionals="0" methods="0" coveredmethods="0"/>
        </file>
      </package>
      <package name="src.Box">
        <metrics statements="4" coveredstatements="4" conditionals="0" coveredconditionals="0" methods="1" coveredmethods="1"/>
        <file name="Box.jsx" path="/Users/riceyip/gss/vital-ui-kit-react/packages/web/src/Box/Box.jsx">
          <metrics statements="4" coveredstatements="4" conditionals="0" coveredconditionals="0" methods="1" coveredmethods="1"/>
          <line num="7" count="1" type="stmt"/>
          <line num="17" count="1" type="stmt"/>
          <line num="18" count="4" type="stmt"/>
          <line num="23" count="1" type="stmt"/>
        </file>
        <file name="index.js" path="/Users/riceyip/gss/vital-ui-kit-react/packages/web/src/Box/index.js">
          <metrics statements="0" coveredstatements="0" conditionals="0" coveredconditionals="0" methods="0" coveredmethods="0"/>
        </file>
      </package>
      <package name="src.Button">
        <metrics statements="29" coveredstatements="29" conditionals="35" coveredconditionals="34" methods="24" coveredmethods="23"/>
        <file name="Button.jsx" path="/Users/riceyip/gss/vital-ui-kit-react/packages/web/src/Button/Button.jsx">
          <metrics statements="2" coveredstatements="2" conditionals="0" coveredconditionals="0" methods="2" coveredmethods="1"/>
          <line num="86" count="73" type="stmt"/>
          <line num="87" count="73" type="stmt"/>
        </file>
        <file name="ButtonGroup.jsx" path="/Users/riceyip/gss/vital-ui-kit-react/packages/web/src/Button/ButtonGroup.jsx">
          <metrics statements="5" coveredstatements="5" conditionals="2" coveredconditionals="1" methods="2" coveredmethods="2"/>
          <line num="10" count="1" type="stmt"/>
          <line num="13" count="10" type="cond" truecount="1" falsecount="1"/>
          <line num="29" count="1" type="stmt"/>
          <line num="34" count="10" type="stmt"/>
          <line num="39" count="1" type="stmt"/>
        </file>
        <file name="constant.js" path="/Users/riceyip/gss/vital-ui-kit-react/packages/web/src/Button/constant.js">
          <metrics statements="2" coveredstatements="2" conditionals="0" coveredconditionals="0" methods="1" coveredmethods="1"/>
          <line num="1" count="1" type="stmt"/>
          <line num="34" count="172" type="stmt"/>
        </file>
        <file name="index.js" path="/Users/riceyip/gss/vital-ui-kit-react/packages/web/src/Button/index.js">
          <metrics statements="0" coveredstatements="0" conditionals="0" coveredconditionals="0" methods="0" coveredmethods="0"/>
        </file>
        <file name="styled.js" path="/Users/riceyip/gss/vital-ui-kit-react/packages/web/src/Button/styled.js">
          <metrics statements="20" coveredstatements="20" conditionals="33" coveredconditionals="33" methods="19" coveredmethods="19"/>
          <line num="6" count="1" type="stmt"/>
          <line num="8" count="73" type="stmt"/>
          <line num="9" count="73" type="stmt"/>
          <line num="13" count="73" type="stmt"/>
          <line num="14" count="73" type="stmt"/>
          <line num="15" count="73" type="stmt"/>
          <line num="16" count="73" type="stmt"/>
          <line num="21" count="73" type="stmt"/>
          <line num="28" count="73" type="stmt"/>
          <line num="32" count="73" type="stmt"/>
          <line num="36" count="73" type="cond" truecount="2" falsecount="0"/>
          <line num="52" count="73" type="cond" truecount="2" falsecount="0"/>
          <line num="83" count="73" type="cond" truecount="2" falsecount="0"/>
          <line num="94" count="73" type="cond" truecount="2" falsecount="0"/>
          <line num="107" count="73" type="cond" truecount="3" falsecount="0"/>
          <line num="118" count="73" type="cond" truecount="2" falsecount="0"/>
          <line num="126" count="73" type="cond" truecount="2" falsecount="0"/>
          <line num="139" count="73" type="stmt"/>
          <line num="140" count="73" type="stmt"/>
          <line num="141" count="73" type="stmt"/>
        </file>
      </package>
      <package name="src.Card">
        <metrics statements="45" coveredstatements="45" conditionals="8" coveredconditionals="7" methods="22" coveredmethods="22"/>
        <file name="Card.jsx" path="/Users/riceyip/gss/vital-ui-kit-react/packages/web/src/Card/Card.jsx">
          <metrics statements="13" coveredstatements="13" conditionals="2" coveredconditionals="1" methods="6" coveredmethods="6"/>
          <line num="15" count="1" type="stmt"/>
          <line num="24" count="6" type="stmt"/>
          <line num="26" count="6" type="cond" truecount="1" falsecount="1"/>
          <line num="27" count="6" type="stmt"/>
          <line num="28" count="6" type="stmt"/>
          <line num="29" count="6" type="stmt"/>
          <line num="54" count="1" type="stmt"/>
          <line num="61" count="6" type="stmt"/>
          <line num="66" count="1" type="stmt"/>
          <line num="72" count="1" type="stmt"/>
          <line num="73" count="1" type="stmt"/>
          <line num="74" count="1" type="stmt"/>
          <line num="75" count="1" type="stmt"/>
        </file>
        <file name="Container.jsx" path="/Users/riceyip/gss/vital-ui-kit-react/packages/web/src/Card/Container.jsx">
          <metrics statements="4" coveredstatements="4" conditionals="0" coveredconditionals="0" methods="2" coveredmethods="2"/>
          <line num="5" count="1" type="stmt"/>
          <line num="9" count="6" type="stmt"/>
          <line num="19" count="1" type="stmt"/>
          <line num="20" count="6" type="stmt"/>
        </file>
        <file name="Footer.jsx" path="/Users/riceyip/gss/vital-ui-kit-react/packages/web/src/Card/Footer.jsx">
          <metrics statements="4" coveredstatements="4" conditionals="0" coveredconditionals="0" methods="2" coveredmethods="2"/>
          <line num="10" count="1" type="stmt"/>
          <line num="15" count="6" type="stmt"/>
          <line num="27" count="1" type="stmt"/>
          <line num="28" count="6" type="stmt"/>
        </file>
        <file name="FooterButton.jsx" path="/Users/riceyip/gss/vital-ui-kit-react/packages/web/src/Card/FooterButton.jsx">
          <metrics statements="9" coveredstatements="9" conditionals="0" coveredconditionals="0" methods="5" coveredmethods="5"/>
          <line num="10" count="1" type="stmt"/>
          <line num="24" count="6" type="stmt"/>
          <line num="29" count="1" type="stmt"/>
          <line num="36" count="6" type="stmt"/>
          <line num="47" count="6" type="stmt"/>
          <line num="50" count="6" type="stmt"/>
          <line num="60" count="1" type="stmt"/>
          <line num="66" count="6" type="stmt"/>
          <line num="71" count="1" type="stmt"/>
        </file>
        <file name="Header.jsx" path="/Users/riceyip/gss/vital-ui-kit-react/packages/web/src/Card/Header.jsx">
          <metrics statements="15" coveredstatements="15" conditionals="6" coveredconditionals="6" methods="7" coveredmethods="7"/>
          <line num="7" count="1" type="stmt"/>
          <line num="11" count="4" type="stmt"/>
          <line num="12" count="4" type="stmt"/>
          <line num="19" count="1" type="stmt"/>
          <line num="23" count="1" type="stmt"/>
          <line num="25" count="1" type="stmt"/>
          <line num="26" count="1" type="stmt"/>
          <line num="27" count="1" type="stmt"/>
          <line num="40" count="1" type="stmt"/>
          <line num="45" count="1" type="stmt"/>
          <line num="58" count="1" type="stmt"/>
          <line num="66" count="4" type="cond" truecount="2" falsecount="0"/>
          <line num="67" count="1" type="stmt"/>
          <line num="75" count="3" type="stmt"/>
          <line num="88" count="1" type="stmt"/>
        </file>
        <file name="index.js" path="/Users/riceyip/gss/vital-ui-kit-react/packages/web/src/Card/index.js">
          <metrics statements="0" coveredstatements="0" conditionals="0" coveredconditionals="0" methods="0" coveredmethods="0"/>
        </file>
      </package>
      <package name="src.Checkbox">
        <metrics statements="28" coveredstatements="22" conditionals="20" coveredconditionals="9" methods="14" coveredmethods="12"/>
        <file name="Checkbox.jsx" path="/Users/riceyip/gss/vital-ui-kit-react/packages/web/src/Checkbox/Checkbox.jsx">
          <metrics statements="25" coveredstatements="19" conditionals="20" coveredconditionals="9" methods="13" coveredmethods="11"/>
          <line num="14" count="1" type="stmt"/>
          <line num="21" count="4" type="stmt"/>
          <line num="25" count="1" type="stmt"/>
          <line num="26" count="4" type="stmt"/>
          <line num="29" count="1" type="stmt"/>
          <line num="35" count="4" type="stmt"/>
          <line num="36" count="4" type="cond" truecount="1" falsecount="1"/>
          <line num="38" count="4" type="cond" truecount="1" falsecount="1"/>
          <line num="39" count="4" type="stmt"/>
          <line num="44" count="4" type="cond" truecount="1" falsecount="1"/>
          <line num="47" count="1" type="stmt"/>
          <line num="51" count="1" type="stmt"/>
          <line num="56" count="4" type="cond" truecount="1" falsecount="1"/>
          <line num="58" count="4" type="cond" truecount="1" falsecount="1"/>
          <line num="87" count="4" type="cond" truecount="1" falsecount="1"/>
          <line num="88" count="0" type="stmt"/>
          <line num="90" count="4" type="cond" truecount="1" falsecount="1"/>
          <line num="91" count="0" type="stmt"/>
          <line num="93" count="4" type="stmt"/>
          <line num="131" count="0" type="stmt"/>
          <line num="132" count="0" type="cond" truecount="0" falsecount="2"/>
          <line num="133" count="0" type="cond" truecount="0" falsecount="2"/>
          <line num="134" count="0" type="stmt"/>
          <line num="148" count="4" type="stmt"/>
          <line num="149" count="4" type="stmt"/>
        </file>
        <file name="CheckboxGroup.jsx" path="/Users/riceyip/gss/vital-ui-kit-react/packages/web/src/Checkbox/CheckboxGroup.jsx">
          <metrics statements="3" coveredstatements="3" conditionals="0" coveredconditionals="0" methods="1" coveredmethods="1"/>
          <line num="10" count="1" type="stmt"/>
          <line num="16" count="1" type="stmt"/>
          <line num="17" count="1" type="stmt"/>
        </file>
        <file name="index.js" path="/Users/riceyip/gss/vital-ui-kit-react/packages/web/src/Checkbox/index.js">
          <metrics statements="0" coveredstatements="0" conditionals="0" coveredconditionals="0" methods="0" coveredmethods="0"/>
        </file>
      </package>
      <package name="src.Form">
        <metrics statements="13" coveredstatements="13" conditionals="8" coveredconditionals="8" methods="7" coveredmethods="7"/>
        <file name="FieldInput.jsx" path="/Users/riceyip/gss/vital-ui-kit-react/packages/web/src/Form/FieldInput.jsx">
          <metrics statements="7" coveredstatements="7" conditionals="6" coveredconditionals="6" methods="4" coveredmethods="4"/>
          <line num="8" count="1" type="stmt"/>
          <line num="9" count="13" type="cond" truecount="2" falsecount="0"/>
          <line num="10" count="13" type="cond" truecount="2" falsecount="0"/>
          <line num="15" count="13" type="cond" truecount="2" falsecount="0"/>
          <line num="50" count="1" type="stmt"/>
          <line num="58" count="13" type="stmt"/>
          <line num="64" count="1" type="stmt"/>
        </file>
        <file name="MultipleInput.jsx" path="/Users/riceyip/gss/vital-ui-kit-react/packages/web/src/Form/MultipleInput.jsx">
          <metrics statements="6" coveredstatements="6" conditionals="2" coveredconditionals="2" methods="3" coveredmethods="3"/>
          <line num="6" count="1" type="stmt"/>
          <line num="13" count="1" type="stmt"/>
          <line num="52" count="20" type="cond" truecount="2" falsecount="0"/>
          <line num="73" count="1" type="stmt"/>
          <line num="74" count="8" type="stmt"/>
          <line num="76" count="20" type="stmt"/>
        </file>
        <file name="index.js" path="/Users/riceyip/gss/vital-ui-kit-react/packages/web/src/Form/index.js">
          <metrics statements="0" coveredstatements="0" conditionals="0" coveredconditionals="0" methods="0" coveredmethods="0"/>
        </file>
      </package>
      <package name="src.Form.Input">
        <metrics statements="24" coveredstatements="20" conditionals="13" coveredconditionals="10" methods="11" coveredmethods="8"/>
        <file name="Input.jsx" path="/Users/riceyip/gss/vital-ui-kit-react/packages/web/src/Form/Input/Input.jsx">
          <metrics statements="5" coveredstatements="2" conditionals="4" coveredconditionals="2" methods="4" coveredmethods="2"/>
          <line num="55" count="0" type="stmt"/>
          <line num="56" count="0" type="cond" truecount="0" falsecount="2"/>
          <line num="60" count="0" type="stmt"/>
          <line num="66" count="16" type="stmt"/>
          <line num="73" count="32" type="stmt"/>
        </file>
        <file name="StatelessInput.jsx" path="/Users/riceyip/gss/vital-ui-kit-react/packages/web/src/Form/Input/StatelessInput.jsx">
          <metrics statements="19" coveredstatements="18" conditionals="9" coveredconditionals="8" methods="7" coveredmethods="6"/>
          <line num="9" count="1" type="stmt"/>
          <line num="10" count="3" type="cond" truecount="2" falsecount="0"/>
          <line num="11" count="1" type="stmt"/>
          <line num="16" count="2" type="stmt"/>
          <line num="26" count="1" type="stmt"/>
          <line num="27" count="19" type="cond" truecount="2" falsecount="0"/>
          <line num="28" count="3" type="cond" truecount="2" falsecount="0"/>
          <line num="29" count="2" type="stmt"/>
          <line num="31" count="1" type="stmt"/>
          <line num="33" count="16" type="stmt"/>
          <line num="36" count="1" type="stmt"/>
          <line num="40" count="1" type="stmt"/>
          <line num="47" count="1" type="stmt"/>
          <line num="53" count="3" type="stmt"/>
          <line num="54" count="3" type="stmt"/>
          <line num="97" count="0" type="stmt"/>
          <line num="115" count="19" type="stmt"/>
          <line num="116" count="19" type="stmt"/>
          <line num="130" count="38" type="stmt"/>
        </file>
      </package>
      <package name="src.Form.TextArea">
        <metrics statements="11" coveredstatements="7" conditionals="6" coveredconditionals="3" methods="8" coveredmethods="5"/>
        <file name="StatelessTextArea.jsx" path="/Users/riceyip/gss/vital-ui-kit-react/packages/web/src/Form/TextArea/StatelessTextArea.jsx">
          <metrics statements="6" coveredstatements="5" conditionals="2" coveredconditionals="1" methods="4" coveredmethods="3"/>
          <line num="8" count="1" type="stmt"/>
          <line num="11" count="3" type="cond" truecount="1" falsecount="1"/>
          <line num="48" count="0" type="stmt"/>
          <line num="65" count="3" type="stmt"/>
          <line num="66" count="3" type="stmt"/>
          <line num="79" count="6" type="stmt"/>
        </file>
        <file name="TextArea.jsx" path="/Users/riceyip/gss/vital-ui-kit-react/packages/web/src/Form/TextArea/TextArea.jsx">
          <metrics statements="5" coveredstatements="2" conditionals="4" coveredconditionals="2" methods="4" coveredmethods="2"/>
          <line num="56" count="0" type="stmt"/>
          <line num="57" count="0" type="cond" truecount="0" falsecount="2"/>
          <line num="61" count="0" type="stmt"/>
          <line num="67" count="2" type="stmt"/>
          <line num="73" count="4" type="stmt"/>
        </file>
      </package>
      <package name="src.Form.components">
        <metrics statements="22" coveredstatements="22" conditionals="10" coveredconditionals="6" methods="15" coveredmethods="15"/>
        <file name="Addon.jsx" path="/Users/riceyip/gss/vital-ui-kit-react/packages/web/src/Form/components/Addon.jsx">
          <metrics statements="5" coveredstatements="5" conditionals="0" coveredconditionals="0" methods="4" coveredmethods="4"/>
          <line num="6" count="1" type="stmt"/>
          <line num="12" count="4" type="stmt"/>
          <line num="14" count="4" type="stmt"/>
          <line num="15" count="4" type="stmt"/>
          <line num="26" count="4" type="stmt"/>
        </file>
        <file name="FieldBase.js" path="/Users/riceyip/gss/vital-ui-kit-react/packages/web/src/Form/components/FieldBase.js">
          <metrics statements="4" coveredstatements="4" conditionals="6" coveredconditionals="3" methods="4" coveredmethods="4"/>
          <line num="4" count="22" type="stmt"/>
          <line num="38" count="22" type="cond" truecount="1" falsecount="1"/>
          <line num="51" count="22" type="cond" truecount="1" falsecount="1"/>
          <line num="57" count="22" type="cond" truecount="1" falsecount="1"/>
        </file>
        <file name="Hint.jsx" path="/Users/riceyip/gss/vital-ui-kit-react/packages/web/src/Form/components/Hint.jsx">
          <metrics statements="5" coveredstatements="5" conditionals="0" coveredconditionals="0" methods="2" coveredmethods="2"/>
          <line num="8" count="1" type="stmt"/>
          <line num="15" count="2" type="stmt"/>
          <line num="25" count="1" type="stmt"/>
          <line num="26" count="2" type="stmt"/>
          <line num="31" count="1" type="stmt"/>
        </file>
        <file name="Label.jsx" path="/Users/riceyip/gss/vital-ui-kit-react/packages/web/src/Form/components/Label.jsx">
          <metrics statements="8" coveredstatements="8" conditionals="4" coveredconditionals="3" methods="5" coveredmethods="5"/>
          <line num="6" count="1" type="stmt"/>
          <line num="9" count="13" type="stmt"/>
          <line num="12" count="13" type="stmt"/>
          <line num="15" count="13" type="cond" truecount="2" falsecount="0"/>
          <line num="33" count="13" type="cond" truecount="1" falsecount="1"/>
          <line num="58" count="1" type="stmt"/>
          <line num="59" count="13" type="stmt"/>
          <line num="64" count="1" type="stmt"/>
        </file>
      </package>
      <package name="src.Icon">
        <metrics statements="12" coveredstatements="9" conditionals="9" coveredconditionals="6" methods="4" coveredmethods="3"/>
        <file name="Icon.jsx" path="/Users/riceyip/gss/vital-ui-kit-react/packages/web/src/Icon/Icon.jsx">
          <metrics statements="12" coveredstatements="9" conditionals="9" coveredconditionals="6" methods="4" coveredmethods="3"/>
          <line num="13" count="706" type="stmt"/>
          <line num="14" count="232606" type="stmt"/>
          <line num="16" count="706" type="cond" truecount="1" falsecount="1"/>
          <line num="17" count="706" type="stmt"/>
          <line num="23" count="0" type="stmt"/>
          <line num="26" count="0" type="stmt"/>
          <line num="49" count="1" type="stmt"/>
          <line num="57" count="706" type="stmt"/>
          <line num="58" count="706" type="cond" truecount="1" falsecount="1"/>
          <line num="59" count="0" type="stmt"/>
          <line num="61" count="706" type="stmt"/>
          <line num="74" count="1" type="stmt"/>
        </file>
        <file name="index.js" path="/Users/riceyip/gss/vital-ui-kit-react/packages/web/src/Icon/index.js">
          <metrics statements="0" coveredstatements="0" conditionals="0" coveredconditionals="0" methods="0" coveredmethods="0"/>
        </file>
      </package>
      <package name="src.Icon.components">
        <metrics statements="9" coveredstatements="8" conditionals="2" coveredconditionals="1" methods="4" coveredmethods="4"/>
        <file name="IconProvider.js" path="/Users/riceyip/gss/vital-ui-kit-react/packages/web/src/Icon/components/IconProvider.js">
          <metrics statements="5" coveredstatements="4" conditionals="2" coveredconditionals="1" methods="2" coveredmethods="2"/>
          <line num="18" count="50" type="stmt"/>
          <line num="19" count="50" type="stmt"/>
          <line num="23" count="50" type="cond" truecount="1" falsecount="1"/>
          <line num="24" count="0" type="stmt"/>
          <line num="26" count="50" type="stmt"/>
        </file>
        <file name="withIcon.jsx" path="/Users/riceyip/gss/vital-ui-kit-react/packages/web/src/Icon/components/withIcon.jsx">
          <metrics statements="4" coveredstatements="4" conditionals="0" coveredconditionals="0" methods="2" coveredmethods="2"/>
          <line num="10" count="1" type="stmt"/>
          <line num="11" count="1" type="stmt"/>
          <line num="18" count="706" type="stmt"/>
          <line num="20" count="706" type="stmt"/>
        </file>
      </package>
      <package name="src.Layout">
        <metrics statements="16" coveredstatements="16" conditionals="2" coveredconditionals="2" methods="4" coveredmethods="4"/>
        <file name="Layout.jsx" path="/Users/riceyip/gss/vital-ui-kit-react/packages/web/src/Layout/Layout.jsx">
          <metrics statements="16" coveredstatements="16" conditionals="2" coveredconditionals="2" methods="4" coveredmethods="4"/>
          <line num="10" count="1" type="stmt"/>
          <line num="17" count="1" type="stmt"/>
          <line num="21" count="1" type="stmt"/>
          <line num="28" count="1" type="stmt"/>
          <line num="33" count="1" type="stmt"/>
          <line num="38" count="1" type="stmt"/>
          <line num="39" count="1" type="stmt"/>
          <line num="40" count="1" type="stmt"/>
          <line num="65" count="2" type="stmt"/>
          <line num="66" count="2" type="stmt"/>
          <line num="68" count="6" type="stmt"/>
          <line num="70" count="2" type="stmt"/>
          <line num="71" count="6" type="stmt"/>
          <line num="73" count="2" type="stmt"/>
          <line num="74" count="6" type="stmt"/>
          <line num="76" count="2" type="stmt"/>
        </file>
        <file name="index.js" path="/Users/riceyip/gss/vital-ui-kit-react/packages/web/src/Layout/index.js">
          <metrics statements="0" coveredstatements="0" conditionals="0" coveredconditionals="0" methods="0" coveredmethods="0"/>
        </file>
      </package>
      <package name="src.List">
        <metrics statements="68" coveredstatements="48" conditionals="79" coveredconditionals="41" methods="37" coveredmethods="29"/>
        <file name="List.jsx" path="/Users/riceyip/gss/vital-ui-kit-react/packages/web/src/List/List.jsx">
          <metrics statements="9" coveredstatements="6" conditionals="4" coveredconditionals="0" methods="7" coveredmethods="5"/>
          <line num="45" count="8" type="stmt"/>
          <line num="49" count="0" type="stmt"/>
          <line num="50" count="0" type="cond" truecount="0" falsecount="4"/>
          <line num="51" count="0" type="stmt"/>
          <line num="57" count="2" type="stmt"/>
          <line num="58" count="4" type="stmt"/>
          <line num="60" count="8" type="stmt"/>
          <line num="76" count="2" type="stmt"/>
          <line num="77" count="2" type="stmt"/>
        </file>
        <file name="ListContent.js" path="/Users/riceyip/gss/vital-ui-kit-react/packages/web/src/List/ListContent.js">
          <metrics statements="3" coveredstatements="3" conditionals="4" coveredconditionals="2" methods="2" coveredmethods="2"/>
          <line num="9" count="1" type="stmt"/>
          <line num="13" count="3" type="cond" truecount="1" falsecount="1"/>
          <line num="15" count="3" type="cond" truecount="1" falsecount="1"/>
        </file>
        <file name="ListItem.jsx" path="/Users/riceyip/gss/vital-ui-kit-react/packages/web/src/List/ListItem.jsx">
          <metrics statements="31" coveredstatements="14" conditionals="43" coveredconditionals="18" methods="15" coveredmethods="9"/>
          <line num="16" count="1" type="stmt"/>
          <line num="18" count="1" type="stmt"/>
          <line num="23" count="9" type="cond" truecount="1" falsecount="1"/>
          <line num="25" count="9" type="cond" truecount="1" falsecount="1"/>
          <line num="30" count="1" type="stmt"/>
          <line num="32" count="7" type="stmt"/>
          <line num="36" count="1" type="stmt"/>
          <line num="38" count="4" type="cond" truecount="2" falsecount="0"/>
          <line num="85" count="12" type="cond" truecount="1" falsecount="1"/>
          <line num="86" count="0" type="cond" truecount="0" falsecount="2"/>
          <line num="91" count="0" type="cond" truecount="0" falsecount="2"/>
          <line num="92" count="0" type="cond" truecount="0" falsecount="4"/>
          <line num="93" count="0" type="cond" truecount="0" falsecount="2"/>
          <line num="95" count="0" type="stmt"/>
          <line num="96" count="0" type="cond" truecount="0" falsecount="2"/>
          <line num="97" count="0" type="stmt"/>
          <line num="103" count="0" type="stmt"/>
          <line num="105" count="0" type="cond" truecount="0" falsecount="2"/>
          <line num="106" count="0" type="stmt"/>
          <line num="108" count="0" type="stmt"/>
          <line num="116" count="0" type="stmt"/>
          <line num="117" count="0" type="stmt"/>
          <line num="121" count="0" type="stmt"/>
          <line num="122" count="0" type="cond" truecount="0" falsecount="2"/>
          <line num="123" count="0" type="stmt"/>
          <line num="125" count="0" type="stmt"/>
          <line num="134" count="9" type="cond" truecount="2" falsecount="0"/>
          <line num="139" count="4" type="stmt"/>
          <line num="155" count="12" type="stmt"/>
          <line num="157" count="12" type="stmt"/>
          <line num="180" count="14" type="stmt"/>
        </file>
        <file name="SubListItem.jsx" path="/Users/riceyip/gss/vital-ui-kit-react/packages/web/src/List/SubListItem.jsx">
          <metrics statements="5" coveredstatements="5" conditionals="0" coveredconditionals="0" methods="3" coveredmethods="3"/>
          <line num="16" count="1" type="stmt"/>
          <line num="22" count="7" type="stmt"/>
          <line num="23" count="7" type="stmt"/>
          <line num="24" count="11" type="stmt"/>
          <line num="30" count="7" type="stmt"/>
        </file>
        <file name="index.js" path="/Users/riceyip/gss/vital-ui-kit-react/packages/web/src/List/index.js">
          <metrics statements="0" coveredstatements="0" conditionals="0" coveredconditionals="0" methods="0" coveredmethods="0"/>
        </file>
        <file name="styled.js" path="/Users/riceyip/gss/vital-ui-kit-react/packages/web/src/List/styled.js">
          <metrics statements="20" coveredstatements="20" conditionals="28" coveredconditionals="21" methods="10" coveredmethods="10"/>
          <line num="4" count="1" type="stmt"/>
          <line num="5" count="12" type="cond" truecount="4" falsecount="0"/>
          <line num="6" count="9" type="stmt"/>
          <line num="18" count="3" type="stmt"/>
          <line num="21" count="1" type="stmt"/>
          <line num="22" count="12" type="cond" truecount="2" falsecount="0"/>
          <line num="23" count="4" type="stmt"/>
          <line num="30" count="8" type="stmt"/>
          <line num="39" count="1" type="stmt"/>
          <line num="44" count="2" type="cond" truecount="2" falsecount="0"/>
          <line num="47" count="1" type="stmt"/>
          <line num="48" count="12" type="cond" truecount="1" falsecount="1"/>
          <line num="51" count="12" type="cond" truecount="1" falsecount="1"/>
          <line num="55" count="1" type="stmt"/>
          <line num="65" count="12" type="cond" truecount="3" falsecount="1"/>
          <line num="67" count="12" type="cond" truecount="2" falsecount="0"/>
          <line num="69" count="12" type="cond" truecount="2" falsecount="0"/>
          <line num="70" count="12" type="stmt"/>
          <line num="71" count="12" type="stmt"/>
          <line num="74" count="1" type="stmt"/>
        </file>
      </package>
      <package name="src.Menu">
        <metrics statements="9" coveredstatements="9" conditionals="2" coveredconditionals="1" methods="4" coveredmethods="4"/>
        <file name="Menu.jsx" path="/Users/riceyip/gss/vital-ui-kit-react/packages/web/src/Menu/Menu.jsx">
          <metrics statements="4" coveredstatements="4" conditionals="0" coveredconditionals="0" methods="2" coveredmethods="2"/>
          <line num="12" count="1" type="stmt"/>
          <line num="30" count="1" type="stmt"/>
          <line num="31" count="1" type="stmt"/>
          <line num="34" count="4" type="stmt"/>
        </file>
        <file name="MenuItem.jsx" path="/Users/riceyip/gss/vital-ui-kit-react/packages/web/src/Menu/MenuItem.jsx">
          <metrics statements="5" coveredstatements="5" conditionals="2" coveredconditionals="1" methods="2" coveredmethods="2"/>
          <line num="12" count="1" type="stmt"/>
          <line num="17" count="4" type="cond" truecount="1" falsecount="1"/>
          <line num="25" count="1" type="stmt"/>
          <line num="41" count="4" type="stmt"/>
          <line num="42" count="4" type="stmt"/>
        </file>
        <file name="index.js" path="/Users/riceyip/gss/vital-ui-kit-react/packages/web/src/Menu/index.js">
          <metrics statements="0" coveredstatements="0" conditionals="0" coveredconditionals="0" methods="0" coveredmethods="0"/>
        </file>
      </package>
      <package name="src.Modal">
        <metrics statements="21" coveredstatements="9" conditionals="10" coveredconditionals="3" methods="11" coveredmethods="4"/>
        <file name="Modal.jsx" path="/Users/riceyip/gss/vital-ui-kit-react/packages/web/src/Modal/Modal.jsx">
          <metrics statements="11" coveredstatements="8" conditionals="6" coveredconditionals="3" methods="5" coveredmethods="4"/>
          <line num="23" count="1" type="stmt"/>
          <line num="24" count="0" type="stmt"/>
          <line num="46" count="1" type="stmt"/>
          <line num="47" count="1" type="stmt"/>
          <line num="51" count="1" type="cond" truecount="2" falsecount="2"/>
          <line num="52" count="0" type="stmt"/>
          <line num="54" count="1" type="stmt"/>
          <line num="58" count="1" type="stmt"/>
          <line num="69" count="2" type="cond" truecount="1" falsecount="1"/>
          <line num="70" count="2" type="stmt"/>
          <line num="72" count="0" type="stmt"/>
        </file>
        <file name="ModalWrapper.jsx" path="/Users/riceyip/gss/vital-ui-kit-react/packages/web/src/Modal/ModalWrapper.jsx">
          <metrics statements="10" coveredstatements="1" conditionals="4" coveredconditionals="0" methods="6" coveredmethods="0"/>
          <line num="11" count="1" type="stmt"/>
          <line num="25" count="0" type="stmt"/>
          <line num="31" count="0" type="cond" truecount="0" falsecount="4"/>
          <line num="32" count="0" type="stmt"/>
          <line num="33" count="0" type="stmt"/>
          <line num="38" count="0" type="stmt"/>
          <line num="49" count="0" type="stmt"/>
          <line num="52" count="0" type="stmt"/>
          <line num="58" count="0" type="stmt"/>
          <line num="61" count="0" type="stmt"/>
        </file>
        <file name="index.js" path="/Users/riceyip/gss/vital-ui-kit-react/packages/web/src/Modal/index.js">
          <metrics statements="0" coveredstatements="0" conditionals="0" coveredconditionals="0" methods="0" coveredmethods="0"/>
        </file>
      </package>
      <package name="src.Pagination">
        <metrics statements="8" coveredstatements="8" conditionals="0" coveredconditionals="0" methods="3" coveredmethods="3"/>
        <file name="Pagination.jsx" path="/Users/riceyip/gss/vital-ui-kit-react/packages/web/src/Pagination/Pagination.jsx">
          <metrics statements="8" coveredstatements="8" conditionals="0" coveredconditionals="0" methods="3" coveredmethods="3"/>
          <line num="13" count="1" type="stmt"/>
          <line num="17" count="1" type="stmt"/>
          <line num="21" count="1" type="stmt"/>
          <line num="37" count="9" type="stmt"/>
          <line num="46" count="1" type="stmt"/>
          <line num="70" count="1" type="stmt"/>
          <line num="71" count="1" type="stmt"/>
          <line num="82" count="5" type="stmt"/>
        </file>
        <file name="index.js" path="/Users/riceyip/gss/vital-ui-kit-react/packages/web/src/Pagination/index.js">
          <metrics statements="0" coveredstatements="0" conditionals="0" coveredconditionals="0" methods="0" coveredmethods="0"/>
        </file>
      </package>
      <package name="src.Pill">
        <metrics statements="27" coveredstatements="22" conditionals="18" coveredconditionals="11" methods="14" coveredmethods="12"/>
        <file name="Pill.jsx" path="/Users/riceyip/gss/vital-ui-kit-react/packages/web/src/Pill/Pill.jsx">
          <metrics statements="19" coveredstatements="16" conditionals="16" coveredconditionals="10" methods="10" coveredmethods="9"/>
          <line num="13" count="1" type="stmt"/>
          <line num="14" count="5" type="cond" truecount="2" falsecount="2"/>
          <line num="15" count="0" type="stmt"/>
          <line num="17" count="5" type="cond" truecount="1" falsecount="1"/>
          <line num="18" count="0" type="stmt"/>
          <line num="20" count="5" type="stmt"/>
          <line num="23" count="1" type="stmt"/>
          <line num="25" count="5" type="stmt"/>
          <line num="26" count="5" type="stmt"/>
          <line num="30" count="5" type="cond" truecount="1" falsecount="1"/>
          <line num="40" count="5" type="cond" truecount="1" falsecount="1"/>
          <line num="41" count="5" type="cond" truecount="1" falsecount="1"/>
          <line num="44" count="5" type="cond" truecount="2" falsecount="0"/>
          <line num="58" count="1" type="stmt"/>
          <line num="65" count="5" type="stmt"/>
          <line num="68" count="1" type="stmt"/>
          <line num="113" count="0" type="stmt"/>
          <line num="124" count="5" type="stmt"/>
          <line num="125" count="5" type="stmt"/>
        </file>
        <file name="PillsGroup.jsx" path="/Users/riceyip/gss/vital-ui-kit-react/packages/web/src/Pill/PillsGroup.jsx">
          <metrics statements="8" coveredstatements="6" conditionals="2" coveredconditionals="1" methods="4" coveredmethods="3"/>
          <line num="11" count="1" type="stmt"/>
          <line num="41" count="0" type="stmt"/>
          <line num="47" count="1" type="stmt"/>
          <line num="48" count="5" type="stmt"/>
          <line num="56" count="1" type="stmt"/>
          <line num="57" count="1" type="cond" truecount="1" falsecount="1"/>
          <line num="58" count="0" type="stmt"/>
          <line num="60" count="1" type="stmt"/>
        </file>
        <file name="index.js" path="/Users/riceyip/gss/vital-ui-kit-react/packages/web/src/Pill/index.js">
          <metrics statements="0" coveredstatements="0" conditionals="0" coveredconditionals="0" methods="0" coveredmethods="0"/>
        </file>
      </package>
      <package name="src.ProgressBar">
        <metrics statements="18" coveredstatements="14" conditionals="10" coveredconditionals="6" methods="8" coveredmethods="6"/>
        <file name="ProgressBar.jsx" path="/Users/riceyip/gss/vital-ui-kit-react/packages/web/src/ProgressBar/ProgressBar.jsx">
          <metrics statements="18" coveredstatements="14" conditionals="10" coveredconditionals="6" methods="8" coveredmethods="6"/>
          <line num="14" count="1" type="stmt"/>
          <line num="19" count="1" type="stmt"/>
          <line num="23" count="1" type="cond" truecount="1" falsecount="1"/>
          <line num="33" count="1" type="stmt"/>
          <line num="37" count="2" type="stmt"/>
          <line num="40" count="1" type="stmt"/>
          <line num="91" count="1" type="stmt"/>
          <line num="92" count="1" type="stmt"/>
          <line num="93" count="1" type="stmt"/>
          <line num="97" count="0" type="cond" truecount="0" falsecount="2"/>
          <line num="98" count="0" type="stmt"/>
          <line num="103" count="0" type="stmt"/>
          <line num="111" count="1" type="cond" truecount="1" falsecount="1"/>
          <line num="112" count="1" type="stmt"/>
          <line num="114" count="0" type="stmt"/>
          <line num="128" count="1" type="stmt"/>
          <line num="129" count="1" type="stmt"/>
          <line num="147" count="2" type="stmt"/>
        </file>
        <file name="index.js" path="/Users/riceyip/gss/vital-ui-kit-react/packages/web/src/ProgressBar/index.js">
          <metrics statements="0" coveredstatements="0" conditionals="0" coveredconditionals="0" methods="0" coveredmethods="0"/>
        </file>
      </package>
      <package name="src.Radio">
        <metrics statements="18" coveredstatements="18" conditionals="8" coveredconditionals="8" methods="10" coveredmethods="10"/>
        <file name="Radio.jsx" path="/Users/riceyip/gss/vital-ui-kit-react/packages/web/src/Radio/Radio.jsx">
          <metrics statements="13" coveredstatements="13" conditionals="8" coveredconditionals="8" methods="8" coveredmethods="8"/>
          <line num="11" count="1" type="stmt"/>
          <line num="17" count="8" type="stmt"/>
          <line num="20" count="8" type="cond" truecount="2" falsecount="0"/>
          <line num="21" count="8" type="cond" truecount="2" falsecount="0"/>
          <line num="26" count="8" type="stmt"/>
          <line num="31" count="1" type="stmt"/>
          <line num="40" count="8" type="stmt"/>
          <line num="48" count="8" type="cond" truecount="2" falsecount="0"/>
          <line num="54" count="8" type="cond" truecount="2" falsecount="0"/>
          <line num="74" count="1" type="stmt"/>
          <line num="87" count="1" type="stmt"/>
          <line num="96" count="8" type="stmt"/>
          <line num="110" count="1" type="stmt"/>
        </file>
        <file name="RadioGroup.jsx" path="/Users/riceyip/gss/vital-ui-kit-react/packages/web/src/Radio/RadioGroup.jsx">
          <metrics statements="5" coveredstatements="5" conditionals="0" coveredconditionals="0" methods="2" coveredmethods="2"/>
          <line num="11" count="1" type="stmt"/>
          <line num="31" count="1" type="stmt"/>
          <line num="37" count="2" type="stmt"/>
          <line num="39" count="8" type="stmt"/>
          <line num="50" count="1" type="stmt"/>
        </file>
        <file name="index.js" path="/Users/riceyip/gss/vital-ui-kit-react/packages/web/src/Radio/index.js">
          <metrics statements="0" coveredstatements="0" conditionals="0" coveredconditionals="0" methods="0" coveredmethods="0"/>
        </file>
      </package>
      <package name="src.Select">
        <metrics statements="31" coveredstatements="17" conditionals="10" coveredconditionals="3" methods="19" coveredmethods="7"/>
        <file name="Droplist.jsx" path="/Users/riceyip/gss/vital-ui-kit-react/packages/web/src/Select/Droplist.jsx">
          <metrics statements="6" coveredstatements="2" conditionals="2" coveredconditionals="0" methods="4" coveredmethods="0"/>
          <line num="14" count="1" type="stmt"/>
          <line num="27" count="0" type="stmt"/>
          <line num="29" count="0" type="stmt"/>
          <line num="33" count="1" type="stmt"/>
          <line num="34" count="0" type="stmt"/>
          <line num="36" count="0" type="stmt"/>
        </file>
        <file name="DroplistItem.jsx" path="/Users/riceyip/gss/vital-ui-kit-react/packages/web/src/Select/DroplistItem.jsx">
          <metrics statements="7" coveredstatements="3" conditionals="0" coveredconditionals="0" methods="4" coveredmethods="0"/>
          <line num="7" count="1" type="stmt"/>
          <line num="9" count="1" type="stmt"/>
          <line num="14" count="0" type="stmt"/>
          <line num="21" count="0" type="stmt"/>
          <line num="30" count="1" type="stmt"/>
          <line num="31" count="0" type="stmt"/>
          <line num="32" count="0" type="stmt"/>
        </file>
        <file name="Select.jsx" path="/Users/riceyip/gss/vital-ui-kit-react/packages/web/src/Select/Select.jsx">
          <metrics statements="18" coveredstatements="12" conditionals="8" coveredconditionals="3" methods="11" coveredmethods="7"/>
          <line num="16" count="1" type="stmt"/>
          <line num="20" count="1" type="stmt"/>
          <line num="24" count="1" type="cond" truecount="1" falsecount="1"/>
          <line num="36" count="1" type="stmt"/>
          <line num="37" count="1" type="stmt"/>
          <line num="43" count="1" type="stmt"/>
          <line num="45" count="1" type="stmt"/>
          <line num="46" count="1" type="stmt"/>
          <line num="77" count="0" type="stmt"/>
          <line num="78" count="0" type="stmt"/>
          <line num="82" count="0" type="stmt"/>
          <line num="86" count="0" type="stmt"/>
          <line num="92" count="1" type="cond" truecount="1" falsecount="1"/>
          <line num="93" count="1" type="stmt"/>
          <line num="95" count="0" type="stmt"/>
          <line num="104" count="1" type="stmt"/>
          <line num="107" count="2" type="stmt"/>
          <line num="111" count="0" type="stmt"/>
        </file>
        <file name="index.js" path="/Users/riceyip/gss/vital-ui-kit-react/packages/web/src/Select/index.js">
          <metrics statements="0" coveredstatements="0" conditionals="0" coveredconditionals="0" methods="0" coveredmethods="0"/>
        </file>
      </package>
      <package name="src.Slider">
        <metrics statements="90" coveredstatements="43" conditionals="37" coveredconditionals="15" methods="34" coveredmethods="17"/>
        <file name="Slider.jsx" path="/Users/riceyip/gss/vital-ui-kit-react/packages/web/src/Slider/Slider.jsx">
          <metrics statements="78" coveredstatements="31" conditionals="35" coveredconditionals="14" methods="26" coveredmethods="9"/>
          <line num="92" count="2" type="stmt"/>
          <line num="93" count="2" type="stmt"/>
          <line num="94" count="2" type="stmt"/>
          <line num="98" count="2" type="cond" truecount="2" falsecount="3"/>
          <line num="99" count="2" type="stmt"/>
          <line num="101" count="0" type="stmt"/>
          <line num="102" count="0" type="stmt"/>
          <line num="103" count="0" type="stmt"/>
          <line num="111" count="0" type="cond" truecount="0" falsecount="2"/>
          <line num="112" count="0" type="cond" truecount="0" falsecount="2"/>
          <line num="113" count="0" type="stmt"/>
          <line num="118" count="0" type="stmt"/>
          <line num="120" count="0" type="stmt"/>
          <line num="124" count="0" type="cond" truecount="0" falsecount="2"/>
          <line num="125" count="0" type="stmt"/>
          <line num="127" count="0" type="stmt"/>
          <line num="129" count="0" type="stmt"/>
          <line num="134" count="0" type="stmt"/>
          <line num="135" count="0" type="cond" truecount="0" falsecount="2"/>
          <line num="139" count="0" type="stmt"/>
          <line num="140" count="0" type="stmt"/>
          <line num="141" count="0" type="stmt"/>
          <line num="142" count="0" type="cond" truecount="0" falsecount="2"/>
          <line num="146" count="0" type="cond" truecount="0" falsecount="2"/>
          <line num="147" count="0" type="stmt"/>
          <line num="152" count="0" type="stmt"/>
          <line num="154" count="0" type="stmt"/>
          <line num="158" count="0" type="cond" truecount="0" falsecount="2"/>
          <line num="159" count="0" type="stmt"/>
          <line num="160" count="0" type="stmt"/>
          <line num="161" count="0" type="stmt"/>
          <line num="165" count="0" type="cond" truecount="0" falsecount="2"/>
          <line num="166" count="0" type="stmt"/>
          <line num="167" count="0" type="stmt"/>
          <line num="168" count="0" type="stmt"/>
          <line num="172" count="0" type="stmt"/>
          <line num="182" count="0" type="stmt"/>
          <line num="192" count="2" type="stmt"/>
          <line num="193" count="2" type="stmt"/>
          <line num="194" count="2" type="stmt"/>
          <line num="195" count="2" type="stmt"/>
          <line num="196" count="2" type="stmt"/>
          <line num="197" count="2" type="stmt"/>
          <line num="198" count="2" type="stmt"/>
          <line num="202" count="0" type="stmt"/>
          <line num="203" count="0" type="stmt"/>
          <line num="205" count="0" type="stmt"/>
          <line num="206" count="0" type="stmt"/>
          <line num="208" count="0" type="stmt"/>
          <line num="213" count="0" type="stmt"/>
          <line num="217" count="0" type="stmt"/>
          <line num="220" count="2" type="stmt"/>
          <line num="221" count="2" type="cond" truecount="2" falsecount="0"/>
          <line num="222" count="2" type="cond" truecount="2" falsecount="0"/>
          <line num="223" count="1" type="stmt"/>
          <line num="226" count="0" type="stmt"/>
          <line num="227" count="0" type="stmt"/>
          <line num="231" count="1" type="cond" truecount="1" falsecount="1"/>
          <line num="232" count="1" type="stmt"/>
          <line num="236" count="0" type="stmt"/>
          <line num="242" count="1" type="stmt"/>
          <line num="246" count="2" type="stmt"/>
          <line num="247" count="2" type="cond" truecount="2" falsecount="0"/>
          <line num="248" count="2" type="cond" truecount="2" falsecount="0"/>
          <line num="249" count="1" type="stmt"/>
          <line num="252" count="0" type="stmt"/>
          <line num="253" count="0" type="stmt"/>
          <line num="257" count="1" type="cond" truecount="1" falsecount="1"/>
          <line num="258" count="1" type="stmt"/>
          <line num="262" count="0" type="stmt"/>
          <line num="268" count="1" type="stmt"/>
          <line num="273" count="2" type="stmt"/>
          <line num="275" count="2" type="stmt"/>
          <line num="278" count="4" type="stmt"/>
          <line num="294" count="0" type="stmt"/>
          <line num="295" count="0" type="stmt"/>
          <line num="300" count="4" type="stmt"/>
          <line num="313" count="4" type="stmt"/>
        </file>
        <file name="constants.js" path="/Users/riceyip/gss/vital-ui-kit-react/packages/web/src/Slider/constants.js">
          <metrics statements="0" coveredstatements="0" conditionals="0" coveredconditionals="0" methods="0" coveredmethods="0"/>
        </file>
        <file name="index.js" path="/Users/riceyip/gss/vital-ui-kit-react/packages/web/src/Slider/index.js">
          <metrics statements="0" coveredstatements="0" conditionals="0" coveredconditionals="0" methods="0" coveredmethods="0"/>
        </file>
        <file name="styled.js" path="/Users/riceyip/gss/vital-ui-kit-react/packages/web/src/Slider/styled.js">
          <metrics statements="12" coveredstatements="12" conditionals="2" coveredconditionals="1" methods="8" coveredmethods="8"/>
          <line num="5" count="1" type="stmt"/>
          <line num="12" count="2" type="cond" truecount="1" falsecount="1"/>
          <line num="18" count="1" type="stmt"/>
          <line num="22" count="2" type="stmt"/>
          <line num="25" count="1" type="stmt"/>
          <line num="29" count="2" type="stmt"/>
          <line num="30" count="2" type="stmt"/>
          <line num="39" count="2" type="stmt"/>
          <line num="40" count="2" type="stmt"/>
          <line num="44" count="2" type="stmt"/>
          <line num="45" count="2" type="stmt"/>
          <line num="50" count="1" type="stmt"/>
        </file>
      </package>
      <package name="src.Switch">
        <metrics statements="25" coveredstatements="23" conditionals="22" coveredconditionals="15" methods="17" coveredmethods="15"/>
        <file name="Switch.jsx" path="/Users/riceyip/gss/vital-ui-kit-react/packages/web/src/Switch/Switch.jsx">
          <metrics statements="25" coveredstatements="23" conditionals="22" coveredconditionals="15" methods="17" coveredmethods="15"/>
          <line num="11" count="1" type="stmt"/>
          <line num="13" count="1" type="stmt"/>
          <line num="18" count="3" type="stmt"/>
          <line num="20" count="3" type="stmt"/>
          <line num="24" count="3" type="stmt"/>
          <line num="32" count="3" type="stmt"/>
          <line num="38" count="3" type="stmt"/>
          <line num="45" count="1" type="stmt"/>
          <line num="51" count="3" type="cond" truecount="1" falsecount="1"/>
          <line num="52" count="3" type="stmt"/>
          <line num="55" count="3" type="stmt"/>
          <line num="59" count="1" type="stmt"/>
          <line num="62" count="3" type="cond" truecount="1" falsecount="1"/>
          <line num="68" count="3" type="stmt"/>
          <line num="71" count="3" type="cond" truecount="2" falsecount="0"/>
          <line num="85" count="1" type="stmt"/>
          <line num="93" count="2" type="stmt"/>
          <line num="100" count="1" type="stmt"/>
          <line num="101" count="1" type="cond" truecount="1" falsecount="1"/>
          <line num="104" count="1" type="stmt"/>
          <line num="105" count="1" type="cond" truecount="1" falsecount="1"/>
          <line num="147" count="0" type="cond" truecount="0" falsecount="2"/>
          <line num="148" count="0" type="stmt"/>
          <line num="159" count="3" type="stmt"/>
          <line num="160" count="3" type="stmt"/>
        </file>
        <file name="index.js" path="/Users/riceyip/gss/vital-ui-kit-react/packages/web/src/Switch/index.js">
          <metrics statements="0" coveredstatements="0" conditionals="0" coveredconditionals="0" methods="0" coveredmethods="0"/>
        </file>
      </package>
      <package name="src.Table">
        <metrics statements="49" coveredstatements="46" conditionals="46" coveredconditionals="29" methods="31" coveredmethods="29"/>
        <file name="Table.jsx" path="/Users/riceyip/gss/vital-ui-kit-react/packages/web/src/Table/Table.jsx">
          <metrics statements="25" coveredstatements="23" conditionals="16" coveredconditionals="12" methods="14" coveredmethods="13"/>
          <line num="54" count="1" type="stmt"/>
          <line num="55" count="1" type="cond" truecount="1" falsecount="1"/>
          <line num="56" count="1" type="stmt"/>
          <line num="61" count="2" type="cond" truecount="1" falsecount="1"/>
          <line num="65" count="0" type="stmt"/>
          <line num="67" count="2" type="stmt"/>
          <line num="71" count="1" type="stmt"/>
          <line num="77" count="1" type="stmt"/>
          <line num="78" count="3" type="stmt"/>
          <line num="79" count="2" type="stmt"/>
          <line num="82" count="1" type="stmt"/>
          <line num="85" count="2" type="cond" truecount="1" falsecount="1"/>
          <line num="86" count="2" type="stmt"/>
          <line num="88" count="0" type="stmt"/>
          <line num="92" count="1" type="stmt"/>
          <line num="98" count="2" type="stmt"/>
          <line num="102" count="2" type="cond" truecount="1" falsecount="1"/>
          <line num="112" count="2" type="stmt"/>
          <line num="125" count="6" type="stmt"/>
          <line num="126" count="6" type="stmt"/>
          <line num="129" count="30" type="cond" truecount="2" falsecount="0"/>
          <line num="130" count="24" type="stmt"/>
          <line num="131" count="21" type="stmt"/>
          <line num="133" count="24" type="stmt"/>
          <line num="139" count="6" type="stmt"/>
        </file>
        <file name="TableCaption.jsx" path="/Users/riceyip/gss/vital-ui-kit-react/packages/web/src/Table/TableCaption.jsx">
          <metrics statements="2" coveredstatements="2" conditionals="0" coveredconditionals="0" methods="1" coveredmethods="1"/>
          <line num="6" count="1" type="stmt"/>
          <line num="18" count="1" type="stmt"/>
        </file>
        <file name="TableColumn.jsx" path="/Users/riceyip/gss/vital-ui-kit-react/packages/web/src/Table/TableColumn.jsx">
          <metrics statements="1" coveredstatements="0" conditionals="0" coveredconditionals="0" methods="1" coveredmethods="0"/>
          <line num="11" count="0" type="stmt"/>
        </file>
        <file name="TableHeader.jsx" path="/Users/riceyip/gss/vital-ui-kit-react/packages/web/src/Table/TableHeader.jsx">
          <metrics statements="8" coveredstatements="8" conditionals="8" coveredconditionals="5" methods="3" coveredmethods="3"/>
          <line num="4" count="1" type="stmt"/>
          <line num="15" count="1" type="stmt"/>
          <line num="16" count="2" type="stmt"/>
          <line num="22" count="10" type="stmt"/>
          <line num="23" count="9" type="stmt"/>
          <line num="25" count="10" type="cond" truecount="2" falsecount="0"/>
          <line num="26" count="2" type="stmt"/>
          <line num="32" count="8" type="cond" truecount="1" falsecount="1"/>
        </file>
        <file name="index.js" path="/Users/riceyip/gss/vital-ui-kit-react/packages/web/src/Table/index.js">
          <metrics statements="0" coveredstatements="0" conditionals="0" coveredconditionals="0" methods="0" coveredmethods="0"/>
        </file>
        <file name="styled.js" path="/Users/riceyip/gss/vital-ui-kit-react/packages/web/src/Table/styled.js">
          <metrics statements="13" coveredstatements="13" conditionals="22" coveredconditionals="12" methods="12" coveredmethods="12"/>
          <line num="4" count="1" type="stmt"/>
          <line num="6" count="2" type="cond" truecount="1" falsecount="1"/>
          <line num="10" count="2" type="cond" truecount="1" falsecount="1"/>
          <line num="13" count="2" type="cond" truecount="1" falsecount="1"/>
          <line num="32" count="2" type="stmt"/>
          <line num="35" count="2" type="cond" truecount="1" falsecount="1"/>
          <line num="44" count="2" type="cond" truecount="1" falsecount="1"/>
          <line num="59" count="2" type="cond" truecount="1" falsecount="1"/>
          <line num="69" count="2" type="cond" truecount="2" falsecount="0"/>
          <line num="77" count="2" type="cond" truecount="1" falsecount="1"/>
          <line num="91" count="2" type="cond" truecount="1" falsecount="1"/>
          <line num="103" count="2" type="cond" truecount="1" falsecount="1"/>
          <line num="114" count="2" type="cond" truecount="1" falsecount="1"/>
        </file>
      </package>
      <package name="src.Tabs">
        <metrics statements="31" coveredstatements="25" conditionals="18" coveredconditionals="13" methods="16" coveredmethods="11"/>
        <file name="TabItem.jsx" path="/Users/riceyip/gss/vital-ui-kit-react/packages/web/src/Tabs/TabItem.jsx">
          <metrics statements="10" coveredstatements="9" conditionals="6" coveredconditionals="6" methods="5" coveredmethods="4"/>
          <line num="12" count="1" type="stmt"/>
          <line num="19" count="1" type="stmt"/>
          <line num="24" count="4" type="stmt"/>
          <line num="25" count="4" type="stmt"/>
          <line num="31" count="4" type="cond" truecount="2" falsecount="0"/>
          <line num="38" count="1" type="stmt"/>
          <line num="43" count="1" type="stmt"/>
          <line num="74" count="4" type="stmt"/>
          <line num="75" count="4" type="stmt"/>
          <line num="78" count="0" type="stmt"/>
        </file>
        <file name="TabList.jsx" path="/Users/riceyip/gss/vital-ui-kit-react/packages/web/src/Tabs/TabList.jsx">
          <metrics statements="3" coveredstatements="3" conditionals="0" coveredconditionals="0" methods="1" coveredmethods="1"/>
          <line num="11" count="1" type="stmt"/>
          <line num="19" count="1" type="stmt"/>
          <line num="20" count="1" type="stmt"/>
        </file>
        <file name="TabPanel.jsx" path="/Users/riceyip/gss/vital-ui-kit-react/packages/web/src/Tabs/TabPanel.jsx">
          <metrics statements="4" coveredstatements="4" conditionals="0" coveredconditionals="0" methods="3" coveredmethods="3"/>
          <line num="10" count="1" type="stmt"/>
          <line num="12" count="1" type="stmt"/>
          <line num="13" count="1" type="stmt"/>
          <line num="24" count="1" type="stmt"/>
        </file>
        <file name="Tabs.jsx" path="/Users/riceyip/gss/vital-ui-kit-react/packages/web/src/Tabs/Tabs.jsx">
          <metrics statements="14" coveredstatements="9" conditionals="12" coveredconditionals="7" methods="7" coveredmethods="3"/>
          <line num="14" count="1" type="stmt"/>
          <line num="15" count="1" type="stmt"/>
          <line num="48" count="0" type="stmt"/>
          <line num="49" count="0" type="cond" truecount="0" falsecount="2"/>
          <line num="51" count="0" type="stmt"/>
          <line num="56" count="0" type="cond" truecount="0" falsecount="2"/>
          <line num="62" count="1" type="stmt"/>
          <line num="63" count="1" type="stmt"/>
          <line num="64" count="1" type="stmt"/>
          <line num="69" count="4" type="cond" truecount="1" falsecount="1"/>
          <line num="70" count="4" type="cond" truecount="2" falsecount="0"/>
          <line num="71" count="1" type="stmt"/>
          <line num="73" count="4" type="stmt"/>
          <line num="79" count="0" type="stmt"/>
        </file>
        <file name="index.js" path="/Users/riceyip/gss/vital-ui-kit-react/packages/web/src/Tabs/index.js">
          <metrics statements="0" coveredstatements="0" conditionals="0" coveredconditionals="0" methods="0" coveredmethods="0"/>
        </file>
      </package>
      <package name="src.Tooltip">
        <metrics statements="11" coveredstatements="9" conditionals="0" coveredconditionals="0" methods="4" coveredmethods="1"/>
        <file name="Tooltip.jsx" path="/Users/riceyip/gss/vital-ui-kit-react/packages/web/src/Tooltip/Tooltip.jsx">
          <metrics statements="8" coveredstatements="6" conditionals="0" coveredconditionals="0" methods="4" coveredmethods="1"/>
          <line num="15" count="1" type="stmt"/>
          <line num="19" count="0" type="stmt"/>
          <line num="20" count="0" type="stmt"/>
          <line num="24" count="1" type="stmt"/>
          <line num="63" count="1" type="stmt"/>
          <line num="77" count="678" type="stmt"/>
          <line num="84" count="678" type="stmt"/>
          <line num="104" count="1" type="stmt"/>
        </file>
        <file name="index.js" path="/Users/riceyip/gss/vital-ui-kit-react/packages/web/src/Tooltip/index.js">
          <metrics statements="0" coveredstatements="0" conditionals="0" coveredconditionals="0" methods="0" coveredmethods="0"/>
        </file>
        <file name="placements.js" path="/Users/riceyip/gss/vital-ui-kit-react/packages/web/src/Tooltip/placements.js">
          <metrics statements="3" coveredstatements="3" conditionals="0" coveredconditionals="0" methods="0" coveredmethods="0"/>
          <line num="1" count="1" type="stmt"/>
          <line num="6" count="1" type="stmt"/>
          <line num="9" count="1" type="stmt"/>
        </file>
      </package>
      <package name="src.Track">
        <metrics statements="16" coveredstatements="16" conditionals="6" coveredconditionals="4" methods="14" coveredmethods="9"/>
        <file name="Selection.js" path="/Users/riceyip/gss/vital-ui-kit-react/packages/web/src/Track/Selection.js">
          <metrics statements="7" coveredstatements="7" conditionals="2" coveredconditionals="1" methods="4" coveredmethods="4"/>
          <line num="9" count="1" type="stmt"/>
          <line num="15" count="3" type="stmt"/>
          <line num="17" count="3" type="stmt"/>
          <line num="20" count="3" type="stmt"/>
          <line num="41" count="1" type="stmt"/>
          <line num="49" count="3" type="stmt"/>
          <line num="59" count="1" type="stmt"/>
        </file>
        <file name="Track.jsx" path="/Users/riceyip/gss/vital-ui-kit-react/packages/web/src/Track/Track.jsx">
          <metrics statements="9" coveredstatements="9" conditionals="4" coveredconditionals="3" methods="10" coveredmethods="5"/>
          <line num="13" count="1" type="stmt"/>
          <line num="19" count="3" type="stmt"/>
          <line num="23" count="3" type="stmt"/>
          <line num="26" count="3" type="cond" truecount="1" falsecount="1"/>
          <line num="27" count="3" type="cond" truecount="2" falsecount="0"/>
          <line num="47" count="1" type="stmt"/>
          <line num="60" count="3" type="stmt"/>
          <line num="80" count="1" type="stmt"/>
          <line num="92" count="1" type="stmt"/>
        </file>
        <file name="constants.js" path="/Users/riceyip/gss/vital-ui-kit-react/packages/web/src/Track/constants.js">
          <metrics statements="0" coveredstatements="0" conditionals="0" coveredconditionals="0" methods="0" coveredmethods="0"/>
        </file>
        <file name="index.js" path="/Users/riceyip/gss/vital-ui-kit-react/packages/web/src/Track/index.js">
          <metrics statements="0" coveredstatements="0" conditionals="0" coveredconditionals="0" methods="0" coveredmethods="0"/>
        </file>
      </package>
      <package name="src.base">
        <metrics statements="4" coveredstatements="4" conditionals="0" coveredconditionals="0" methods="1" coveredmethods="1"/>
        <file name="ThemeProvider.jsx" path="/Users/riceyip/gss/vital-ui-kit-react/packages/web/src/base/ThemeProvider.jsx">
          <metrics statements="4" coveredstatements="4" conditionals="0" coveredconditionals="0" methods="1" coveredmethods="1"/>
          <line num="23" count="50" type="stmt"/>
          <line num="24" count="50" type="stmt"/>
          <line num="25" count="50" type="stmt"/>
          <line num="29" count="50" type="stmt"/>
        </file>
        <file name="index.js" path="/Users/riceyip/gss/vital-ui-kit-react/packages/web/src/base/index.js">
          <metrics statements="0" coveredstatements="0" conditionals="0" coveredconditionals="0" methods="0" coveredmethods="0"/>
        </file>
      </package>
      <package name="src.base.theme">
        <metrics statements="49" coveredstatements="49" conditionals="10" coveredconditionals="9" methods="9" coveredmethods="9"/>
        <file name="components.js" path="/Users/riceyip/gss/vital-ui-kit-react/packages/web/src/base/theme/components.js">
          <metrics statements="6" coveredstatements="6" conditionals="10" coveredconditionals="9" methods="6" coveredmethods="6"/>
          <line num="7" count="50" type="stmt"/>
          <line num="62" count="6" type="cond" truecount="2" falsecount="0"/>
          <line num="71" count="4" type="cond" truecount="1" falsecount="1"/>
          <line num="126" count="5" type="cond" truecount="2" falsecount="0"/>
          <line num="128" count="5" type="cond" truecount="2" falsecount="0"/>
          <line num="143" count="8" type="cond" truecount="2" falsecount="0"/>
        </file>
        <file name="helper.js" path="/Users/riceyip/gss/vital-ui-kit-react/packages/web/src/base/theme/helper.js">
          <metrics statements="7" coveredstatements="7" conditionals="0" coveredconditionals="0" methods="3" coveredmethods="3"/>
          <line num="5" count="1" type="stmt"/>
          <line num="18" count="1" type="stmt"/>
          <line num="71" count="1" type="stmt"/>
          <line num="72" count="1" type="stmt"/>
          <line num="73" count="1" type="stmt"/>
          <line num="74" count="1" type="stmt"/>
          <line num="75" count="1" type="stmt"/>
        </file>
        <file name="index.js" path="/Users/riceyip/gss/vital-ui-kit-react/packages/web/src/base/theme/index.js">
          <metrics statements="0" coveredstatements="0" conditionals="0" coveredconditionals="0" methods="0" coveredmethods="0"/>
        </file>
        <file name="theme.js" path="/Users/riceyip/gss/vital-ui-kit-react/packages/web/src/base/theme/theme.js">
          <metrics statements="36" coveredstatements="36" conditionals="0" coveredconditionals="0" methods="0" coveredmethods="0"/>
          <line num="4" count="1" type="stmt"/>
          <line num="5" count="1" type="stmt"/>
          <line num="6" count="1" type="stmt"/>
          <line num="7" count="1" type="stmt"/>
          <line num="8" count="1" type="stmt"/>
          <line num="9" count="1" type="stmt"/>
          <line num="10" count="1" type="stmt"/>
          <line num="11" count="1" type="stmt"/>
          <line num="12" count="1" type="stmt"/>
          <line num="14" count="1" type="stmt"/>
          <line num="15" count="1" type="stmt"/>
          <line num="16" count="1" type="stmt"/>
          <line num="17" count="1" type="stmt"/>
          <line num="18" count="1" type="stmt"/>
          <line num="19" count="1" type="stmt"/>
          <line num="20" count="1" type="stmt"/>
          <line num="21" count="1" type="stmt"/>
          <line num="22" count="1" type="stmt"/>
          <line num="24" count="1" type="stmt"/>
          <line num="25" count="1" type="stmt"/>
          <line num="26" count="1" type="stmt"/>
          <line num="27" count="1" type="stmt"/>
          <line num="28" count="1" type="stmt"/>
          <line num="29" count="1" type="stmt"/>
          <line num="30" count="1" type="stmt"/>
          <line num="31" count="1" type="stmt"/>
          <line num="32" count="1" type="stmt"/>
          <line num="35" count="1" type="stmt"/>
          <line num="36" count="1" type="stmt"/>
          <line num="37" count="1" type="stmt"/>
          <line num="39" count="1" type="stmt"/>
          <line num="40" count="1" type="stmt"/>
          <line num="41" count="1" type="stmt"/>
          <line num="42" count="1" type="stmt"/>
          <line num="44" count="1" type="stmt"/>
          <line num="47" count="1" type="stmt"/>
        </file>
      </package>
      <package name="src.utils">
        <metrics statements="17" coveredstatements="17" conditionals="42" coveredconditionals="40" methods="8" coveredmethods="5"/>
        <file name="index.js" path="/Users/riceyip/gss/vital-ui-kit-react/packages/web/src/utils/index.js">
          <metrics statements="12" coveredstatements="12" conditionals="38" coveredconditionals="36" methods="7" coveredmethods="4"/>
          <line num="20" count="5" type="stmt"/>
          <line num="43" count="1" type="stmt"/>
          <line num="47" count="7" type="cond" truecount="1" falsecount="1"/>
          <line num="48" count="7" type="cond" truecount="1" falsecount="1"/>
          <line num="49" count="7" type="cond" truecount="2" falsecount="0"/>
          <line num="50" count="6" type="cond" truecount="2" falsecount="0"/>
          <line num="53" count="1" type="stmt"/>
          <line num="59" count="16" type="stmt"/>
          <line num="61" count="1" type="stmt"/>
          <line num="66" count="1" type="stmt"/>
          <line num="71" count="1" type="stmt"/>
          <line num="76" count="1" type="stmt"/>
        </file>
        <file name="math.js" path="/Users/riceyip/gss/vital-ui-kit-react/packages/web/src/utils/math.js">
          <metrics statements="5" coveredstatements="5" conditionals="4" coveredconditionals="4" methods="1" coveredmethods="1"/>
          <line num="3" count="1" type="stmt"/>
          <line num="4" count="11" type="stmt"/>
          <line num="5" count="11" type="cond" truecount="2" falsecount="0"/>
          <line num="6" count="8" type="cond" truecount="2" falsecount="0"/>
          <line num="8" count="3" type="stmt"/>
        </file>
      </package>
      <package name="stories">
        <metrics statements="28" coveredstatements="26" conditionals="2" coveredconditionals="2" methods="16" coveredmethods="14"/>
        <file name="Overview.stories.jsx" path="/Users/riceyip/gss/vital-ui-kit-react/packages/web/stories/Overview.stories.jsx">
          <metrics statements="13" coveredstatements="13" conditionals="2" coveredconditionals="2" methods="6" coveredmethods="6"/>
          <line num="23" count="1" type="stmt"/>
          <line num="31" count="1" type="stmt"/>
          <line num="33" count="1" type="stmt"/>
          <line num="42" count="1" type="stmt"/>
          <line num="44" count="1" type="stmt"/>
          <line num="47" count="1" type="stmt"/>
          <line num="50" count="5" type="stmt"/>
          <line num="72" count="4" type="stmt"/>
          <line num="78" count="24" type="stmt"/>
          <line num="92" count="5" type="stmt"/>
          <line num="99" count="5" type="stmt"/>
          <line num="144" count="1" type="stmt"/>
          <line num="149" count="1" type="stmt"/>
        </file>
        <file name="Theme.stories.jsx" path="/Users/riceyip/gss/vital-ui-kit-react/packages/web/stories/Theme.stories.jsx">
          <metrics statements="15" coveredstatements="13" conditionals="0" coveredconditionals="0" methods="10" coveredmethods="8"/>
          <line num="26" count="1" type="stmt"/>
          <line num="30" count="1" type="stmt"/>
          <line num="35" count="1" type="stmt"/>
          <line num="46" count="0" type="stmt"/>
          <line num="52" count="1" type="stmt"/>
          <line num="53" count="1" type="stmt"/>
          <line num="58" count="0" type="stmt"/>
          <line num="62" count="20" type="stmt"/>
          <line num="63" count="19" type="stmt"/>
          <line num="65" count="9" type="stmt"/>
          <line num="70" count="20" type="stmt"/>
          <line num="71" count="19" type="stmt"/>
          <line num="73" count="9" type="stmt"/>
          <line num="83" count="1" type="stmt"/>
          <line num="95" count="1" type="stmt"/>
        </file>
      </package>
      <package name="stories.Container">
        <metrics statements="17" coveredstatements="9" conditionals="2" coveredconditionals="1" methods="8" coveredmethods="5"/>
        <file name="Filter.js" path="/Users/riceyip/gss/vital-ui-kit-react/packages/web/stories/Container/Filter.js">
          <metrics statements="8" coveredstatements="3" conditionals="0" coveredconditionals="0" methods="4" coveredmethods="2"/>
          <line num="11" count="1" type="stmt"/>
          <line num="36" count="1" type="stmt"/>
          <line num="43" count="0" type="stmt"/>
          <line num="50" count="0" type="stmt"/>
          <line num="51" count="0" type="stmt"/>
          <line num="52" count="0" type="stmt"/>
          <line num="53" count="0" type="stmt"/>
          <line num="57" count="1" type="stmt"/>
        </file>
        <file name="LoadData.js" path="/Users/riceyip/gss/vital-ui-kit-react/packages/web/stories/Container/LoadData.js">
          <metrics statements="6" coveredstatements="3" conditionals="2" coveredconditionals="1" methods="3" coveredmethods="2"/>
          <line num="22" count="1" type="stmt"/>
          <line num="23" count="0" type="stmt"/>
          <line num="24" count="0" type="stmt"/>
          <line num="29" count="1" type="cond" truecount="1" falsecount="1"/>
          <line num="30" count="0" type="stmt"/>
          <line num="32" count="1" type="stmt"/>
        </file>
        <file name="Section.js" path="/Users/riceyip/gss/vital-ui-kit-react/packages/web/stories/Container/Section.js">
          <metrics statements="3" coveredstatements="3" conditionals="0" coveredconditionals="0" methods="1" coveredmethods="1"/>
          <line num="6" count="1" type="stmt"/>
          <line num="11" count="1" type="stmt"/>
          <line num="12" count="3" type="stmt"/>
        </file>
      </package>
      <package name="stories.examples">
        <metrics statements="95" coveredstatements="90" conditionals="2" coveredconditionals="1" methods="56" coveredmethods="52"/>
        <file name="Avatar.stories.jsx" path="/Users/riceyip/gss/vital-ui-kit-react/packages/web/stories/examples/Avatar.stories.jsx">
          <metrics statements="2" coveredstatements="2" conditionals="0" coveredconditionals="0" methods="1" coveredmethods="1"/>
          <line num="20" count="1" type="stmt"/>
          <line num="26" count="1" type="stmt"/>
        </file>
        <file name="Box.stories.jsx" path="/Users/riceyip/gss/vital-ui-kit-react/packages/web/stories/examples/Box.stories.jsx">
          <metrics statements="3" coveredstatements="3" conditionals="0" coveredconditionals="0" methods="1" coveredmethods="1"/>
          <line num="21" count="1" type="stmt"/>
          <line num="35" count="1" type="stmt"/>
          <line num="38" count="1" type="stmt"/>
        </file>
        <file name="Button.stories.jsx" path="/Users/riceyip/gss/vital-ui-kit-react/packages/web/stories/examples/Button.stories.jsx">
          <metrics statements="10" coveredstatements="10" conditionals="0" coveredconditionals="0" methods="8" coveredmethods="8"/>
          <line num="24" count="1" type="stmt"/>
          <line num="34" count="1" type="stmt"/>
          <line num="40" count="1" type="stmt"/>
          <line num="74" count="1" type="stmt"/>
          <line num="98" count="1" type="stmt"/>
          <line num="122" count="1" type="stmt"/>
          <line num="132" count="1" type="stmt"/>
          <line num="146" count="1" type="stmt"/>
          <line num="154" count="1" type="stmt"/>
          <line num="164" count="1" type="stmt"/>
        </file>
        <file name="Card.stories.jsx" path="/Users/riceyip/gss/vital-ui-kit-react/packages/web/stories/examples/Card.stories.jsx">
          <metrics statements="7" coveredstatements="7" conditionals="0" coveredconditionals="0" methods="5" coveredmethods="5"/>
          <line num="22" count="1" type="stmt"/>
          <line num="24" count="1" type="stmt"/>
          <line num="30" count="1" type="stmt"/>
          <line num="45" count="1" type="stmt"/>
          <line num="64" count="1" type="stmt"/>
          <line num="83" count="1" type="stmt"/>
          <line num="103" count="1" type="stmt"/>
        </file>
        <file name="Checkbox.stories.jsx" path="/Users/riceyip/gss/vital-ui-kit-react/packages/web/stories/examples/Checkbox.stories.jsx">
          <metrics statements="3" coveredstatements="3" conditionals="0" coveredconditionals="0" methods="2" coveredmethods="2"/>
          <line num="20" count="1" type="stmt"/>
          <line num="26" count="1" type="stmt"/>
          <line num="38" count="1" type="stmt"/>
        </file>
        <file name="Form.stories.jsx" path="/Users/riceyip/gss/vital-ui-kit-react/packages/web/stories/examples/Form.stories.jsx">
          <metrics statements="18" coveredstatements="18" conditionals="0" coveredconditionals="0" methods="11" coveredmethods="11"/>
          <line num="34" count="1" type="stmt"/>
          <line num="39" count="1" type="stmt"/>
          <line num="45" count="1" type="stmt"/>
          <line num="51" count="1" type="stmt"/>
          <line num="57" count="1" type="stmt"/>
          <line num="91" count="1" type="stmt"/>
          <line num="116" count="1" type="stmt"/>
          <line num="130" count="1" type="stmt"/>
          <line num="162" count="1" type="stmt"/>
          <line num="184" count="1" type="stmt"/>
          <line num="192" count="1" type="stmt"/>
          <line num="208" count="1" type="stmt"/>
          <line num="223" count="1" type="stmt"/>
          <line num="239" count="1" type="stmt"/>
          <line num="245" count="1" type="stmt"/>
          <line num="260" count="1" type="stmt"/>
          <line num="271" count="1" type="stmt"/>
          <line num="277" count="1" type="stmt"/>
        </file>
        <file name="Icon.stories.jsx" path="/Users/riceyip/gss/vital-ui-kit-react/packages/web/stories/examples/Icon.stories.jsx">
          <metrics statements="9" coveredstatements="8" conditionals="2" coveredconditionals="1" methods="4" coveredmethods="4"/>
          <line num="24" count="1" type="stmt"/>
          <line num="31" count="1" type="stmt"/>
          <line num="40" count="1" type="stmt"/>
          <line num="46" count="1" type="stmt"/>
          <line num="48" count="1" type="stmt"/>
          <line num="51" count="676" type="cond" truecount="1" falsecount="1"/>
          <line num="52" count="676" type="stmt"/>
          <line num="54" count="0" type="stmt"/>
          <line num="57" count="676" type="stmt"/>
        </file>
        <file name="Layout.stories.jsx" path="/Users/riceyip/gss/vital-ui-kit-react/packages/web/stories/examples/Layout.stories.jsx">
          <metrics statements="2" coveredstatements="2" conditionals="0" coveredconditionals="0" methods="1" coveredmethods="1"/>
          <line num="21" count="1" type="stmt"/>
          <line num="24" count="1" type="stmt"/>
        </file>
        <file name="List.stories.jsx" path="/Users/riceyip/gss/vital-ui-kit-react/packages/web/stories/examples/List.stories.jsx">
          <metrics statements="4" coveredstatements="4" conditionals="0" coveredconditionals="0" methods="2" coveredmethods="2"/>
          <line num="21" count="1" type="stmt"/>
          <line num="25" count="1" type="stmt"/>
          <line num="31" count="1" type="stmt"/>
          <line num="73" count="1" type="stmt"/>
        </file>
        <file name="Menu.stories.jsx" path="/Users/riceyip/gss/vital-ui-kit-react/packages/web/stories/examples/Menu.stories.jsx">
          <metrics statements="3" coveredstatements="3" conditionals="0" coveredconditionals="0" methods="1" coveredmethods="1"/>
          <line num="21" count="1" type="stmt"/>
          <line num="25" count="1" type="stmt"/>
          <line num="31" count="1" type="stmt"/>
        </file>
        <file name="Modal.stories.jsx" path="/Users/riceyip/gss/vital-ui-kit-react/packages/web/stories/examples/Modal.stories.jsx">
          <metrics statements="7" coveredstatements="4" conditionals="0" coveredconditionals="0" methods="5" coveredmethods="2"/>
          <line num="21" count="1" type="stmt"/>
          <line num="32" count="1" type="stmt"/>
          <line num="37" count="1" type="stmt"/>
          <line num="45" count="1" type="stmt"/>
          <line num="49" count="0" type="stmt"/>
          <line num="59" count="0" type="stmt"/>
          <line num="65" count="0" type="stmt"/>
        </file>
        <file name="Pagination.stories.jsx" path="/Users/riceyip/gss/vital-ui-kit-react/packages/web/stories/examples/Pagination.stories.jsx">
          <metrics statements="3" coveredstatements="3" conditionals="0" coveredconditionals="0" methods="1" coveredmethods="1"/>
          <line num="21" count="1" type="stmt"/>
          <line num="32" count="1" type="stmt"/>
          <line num="38" count="1" type="stmt"/>
        </file>
        <file name="Pill.stories.jsx" path="/Users/riceyip/gss/vital-ui-kit-react/packages/web/stories/examples/Pill.stories.jsx">
          <metrics statements="2" coveredstatements="2" conditionals="0" coveredconditionals="0" methods="1" coveredmethods="1"/>
          <line num="20" count="1" type="stmt"/>
          <line num="26" count="1" type="stmt"/>
        </file>
        <file name="ProgressBar.stories.jsx" path="/Users/riceyip/gss/vital-ui-kit-react/packages/web/stories/examples/ProgressBar.stories.jsx">
          <metrics statements="2" coveredstatements="2" conditionals="0" coveredconditionals="0" methods="1" coveredmethods="1"/>
          <line num="20" count="1" type="stmt"/>
          <line num="26" count="1" type="stmt"/>
        </file>
        <file name="Radio.stories.jsx" path="/Users/riceyip/gss/vital-ui-kit-react/packages/web/stories/examples/Radio.stories.jsx">
          <metrics statements="4" coveredstatements="4" conditionals="0" coveredconditionals="0" methods="2" coveredmethods="2"/>
          <line num="20" count="1" type="stmt"/>
          <line num="32" count="1" type="stmt"/>
          <line num="37" count="1" type="stmt"/>
          <line num="44" count="1" type="stmt"/>
        </file>
        <file name="Slider.stories.jsx" path="/Users/riceyip/gss/vital-ui-kit-react/packages/web/stories/examples/Slider.stories.jsx">
          <metrics statements="4" coveredstatements="4" conditionals="0" coveredconditionals="0" methods="2" coveredmethods="2"/>
          <line num="21" count="1" type="stmt"/>
          <line num="32" count="1" type="stmt"/>
          <line num="38" count="1" type="stmt"/>
          <line num="62" count="1" type="stmt"/>
        </file>
        <file name="Switch.stories.jsx" path="/Users/riceyip/gss/vital-ui-kit-react/packages/web/stories/examples/Switch.stories.jsx">
          <metrics statements="4" coveredstatements="4" conditionals="0" coveredconditionals="0" methods="3" coveredmethods="3"/>
          <line num="20" count="1" type="stmt"/>
          <line num="26" count="1" type="stmt"/>
          <line num="37" count="1" type="stmt"/>
          <line num="49" count="1" type="stmt"/>
        </file>
        <file name="Table.stories.jsx" path="/Users/riceyip/gss/vital-ui-kit-react/packages/web/stories/examples/Table.stories.jsx">
          <metrics statements="6" coveredstatements="5" conditionals="0" coveredconditionals="0" methods="4" coveredmethods="3"/>
          <line num="28" count="1" type="stmt"/>
          <line num="49" count="1" type="stmt"/>
          <line num="55" count="1" type="stmt"/>
          <line num="67" count="2" type="stmt"/>
          <line num="76" count="1" type="stmt"/>
          <line num="78" count="0" type="stmt"/>
        </file>
        <file name="Tabs.stories.jsx" path="/Users/riceyip/gss/vital-ui-kit-react/packages/web/stories/examples/Tabs.stories.jsx">
          <metrics statements="2" coveredstatements="2" conditionals="0" coveredconditionals="0" methods="1" coveredmethods="1"/>
          <line num="21" count="1" type="stmt"/>
          <line num="27" count="1" type="stmt"/>
        </file>
      </package>
      <package name="stories.utils">
        <metrics statements="4" coveredstatements="4" conditionals="0" coveredconditionals="0" methods="1" coveredmethods="1"/>
        <file name="space.md" path="/Users/riceyip/gss/vital-ui-kit-react/packages/web/stories/utils/space.md">
          <metrics statements="1" coveredstatements="1" conditionals="0" coveredconditionals="0" methods="0" coveredmethods="0"/>
          <line num="1" count="1" type="stmt"/>
        </file>
        <file name="space.stories.jsx" path="/Users/riceyip/gss/vital-ui-kit-react/packages/web/stories/utils/space.stories.jsx">
          <metrics statements="3" coveredstatements="3" conditionals="0" coveredconditionals="0" methods="1" coveredmethods="1"/>
          <line num="22" count="1" type="stmt"/>
          <line num="26" count="1" type="stmt"/>
          <line num="31" count="1" type="stmt"/>
        </file>
      </package>
    </metrics>
  </project>
</coverage>
