{"/Users/riceyip/gss/vital-ui-kit-react/packages/web/src/index.js": {"path":"/Users/riceyip/gss/vital-ui-kit-react/packages/web/src/index.js","statementMap":{},"fnMap":{},"branchMap":{},"s":{},"f":{},"b":{},"_coverageSchema":"332fd63041d2c1bcb487cc26dd0d5f7d97098a6c","hash":"d29af764a414f1f25fa815694e967012348529e9"}
,"/Users/riceyip/gss/vital-ui-kit-react/packages/web/src/Avatar/Avatar.jsx": {"path":"/Users/riceyip/gss/vital-ui-kit-react/packages/web/src/Avatar/Avatar.jsx","statementMap":{"0":{"start":{"line":19,"column":13},"end":{"line":22,"column":1}},"1":{"start":{"line":24,"column":14},"end":{"line":31,"column":1}},"2":{"start":{"line":25,"column":25},"end":{"line":25,"column":47}},"3":{"start":{"line":26,"column":26},"end":{"line":26,"column":48}},"4":{"start":{"line":28,"column":4},"end":{"line":28,"column":50}},"5":{"start":{"line":29,"column":37},"end":{"line":29,"column":50}},"6":{"start":{"line":61,"column":15},"end":{"line":120,"column":1}},"7":{"start":{"line":73,"column":22},"end":{"line":86,"column":3}},"8":{"start":{"line":74,"column":4},"end":{"line":76,"column":5}},"9":{"start":{"line":75,"column":6},"end":{"line":75,"column":18}},"10":{"start":{"line":78,"column":4},"end":{"line":85,"column":6}},"11":{"start":{"line":88,"column":30},"end":{"line":106,"column":3}},"12":{"start":{"line":89,"column":4},"end":{"line":91,"column":5}},"13":{"start":{"line":90,"column":6},"end":{"line":90,"column":17}},"14":{"start":{"line":92,"column":4},"end":{"line":96,"column":5}},"15":{"start":{"line":93,"column":6},"end":{"line":93,"column":57}},"16":{"start":{"line":93,"column":31},"end":{"line":93,"column":57}},"17":{"start":{"line":94,"column":6},"end":{"line":94,"column":55}},"18":{"start":{"line":94,"column":29},"end":{"line":94,"column":55}},"19":{"start":{"line":95,"column":6},"end":{"line":95,"column":36}},"20":{"start":{"line":97,"column":4},"end":{"line":101,"column":5}},"21":{"start":{"line":98,"column":6},"end":{"line":98,"column":55}},"22":{"start":{"line":98,"column":31},"end":{"line":98,"column":55}},"23":{"start":{"line":99,"column":6},"end":{"line":99,"column":53}},"24":{"start":{"line":99,"column":29},"end":{"line":99,"column":53}},"25":{"start":{"line":100,"column":6},"end":{"line":100,"column":28}},"26":{"start":{"line":102,"column":4},"end":{"line":104,"column":5}},"27":{"start":{"line":103,"column":6},"end":{"line":103,"column":36}},"28":{"start":{"line":105,"column":4},"end":{"line":105,"column":26}},"29":{"start":{"line":108,"column":2},"end":{"line":119,"column":4}},"30":{"start":{"line":122,"column":0},"end":{"line":132,"column":2}}},"fnMap":{"0":{"name":"(anonymous_0)","decl":{"start":{"line":25,"column":11},"end":{"line":25,"column":12}},"loc":{"start":{"line":25,"column":25},"end":{"line":25,"column":47}},"line":25},"1":{"name":"(anonymous_1)","decl":{"start":{"line":26,"column":12},"end":{"line":26,"column":13}},"loc":{"start":{"line":26,"column":26},"end":{"line":26,"column":48}},"line":26},"2":{"name":"(anonymous_2)","decl":{"start":{"line":27,"column":19},"end":{"line":27,"column":20}},"loc":{"start":{"line":28,"column":4},"end":{"line":28,"column":50}},"line":28},"3":{"name":"(anonymous_3)","decl":{"start":{"line":29,"column":22},"end":{"line":29,"column":23}},"loc":{"start":{"line":29,"column":37},"end":{"line":29,"column":50}},"line":29},"4":{"name":"(anonymous_4)","decl":{"start":{"line":61,"column":15},"end":{"line":61,"column":16}},"loc":{"start":{"line":72,"column":13},"end":{"line":120,"column":1}},"line":72},"5":{"name":"(anonymous_5)","decl":{"start":{"line":73,"column":22},"end":{"line":73,"column":23}},"loc":{"start":{"line":73,"column":35},"end":{"line":86,"column":3}},"line":73},"6":{"name":"(anonymous_6)","decl":{"start":{"line":88,"column":30},"end":{"line":88,"column":31}},"loc":{"start":{"line":88,"column":44},"end":{"line":106,"column":3}},"line":88}},"branchMap":{"0":{"loc":{"start":{"line":28,"column":4},"end":{"line":28,"column":50}},"type":"cond-expr","locations":[{"start":{"line":28,"column":12},"end":{"line":28,"column":17}},{"start":{"line":28,"column":20},"end":{"line":28,"column":50}}],"line":28},"1":{"loc":{"start":{"line":74,"column":4},"end":{"line":76,"column":5}},"type":"if","locations":[{"start":{"line":74,"column":4},"end":{"line":76,"column":5}},{"start":{"line":74,"column":4},"end":{"line":76,"column":5}}],"line":74},"2":{"loc":{"start":{"line":89,"column":4},"end":{"line":91,"column":5}},"type":"if","locations":[{"start":{"line":89,"column":4},"end":{"line":91,"column":5}},{"start":{"line":89,"column":4},"end":{"line":91,"column":5}}],"line":89},"3":{"loc":{"start":{"line":92,"column":4},"end":{"line":96,"column":5}},"type":"if","locations":[{"start":{"line":92,"column":4},"end":{"line":96,"column":5}},{"start":{"line":92,"column":4},"end":{"line":96,"column":5}}],"line":92},"4":{"loc":{"start":{"line":92,"column":8},"end":{"line":92,"column":25}},"type":"binary-expr","locations":[{"start":{"line":92,"column":8},"end":{"line":92,"column":15}},{"start":{"line":92,"column":19},"end":{"line":92,"column":25}}],"line":92},"5":{"loc":{"start":{"line":93,"column":6},"end":{"line":93,"column":57}},"type":"if","locations":[{"start":{"line":93,"column":6},"end":{"line":93,"column":57}},{"start":{"line":93,"column":6},"end":{"line":93,"column":57}}],"line":93},"6":{"loc":{"start":{"line":94,"column":6},"end":{"line":94,"column":55}},"type":"if","locations":[{"start":{"line":94,"column":6},"end":{"line":94,"column":55}},{"start":{"line":94,"column":6},"end":{"line":94,"column":55}}],"line":94},"7":{"loc":{"start":{"line":97,"column":4},"end":{"line":101,"column":5}},"type":"if","locations":[{"start":{"line":97,"column":4},"end":{"line":101,"column":5}},{"start":{"line":97,"column":4},"end":{"line":101,"column":5}}],"line":97},"8":{"loc":{"start":{"line":97,"column":8},"end":{"line":97,"column":26}},"type":"binary-expr","locations":[{"start":{"line":97,"column":8},"end":{"line":97,"column":16}},{"start":{"line":97,"column":20},"end":{"line":97,"column":26}}],"line":97},"9":{"loc":{"start":{"line":98,"column":6},"end":{"line":98,"column":55}},"type":"if","locations":[{"start":{"line":98,"column":6},"end":{"line":98,"column":55}},{"start":{"line":98,"column":6},"end":{"line":98,"column":55}}],"line":98},"10":{"loc":{"start":{"line":99,"column":6},"end":{"line":99,"column":53}},"type":"if","locations":[{"start":{"line":99,"column":6},"end":{"line":99,"column":53}},{"start":{"line":99,"column":6},"end":{"line":99,"column":53}}],"line":99},"11":{"loc":{"start":{"line":102,"column":4},"end":{"line":104,"column":5}},"type":"if","locations":[{"start":{"line":102,"column":4},"end":{"line":104,"column":5}},{"start":{"line":102,"column":4},"end":{"line":104,"column":5}}],"line":102},"12":{"loc":{"start":{"line":102,"column":8},"end":{"line":102,"column":26}},"type":"binary-expr","locations":[{"start":{"line":102,"column":8},"end":{"line":102,"column":15}},{"start":{"line":102,"column":19},"end":{"line":102,"column":26}}],"line":102}},"s":{"0":1,"1":1,"2":6,"3":6,"4":6,"5":6,"6":1,"7":6,"8":6,"9":3,"10":3,"11":6,"12":6,"13":0,"14":6,"15":1,"16":0,"17":1,"18":1,"19":0,"20":5,"21":4,"22":2,"23":2,"24":1,"25":1,"26":1,"27":1,"28":0,"29":6,"30":1},"f":{"0":6,"1":6,"2":6,"3":6,"4":6,"5":6,"6":6},"b":{"0":[5,1],"1":[3,3],"2":[0,6],"3":[1,5],"4":[6,2],"5":[0,1],"6":[1,0],"7":[4,1],"8":[5,4],"9":[2,2],"10":[1,1],"11":[1,0],"12":[1,1]},"_coverageSchema":"332fd63041d2c1bcb487cc26dd0d5f7d97098a6c","hash":"4dfca38b4437c81eea26966ecd30d7f53613d15e"}
,"/Users/riceyip/gss/vital-ui-kit-react/packages/web/src/Avatar/AvatarBadge.jsx": {"path":"/Users/riceyip/gss/vital-ui-kit-react/packages/web/src/Avatar/AvatarBadge.jsx","statementMap":{"0":{"start":{"line":9,"column":28},"end":{"line":43,"column":1}},"1":{"start":{"line":10,"column":2},"end":{"line":19,"column":3}},"2":{"start":{"line":11,"column":4},"end":{"line":18,"column":6}},"3":{"start":{"line":21,"column":2},"end":{"line":42,"column":4}},"4":{"start":{"line":45,"column":13},"end":{"line":53,"column":1}},"5":{"start":{"line":47,"column":37},"end":{"line":47,"column":57}},"6":{"start":{"line":48,"column":26},"end":{"line":48,"column":37}},"7":{"start":{"line":50,"column":26},"end":{"line":50,"column":49}},"8":{"start":{"line":51,"column":31},"end":{"line":51,"column":54}},"9":{"start":{"line":52,"column":13},"end":{"line":52,"column":39}},"10":{"start":{"line":62,"column":20},"end":{"line":66,"column":1}},"11":{"start":{"line":63,"column":2},"end":{"line":65,"column":9}},"12":{"start":{"line":68,"column":0},"end":{"line":72,"column":2}}},"fnMap":{"0":{"name":"(anonymous_0)","decl":{"start":{"line":9,"column":28},"end":{"line":9,"column":29}},"loc":{"start":{"line":9,"column":56},"end":{"line":43,"column":1}},"line":9},"1":{"name":"(anonymous_1)","decl":{"start":{"line":47,"column":22},"end":{"line":47,"column":23}},"loc":{"start":{"line":47,"column":37},"end":{"line":47,"column":57}},"line":47},"2":{"name":"(anonymous_2)","decl":{"start":{"line":48,"column":11},"end":{"line":48,"column":12}},"loc":{"start":{"line":48,"column":26},"end":{"line":48,"column":37}},"line":48},"3":{"name":"(anonymous_3)","decl":{"start":{"line":50,"column":12},"end":{"line":50,"column":13}},"loc":{"start":{"line":50,"column":26},"end":{"line":50,"column":49}},"line":50},"4":{"name":"(anonymous_4)","decl":{"start":{"line":51,"column":17},"end":{"line":51,"column":18}},"loc":{"start":{"line":51,"column":31},"end":{"line":51,"column":54}},"line":51},"5":{"name":"(anonymous_5)","decl":{"start":{"line":52,"column":4},"end":{"line":52,"column":5}},"loc":{"start":{"line":52,"column":13},"end":{"line":52,"column":39}},"line":52},"6":{"name":"(anonymous_6)","decl":{"start":{"line":62,"column":20},"end":{"line":62,"column":21}},"loc":{"start":{"line":63,"column":2},"end":{"line":65,"column":9}},"line":63}},"branchMap":{"0":{"loc":{"start":{"line":10,"column":2},"end":{"line":19,"column":3}},"type":"if","locations":[{"start":{"line":10,"column":2},"end":{"line":19,"column":3}},{"start":{"line":10,"column":2},"end":{"line":19,"column":3}}],"line":10},"1":{"loc":{"start":{"line":15,"column":14},"end":{"line":15,"column":36}},"type":"cond-expr","locations":[{"start":{"line":15,"column":22},"end":{"line":15,"column":27}},{"start":{"line":15,"column":30},"end":{"line":15,"column":36}}],"line":15},"2":{"loc":{"start":{"line":16,"column":15},"end":{"line":16,"column":38}},"type":"cond-expr","locations":[{"start":{"line":16,"column":23},"end":{"line":16,"column":29}},{"start":{"line":16,"column":32},"end":{"line":16,"column":38}}],"line":16},"3":{"loc":{"start":{"line":17,"column":13},"end":{"line":17,"column":64}},"type":"cond-expr","locations":[{"start":{"line":17,"column":21},"end":{"line":17,"column":22}},{"start":{"line":17,"column":25},"end":{"line":17,"column":64}}],"line":17},"4":{"loc":{"start":{"line":28,"column":11},"end":{"line":28,"column":62}},"type":"cond-expr","locations":[{"start":{"line":28,"column":19},"end":{"line":28,"column":20}},{"start":{"line":28,"column":23},"end":{"line":28,"column":62}}],"line":28},"5":{"loc":{"start":{"line":29,"column":12},"end":{"line":29,"column":34}},"type":"cond-expr","locations":[{"start":{"line":29,"column":20},"end":{"line":29,"column":25}},{"start":{"line":29,"column":28},"end":{"line":29,"column":34}}],"line":29},"6":{"loc":{"start":{"line":30,"column":13},"end":{"line":30,"column":58}},"type":"cond-expr","locations":[{"start":{"line":30,"column":21},"end":{"line":30,"column":27}},{"start":{"line":30,"column":30},"end":{"line":30,"column":58}}],"line":30},"7":{"loc":{"start":{"line":37,"column":20},"end":{"line":37,"column":50}},"type":"cond-expr","locations":[{"start":{"line":37,"column":28},"end":{"line":37,"column":34}},{"start":{"line":37,"column":37},"end":{"line":37,"column":50}}],"line":37},"8":{"loc":{"start":{"line":64,"column":5},"end":{"line":64,"column":45}},"type":"cond-expr","locations":[{"start":{"line":64,"column":25},"end":{"line":64,"column":38}},{"start":{"line":64,"column":41},"end":{"line":64,"column":45}}],"line":64}},"s":{"0":1,"1":3,"2":1,"3":2,"4":1,"5":3,"6":3,"7":3,"8":3,"9":3,"10":1,"11":3,"12":1},"f":{"0":3,"1":3,"2":3,"3":3,"4":3,"5":3,"6":3},"b":{"0":[1,2],"1":[1,0],"2":[1,0],"3":[1,0],"4":[1,1],"5":[1,1],"6":[1,1],"7":[2,0],"8":[1,2]},"_coverageSchema":"332fd63041d2c1bcb487cc26dd0d5f7d97098a6c","hash":"afbea8170c067a8bd73fb18f0980e2247c09c826"}
,"/Users/riceyip/gss/vital-ui-kit-react/packages/web/src/Avatar/constants.js": {"path":"/Users/riceyip/gss/vital-ui-kit-react/packages/web/src/Avatar/constants.js","statementMap":{"0":{"start":{"line":1,"column":27},"end":{"line":22,"column":1}},"1":{"start":{"line":24,"column":26},"end":{"line":40,"column":1}}},"fnMap":{},"branchMap":{},"s":{"0":1,"1":1},"f":{},"b":{},"_coverageSchema":"332fd63041d2c1bcb487cc26dd0d5f7d97098a6c","hash":"4a2a21ff4957cdddc82207c772265a390bfd76db"}
,"/Users/riceyip/gss/vital-ui-kit-react/packages/web/src/Avatar/index.js": {"path":"/Users/riceyip/gss/vital-ui-kit-react/packages/web/src/Avatar/index.js","statementMap":{},"fnMap":{},"branchMap":{},"s":{},"f":{},"b":{},"_coverageSchema":"332fd63041d2c1bcb487cc26dd0d5f7d97098a6c","hash":"724d0fbea8055ae1497fe6e5b1e8ee8273cf294a"}
,"/Users/riceyip/gss/vital-ui-kit-react/packages/web/src/Badge/Badge.jsx": {"path":"/Users/riceyip/gss/vital-ui-kit-react/packages/web/src/Badge/Badge.jsx","statementMap":{"0":{"start":{"line":12,"column":21},"end":{"line":17,"column":1}},"1":{"start":{"line":12,"column":45},"end":{"line":17,"column":1}},"2":{"start":{"line":19,"column":13},"end":{"line":27,"column":1}},"3":{"start":{"line":46,"column":14},"end":{"line":50,"column":1}},"4":{"start":{"line":47,"column":2},"end":{"line":49,"column":9}},"5":{"start":{"line":52,"column":0},"end":{"line":55,"column":2}}},"fnMap":{"0":{"name":"(anonymous_0)","decl":{"start":{"line":12,"column":21},"end":{"line":12,"column":22}},"loc":{"start":{"line":12,"column":45},"end":{"line":17,"column":1}},"line":12},"1":{"name":"(anonymous_1)","decl":{"start":{"line":46,"column":14},"end":{"line":46,"column":15}},"loc":{"start":{"line":47,"column":2},"end":{"line":49,"column":9}},"line":47}},"branchMap":{"0":{"loc":{"start":{"line":14,"column":4},"end":{"line":14,"column":52}},"type":"cond-expr","locations":[{"start":{"line":14,"column":14},"end":{"line":14,"column":35}},{"start":{"line":14,"column":38},"end":{"line":14,"column":52}}],"line":14},"1":{"loc":{"start":{"line":16,"column":11},"end":{"line":16,"column":65}},"type":"cond-expr","locations":[{"start":{"line":16,"column":21},"end":{"line":16,"column":45}},{"start":{"line":16,"column":48},"end":{"line":16,"column":65}}],"line":16},"2":{"loc":{"start":{"line":48,"column":5},"end":{"line":48,"column":34}},"type":"cond-expr","locations":[{"start":{"line":48,"column":13},"end":{"line":48,"column":26}},{"start":{"line":48,"column":29},"end":{"line":48,"column":34}}],"line":48}},"s":{"0":1,"1":10,"2":1,"3":1,"4":10,"5":1},"f":{"0":10,"1":10},"b":{"0":[1,9],"1":[1,9],"2":[10,0]},"_coverageSchema":"332fd63041d2c1bcb487cc26dd0d5f7d97098a6c","hash":"094e9b5829c3a0961b47e97ad6522291ca7e2107"}
,"/Users/riceyip/gss/vital-ui-kit-react/packages/web/src/Badge/index.js": {"path":"/Users/riceyip/gss/vital-ui-kit-react/packages/web/src/Badge/index.js","statementMap":{},"fnMap":{},"branchMap":{},"s":{},"f":{},"b":{},"_coverageSchema":"332fd63041d2c1bcb487cc26dd0d5f7d97098a6c","hash":"67b976eae262c694027ef8b242d8ad3c0ef7ddc3"}
,"/Users/riceyip/gss/vital-ui-kit-react/packages/web/src/Box/Box.jsx": {"path":"/Users/riceyip/gss/vital-ui-kit-react/packages/web/src/Box/Box.jsx","statementMap":{"0":{"start":{"line":7,"column":18},"end":{"line":9,"column":1}},"1":{"start":{"line":17,"column":12},"end":{"line":21,"column":1}},"2":{"start":{"line":18,"column":2},"end":{"line":20,"column":14}},"3":{"start":{"line":23,"column":0},"end":{"line":25,"column":2}}},"fnMap":{"0":{"name":"(anonymous_0)","decl":{"start":{"line":17,"column":12},"end":{"line":17,"column":13}},"loc":{"start":{"line":18,"column":2},"end":{"line":20,"column":14}},"line":18}},"branchMap":{},"s":{"0":1,"1":1,"2":4,"3":1},"f":{"0":4},"b":{},"_coverageSchema":"332fd63041d2c1bcb487cc26dd0d5f7d97098a6c","hash":"eb843062144697a3146221c93753c40da7cdb8a6"}
,"/Users/riceyip/gss/vital-ui-kit-react/packages/web/src/Box/index.js": {"path":"/Users/riceyip/gss/vital-ui-kit-react/packages/web/src/Box/index.js","statementMap":{},"fnMap":{},"branchMap":{},"s":{},"f":{},"b":{},"_coverageSchema":"332fd63041d2c1bcb487cc26dd0d5f7d97098a6c","hash":"7e5117ff4a73b2baba20eb6725eb2efd4d1dc222"}
,"/Users/riceyip/gss/vital-ui-kit-react/packages/web/src/Button/Button.jsx": {"path":"/Users/riceyip/gss/vital-ui-kit-react/packages/web/src/Button/Button.jsx","statementMap":{"0":{"start":{"line":86,"column":44},"end":{"line":86,"column":54}},"1":{"start":{"line":87,"column":4},"end":{"line":91,"column":6}}},"fnMap":{"0":{"name":"(anonymous_0)","decl":{"start":{"line":79,"column":13},"end":{"line":79,"column":14}},"loc":{"start":{"line":79,"column":19},"end":{"line":79,"column":21}},"line":79},"1":{"name":"(anonymous_1)","decl":{"start":{"line":85,"column":2},"end":{"line":85,"column":3}},"loc":{"start":{"line":85,"column":11},"end":{"line":92,"column":3}},"line":85}},"branchMap":{},"s":{"0":73,"1":73},"f":{"0":0,"1":73},"b":{},"_coverageSchema":"332fd63041d2c1bcb487cc26dd0d5f7d97098a6c","hash":"5ae146cc299c2f83051d4af65b1357ec70b68399"}
,"/Users/riceyip/gss/vital-ui-kit-react/packages/web/src/Button/ButtonGroup.jsx": {"path":"/Users/riceyip/gss/vital-ui-kit-react/packages/web/src/Button/ButtonGroup.jsx","statementMap":{"0":{"start":{"line":10,"column":13},"end":{"line":19,"column":1}},"1":{"start":{"line":13,"column":6},"end":{"line":13,"column":37}},"2":{"start":{"line":29,"column":20},"end":{"line":37,"column":1}},"3":{"start":{"line":34,"column":2},"end":{"line":36,"column":9}},"4":{"start":{"line":39,"column":0},"end":{"line":42,"column":2}}},"fnMap":{"0":{"name":"(anonymous_0)","decl":{"start":{"line":12,"column":20},"end":{"line":12,"column":21}},"loc":{"start":{"line":13,"column":6},"end":{"line":13,"column":37}},"line":13},"1":{"name":"(anonymous_1)","decl":{"start":{"line":29,"column":20},"end":{"line":29,"column":21}},"loc":{"start":{"line":34,"column":2},"end":{"line":36,"column":9}},"line":34}},"branchMap":{"0":{"loc":{"start":{"line":13,"column":6},"end":{"line":13,"column":37}},"type":"cond-expr","locations":[{"start":{"line":13,"column":17},"end":{"line":13,"column":18}},{"start":{"line":13,"column":21},"end":{"line":13,"column":37}}],"line":13}},"s":{"0":1,"1":10,"2":1,"3":10,"4":1},"f":{"0":10,"1":10},"b":{"0":[0,10]},"_coverageSchema":"332fd63041d2c1bcb487cc26dd0d5f7d97098a6c","hash":"06165ac2462e77d772bf97a6645d664123568b8a"}
,"/Users/riceyip/gss/vital-ui-kit-react/packages/web/src/Button/constant.js": {"path":"/Users/riceyip/gss/vital-ui-kit-react/packages/web/src/Button/constant.js","statementMap":{"0":{"start":{"line":1,"column":20},"end":{"line":32,"column":1}},"1":{"start":{"line":34,"column":27},"end":{"line":41,"column":2}},"2":{"start":{"line":34,"column":38},"end":{"line":41,"column":1}}},"fnMap":{"0":{"name":"(anonymous_0)","decl":{"start":{"line":34,"column":27},"end":{"line":34,"column":28}},"loc":{"start":{"line":34,"column":38},"end":{"line":41,"column":1}},"line":34}},"branchMap":{},"s":{"0":1,"1":1,"2":172},"f":{"0":172},"b":{},"_coverageSchema":"332fd63041d2c1bcb487cc26dd0d5f7d97098a6c","hash":"998793311e2dac6bce0ae11ba09530e29d72db10"}
,"/Users/riceyip/gss/vital-ui-kit-react/packages/web/src/Button/index.js": {"path":"/Users/riceyip/gss/vital-ui-kit-react/packages/web/src/Button/index.js","statementMap":{},"fnMap":{},"branchMap":{},"s":{},"f":{},"b":{},"_coverageSchema":"332fd63041d2c1bcb487cc26dd0d5f7d97098a6c","hash":"4baf5191b1a0db9d0124f605d1d9464be3b0c351"}
,"/Users/riceyip/gss/vital-ui-kit-react/packages/web/src/Button/styled.js": {"path":"/Users/riceyip/gss/vital-ui-kit-react/packages/web/src/Button/styled.js","statementMap":{"0":{"start":{"line":6,"column":22},"end":{"line":145,"column":1}},"1":{"start":{"line":8,"column":31},"end":{"line":8,"column":54}},"2":{"start":{"line":9,"column":34},"end":{"line":9,"column":60}},"3":{"start":{"line":13,"column":33},"end":{"line":13,"column":50}},"4":{"start":{"line":14,"column":29},"end":{"line":14,"column":48}},"5":{"start":{"line":15,"column":33},"end":{"line":15,"column":56}},"6":{"start":{"line":16,"column":27},"end":{"line":16,"column":45}},"7":{"start":{"line":21,"column":27},"end":{"line":21,"column":45}},"8":{"start":{"line":28,"column":33},"end":{"line":28,"column":61}},"9":{"start":{"line":32,"column":33},"end":{"line":32,"column":62}},"10":{"start":{"line":36,"column":4},"end":{"line":49,"column":5}},"11":{"start":{"line":52,"column":4},"end":{"line":80,"column":5}},"12":{"start":{"line":83,"column":4},"end":{"line":91,"column":5}},"13":{"start":{"line":94,"column":4},"end":{"line":104,"column":5}},"14":{"start":{"line":107,"column":5},"end":{"line":115,"column":6}},"15":{"start":{"line":118,"column":5},"end":{"line":123,"column":6}},"16":{"start":{"line":126,"column":5},"end":{"line":136,"column":6}},"17":{"start":{"line":139,"column":28},"end":{"line":139,"column":55}},"18":{"start":{"line":140,"column":35},"end":{"line":140,"column":68}},"19":{"start":{"line":141,"column":39},"end":{"line":141,"column":63}}},"fnMap":{"0":{"name":"(anonymous_0)","decl":{"start":{"line":8,"column":16},"end":{"line":8,"column":17}},"loc":{"start":{"line":8,"column":31},"end":{"line":8,"column":54}},"line":8},"1":{"name":"(anonymous_1)","decl":{"start":{"line":9,"column":11},"end":{"line":9,"column":12}},"loc":{"start":{"line":9,"column":34},"end":{"line":9,"column":60}},"line":9},"2":{"name":"(anonymous_2)","decl":{"start":{"line":13,"column":18},"end":{"line":13,"column":19}},"loc":{"start":{"line":13,"column":33},"end":{"line":13,"column":50}},"line":13},"3":{"name":"(anonymous_3)","decl":{"start":{"line":14,"column":15},"end":{"line":14,"column":16}},"loc":{"start":{"line":14,"column":29},"end":{"line":14,"column":48}},"line":14},"4":{"name":"(anonymous_4)","decl":{"start":{"line":15,"column":19},"end":{"line":15,"column":20}},"loc":{"start":{"line":15,"column":33},"end":{"line":15,"column":56}},"line":15},"5":{"name":"(anonymous_5)","decl":{"start":{"line":16,"column":13},"end":{"line":16,"column":14}},"loc":{"start":{"line":16,"column":27},"end":{"line":16,"column":45}},"line":16},"6":{"name":"(anonymous_6)","decl":{"start":{"line":21,"column":13},"end":{"line":21,"column":14}},"loc":{"start":{"line":21,"column":27},"end":{"line":21,"column":45}},"line":21},"7":{"name":"(anonymous_7)","decl":{"start":{"line":28,"column":18},"end":{"line":28,"column":19}},"loc":{"start":{"line":28,"column":33},"end":{"line":28,"column":61}},"line":28},"8":{"name":"(anonymous_8)","decl":{"start":{"line":32,"column":18},"end":{"line":32,"column":19}},"loc":{"start":{"line":32,"column":33},"end":{"line":32,"column":62}},"line":32},"9":{"name":"(anonymous_9)","decl":{"start":{"line":35,"column":4},"end":{"line":35,"column":5}},"loc":{"start":{"line":36,"column":4},"end":{"line":49,"column":5}},"line":36},"10":{"name":"(anonymous_10)","decl":{"start":{"line":51,"column":4},"end":{"line":51,"column":5}},"loc":{"start":{"line":52,"column":4},"end":{"line":80,"column":5}},"line":52},"11":{"name":"(anonymous_11)","decl":{"start":{"line":82,"column":4},"end":{"line":82,"column":5}},"loc":{"start":{"line":83,"column":4},"end":{"line":91,"column":5}},"line":83},"12":{"name":"(anonymous_12)","decl":{"start":{"line":93,"column":4},"end":{"line":93,"column":5}},"loc":{"start":{"line":94,"column":4},"end":{"line":104,"column":5}},"line":94},"13":{"name":"(anonymous_13)","decl":{"start":{"line":106,"column":5},"end":{"line":106,"column":6}},"loc":{"start":{"line":107,"column":5},"end":{"line":115,"column":6}},"line":107},"14":{"name":"(anonymous_14)","decl":{"start":{"line":117,"column":5},"end":{"line":117,"column":6}},"loc":{"start":{"line":118,"column":5},"end":{"line":123,"column":6}},"line":118},"15":{"name":"(anonymous_15)","decl":{"start":{"line":125,"column":5},"end":{"line":125,"column":6}},"loc":{"start":{"line":126,"column":5},"end":{"line":136,"column":6}},"line":126},"16":{"name":"(anonymous_16)","decl":{"start":{"line":139,"column":13},"end":{"line":139,"column":14}},"loc":{"start":{"line":139,"column":28},"end":{"line":139,"column":55}},"line":139},"17":{"name":"(anonymous_17)","decl":{"start":{"line":140,"column":20},"end":{"line":140,"column":21}},"loc":{"start":{"line":140,"column":35},"end":{"line":140,"column":68}},"line":140},"18":{"name":"(anonymous_18)","decl":{"start":{"line":141,"column":24},"end":{"line":141,"column":25}},"loc":{"start":{"line":141,"column":39},"end":{"line":141,"column":63}},"line":141}},"branchMap":{"0":{"loc":{"start":{"line":36,"column":4},"end":{"line":49,"column":5}},"type":"binary-expr","locations":[{"start":{"line":36,"column":4},"end":{"line":36,"column":10}},{"start":{"line":37,"column":4},"end":{"line":49,"column":5}}],"line":36},"1":{"loc":{"start":{"line":38,"column":20},"end":{"line":40,"column":23}},"type":"cond-expr","locations":[{"start":{"line":39,"column":10},"end":{"line":39,"column":32}},{"start":{"line":40,"column":10},"end":{"line":40,"column":23}}],"line":38},"2":{"loc":{"start":{"line":41,"column":15},"end":{"line":43,"column":36}},"type":"cond-expr","locations":[{"start":{"line":42,"column":10},"end":{"line":42,"column":35}},{"start":{"line":43,"column":10},"end":{"line":43,"column":36}}],"line":41},"3":{"loc":{"start":{"line":52,"column":4},"end":{"line":80,"column":5}},"type":"binary-expr","locations":[{"start":{"line":52,"column":4},"end":{"line":52,"column":8}},{"start":{"line":53,"column":4},"end":{"line":80,"column":5}}],"line":52},"4":{"loc":{"start":{"line":54,"column":20},"end":{"line":56,"column":36}},"type":"cond-expr","locations":[{"start":{"line":55,"column":10},"end":{"line":55,"column":30}},{"start":{"line":56,"column":10},"end":{"line":56,"column":36}}],"line":54},"5":{"loc":{"start":{"line":57,"column":15},"end":{"line":59,"column":33}},"type":"cond-expr","locations":[{"start":{"line":58,"column":10},"end":{"line":58,"column":36}},{"start":{"line":59,"column":10},"end":{"line":59,"column":33}}],"line":57},"6":{"loc":{"start":{"line":60,"column":22},"end":{"line":62,"column":36}},"type":"cond-expr","locations":[{"start":{"line":61,"column":10},"end":{"line":61,"column":30}},{"start":{"line":62,"column":10},"end":{"line":62,"column":36}}],"line":60},"7":{"loc":{"start":{"line":65,"column":22},"end":{"line":67,"column":52}},"type":"cond-expr","locations":[{"start":{"line":66,"column":12},"end":{"line":66,"column":37}},{"start":{"line":67,"column":12},"end":{"line":67,"column":52}}],"line":65},"8":{"loc":{"start":{"line":68,"column":24},"end":{"line":70,"column":52}},"type":"cond-expr","locations":[{"start":{"line":69,"column":12},"end":{"line":69,"column":29}},{"start":{"line":70,"column":12},"end":{"line":70,"column":52}}],"line":68},"9":{"loc":{"start":{"line":73,"column":22},"end":{"line":75,"column":52}},"type":"cond-expr","locations":[{"start":{"line":74,"column":12},"end":{"line":74,"column":38}},{"start":{"line":75,"column":12},"end":{"line":75,"column":52}}],"line":73},"10":{"loc":{"start":{"line":76,"column":24},"end":{"line":78,"column":52}},"type":"cond-expr","locations":[{"start":{"line":77,"column":12},"end":{"line":77,"column":47}},{"start":{"line":78,"column":12},"end":{"line":78,"column":52}}],"line":76},"11":{"loc":{"start":{"line":83,"column":4},"end":{"line":91,"column":5}},"type":"binary-expr","locations":[{"start":{"line":83,"column":4},"end":{"line":83,"column":9}},{"start":{"line":84,"column":4},"end":{"line":91,"column":5}}],"line":83},"12":{"loc":{"start":{"line":94,"column":4},"end":{"line":104,"column":5}},"type":"binary-expr","locations":[{"start":{"line":94,"column":4},"end":{"line":94,"column":8}},{"start":{"line":95,"column":4},"end":{"line":104,"column":5}}],"line":94},"13":{"loc":{"start":{"line":107,"column":5},"end":{"line":115,"column":6}},"type":"binary-expr","locations":[{"start":{"line":107,"column":5},"end":{"line":107,"column":9}},{"start":{"line":108,"column":5},"end":{"line":108,"column":9}},{"start":{"line":109,"column":5},"end":{"line":115,"column":6}}],"line":107},"14":{"loc":{"start":{"line":118,"column":5},"end":{"line":123,"column":6}},"type":"binary-expr","locations":[{"start":{"line":118,"column":5},"end":{"line":118,"column":14}},{"start":{"line":119,"column":5},"end":{"line":123,"column":6}}],"line":118},"15":{"loc":{"start":{"line":126,"column":5},"end":{"line":136,"column":6}},"type":"binary-expr","locations":[{"start":{"line":126,"column":5},"end":{"line":126,"column":11}},{"start":{"line":127,"column":5},"end":{"line":136,"column":6}}],"line":126}},"s":{"0":1,"1":73,"2":73,"3":73,"4":73,"5":73,"6":73,"7":73,"8":73,"9":73,"10":73,"11":73,"12":73,"13":73,"14":73,"15":73,"16":73,"17":73,"18":73,"19":73},"f":{"0":73,"1":73,"2":73,"3":73,"4":73,"5":73,"6":73,"7":73,"8":73,"9":73,"10":73,"11":73,"12":73,"13":73,"14":73,"15":73,"16":73,"17":73,"18":73},"b":{"0":[73,21],"1":[1,20],"2":[16,5],"3":[73,22],"4":[9,13],"5":[9,13],"6":[9,13],"7":[9,13],"8":[9,13],"9":[9,13],"10":[9,13],"11":[73,7],"12":[73,7],"13":[73,7,2],"14":[73,2],"15":[73,3]},"_coverageSchema":"332fd63041d2c1bcb487cc26dd0d5f7d97098a6c","hash":"2f51413144a7d706102e36fce94b6627fdd66954"}
,"/Users/riceyip/gss/vital-ui-kit-react/packages/web/src/Card/Card.jsx": {"path":"/Users/riceyip/gss/vital-ui-kit-react/packages/web/src/Card/Card.jsx","statementMap":{"0":{"start":{"line":15,"column":13},"end":{"line":30,"column":1}},"1":{"start":{"line":24,"column":37},"end":{"line":24,"column":50}},"2":{"start":{"line":26,"column":4},"end":{"line":26,"column":47}},"3":{"start":{"line":27,"column":26},"end":{"line":27,"column":31}},"4":{"start":{"line":28,"column":27},"end":{"line":28,"column":33}},"5":{"start":{"line":29,"column":27},"end":{"line":29,"column":39}},"6":{"start":{"line":54,"column":13},"end":{"line":64,"column":1}},"7":{"start":{"line":61,"column":2},"end":{"line":63,"column":9}},"8":{"start":{"line":66,"column":0},"end":{"line":70,"column":2}},"9":{"start":{"line":72,"column":0},"end":{"line":72,"column":21}},"10":{"start":{"line":73,"column":0},"end":{"line":73,"column":27}},"11":{"start":{"line":74,"column":0},"end":{"line":74,"column":21}},"12":{"start":{"line":75,"column":0},"end":{"line":75,"column":33}}},"fnMap":{"0":{"name":"(anonymous_0)","decl":{"start":{"line":24,"column":22},"end":{"line":24,"column":23}},"loc":{"start":{"line":24,"column":37},"end":{"line":24,"column":50}},"line":24},"1":{"name":"(anonymous_1)","decl":{"start":{"line":25,"column":16},"end":{"line":25,"column":17}},"loc":{"start":{"line":26,"column":4},"end":{"line":26,"column":47}},"line":26},"2":{"name":"(anonymous_2)","decl":{"start":{"line":27,"column":11},"end":{"line":27,"column":12}},"loc":{"start":{"line":27,"column":26},"end":{"line":27,"column":31}},"line":27},"3":{"name":"(anonymous_3)","decl":{"start":{"line":28,"column":11},"end":{"line":28,"column":12}},"loc":{"start":{"line":28,"column":27},"end":{"line":28,"column":33}},"line":28},"4":{"name":"(anonymous_4)","decl":{"start":{"line":29,"column":12},"end":{"line":29,"column":13}},"loc":{"start":{"line":29,"column":27},"end":{"line":29,"column":39}},"line":29},"5":{"name":"(anonymous_5)","decl":{"start":{"line":54,"column":13},"end":{"line":54,"column":14}},"loc":{"start":{"line":61,"column":2},"end":{"line":63,"column":9}},"line":61}},"branchMap":{"0":{"loc":{"start":{"line":26,"column":4},"end":{"line":26,"column":47}},"type":"cond-expr","locations":[{"start":{"line":26,"column":13},"end":{"line":26,"column":38}},{"start":{"line":26,"column":41},"end":{"line":26,"column":47}}],"line":26}},"s":{"0":1,"1":6,"2":6,"3":6,"4":6,"5":6,"6":1,"7":6,"8":1,"9":1,"10":1,"11":1,"12":1},"f":{"0":6,"1":6,"2":6,"3":6,"4":6,"5":6},"b":{"0":[0,6]},"_coverageSchema":"332fd63041d2c1bcb487cc26dd0d5f7d97098a6c","hash":"d379963dcebe80c32e06686716b914dafe04b154"}
,"/Users/riceyip/gss/vital-ui-kit-react/packages/web/src/Card/Container.jsx": {"path":"/Users/riceyip/gss/vital-ui-kit-react/packages/web/src/Card/Container.jsx","statementMap":{"0":{"start":{"line":5,"column":13},"end":{"line":12,"column":1}},"1":{"start":{"line":9,"column":26},"end":{"line":9,"column":42}},"2":{"start":{"line":19,"column":18},"end":{"line":23,"column":1}},"3":{"start":{"line":20,"column":2},"end":{"line":22,"column":9}}},"fnMap":{"0":{"name":"(anonymous_0)","decl":{"start":{"line":9,"column":11},"end":{"line":9,"column":12}},"loc":{"start":{"line":9,"column":26},"end":{"line":9,"column":42}},"line":9},"1":{"name":"(anonymous_1)","decl":{"start":{"line":19,"column":18},"end":{"line":19,"column":19}},"loc":{"start":{"line":20,"column":2},"end":{"line":22,"column":9}},"line":20}},"branchMap":{},"s":{"0":1,"1":6,"2":1,"3":6},"f":{"0":6,"1":6},"b":{},"_coverageSchema":"332fd63041d2c1bcb487cc26dd0d5f7d97098a6c","hash":"f8be11cca5d81ac13b99cdc2c1944755b9be8957"}
,"/Users/riceyip/gss/vital-ui-kit-react/packages/web/src/Card/Footer.jsx": {"path":"/Users/riceyip/gss/vital-ui-kit-react/packages/web/src/Card/Footer.jsx","statementMap":{"0":{"start":{"line":10,"column":13},"end":{"line":21,"column":1}},"1":{"start":{"line":15,"column":31},"end":{"line":15,"column":43}},"2":{"start":{"line":27,"column":15},"end":{"line":29,"column":1}},"3":{"start":{"line":28,"column":2},"end":{"line":28,"column":36}}},"fnMap":{"0":{"name":"(anonymous_0)","decl":{"start":{"line":15,"column":16},"end":{"line":15,"column":17}},"loc":{"start":{"line":15,"column":31},"end":{"line":15,"column":43}},"line":15},"1":{"name":"(anonymous_1)","decl":{"start":{"line":27,"column":15},"end":{"line":27,"column":16}},"loc":{"start":{"line":28,"column":2},"end":{"line":28,"column":36}},"line":28}},"branchMap":{},"s":{"0":1,"1":6,"2":1,"3":6},"f":{"0":6,"1":6},"b":{},"_coverageSchema":"332fd63041d2c1bcb487cc26dd0d5f7d97098a6c","hash":"7b1da10a835c0d9a5ab1d08d15bf4c3a8a595ca6"}
,"/Users/riceyip/gss/vital-ui-kit-react/packages/web/src/Card/FooterButton.jsx": {"path":"/Users/riceyip/gss/vital-ui-kit-react/packages/web/src/Card/FooterButton.jsx","statementMap":{"0":{"start":{"line":10,"column":22},"end":{"line":27,"column":1}},"1":{"start":{"line":24,"column":35},"end":{"line":24,"column":52}},"2":{"start":{"line":29,"column":15},"end":{"line":52,"column":1}},"3":{"start":{"line":36,"column":37},"end":{"line":36,"column":52}},"4":{"start":{"line":47,"column":35},"end":{"line":47,"column":67}},"5":{"start":{"line":50,"column":39},"end":{"line":50,"column":62}},"6":{"start":{"line":60,"column":21},"end":{"line":69,"column":1}},"7":{"start":{"line":66,"column":2},"end":{"line":68,"column":18}},"8":{"start":{"line":71,"column":0},"end":{"line":73,"column":2}}},"fnMap":{"0":{"name":"(anonymous_0)","decl":{"start":{"line":24,"column":20},"end":{"line":24,"column":21}},"loc":{"start":{"line":24,"column":35},"end":{"line":24,"column":52}},"line":24},"1":{"name":"(anonymous_1)","decl":{"start":{"line":36,"column":22},"end":{"line":36,"column":23}},"loc":{"start":{"line":36,"column":37},"end":{"line":36,"column":52}},"line":36},"2":{"name":"(anonymous_2)","decl":{"start":{"line":47,"column":11},"end":{"line":47,"column":12}},"loc":{"start":{"line":47,"column":35},"end":{"line":47,"column":67}},"line":47},"3":{"name":"(anonymous_3)","decl":{"start":{"line":50,"column":24},"end":{"line":50,"column":25}},"loc":{"start":{"line":50,"column":39},"end":{"line":50,"column":62}},"line":50},"4":{"name":"(anonymous_4)","decl":{"start":{"line":60,"column":21},"end":{"line":60,"column":22}},"loc":{"start":{"line":66,"column":2},"end":{"line":68,"column":18}},"line":66}},"branchMap":{},"s":{"0":1,"1":6,"2":1,"3":6,"4":6,"5":6,"6":1,"7":6,"8":1},"f":{"0":6,"1":6,"2":6,"3":6,"4":6},"b":{},"_coverageSchema":"332fd63041d2c1bcb487cc26dd0d5f7d97098a6c","hash":"8d26cd51d3a4235e5e2d80290087b705dc259bb7"}
,"/Users/riceyip/gss/vital-ui-kit-react/packages/web/src/Card/Header.jsx": {"path":"/Users/riceyip/gss/vital-ui-kit-react/packages/web/src/Card/Header.jsx","statementMap":{"0":{"start":{"line":7,"column":13},"end":{"line":17,"column":1}},"1":{"start":{"line":11,"column":34},"end":{"line":11,"column":46}},"2":{"start":{"line":12,"column":26},"end":{"line":12,"column":42}},"3":{"start":{"line":19,"column":22},"end":{"line":38,"column":1}},"4":{"start":{"line":23,"column":37},"end":{"line":23,"column":50}},"5":{"start":{"line":25,"column":34},"end":{"line":25,"column":46}},"6":{"start":{"line":26,"column":26},"end":{"line":26,"column":37}},"7":{"start":{"line":27,"column":41},"end":{"line":27,"column":46}},"8":{"start":{"line":40,"column":13},"end":{"line":43,"column":1}},"9":{"start":{"line":45,"column":18},"end":{"line":48,"column":1}},"10":{"start":{"line":58,"column":15},"end":{"line":86,"column":1}},"11":{"start":{"line":66,"column":2},"end":{"line":73,"column":3}},"12":{"start":{"line":67,"column":4},"end":{"line":72,"column":6}},"13":{"start":{"line":75,"column":2},"end":{"line":85,"column":4}},"14":{"start":{"line":88,"column":0},"end":{"line":93,"column":2}}},"fnMap":{"0":{"name":"(anonymous_0)","decl":{"start":{"line":11,"column":19},"end":{"line":11,"column":20}},"loc":{"start":{"line":11,"column":34},"end":{"line":11,"column":46}},"line":11},"1":{"name":"(anonymous_1)","decl":{"start":{"line":12,"column":11},"end":{"line":12,"column":12}},"loc":{"start":{"line":12,"column":26},"end":{"line":12,"column":42}},"line":12},"2":{"name":"(anonymous_2)","decl":{"start":{"line":23,"column":22},"end":{"line":23,"column":23}},"loc":{"start":{"line":23,"column":37},"end":{"line":23,"column":50}},"line":23},"3":{"name":"(anonymous_3)","decl":{"start":{"line":25,"column":19},"end":{"line":25,"column":20}},"loc":{"start":{"line":25,"column":34},"end":{"line":25,"column":46}},"line":25},"4":{"name":"(anonymous_4)","decl":{"start":{"line":26,"column":11},"end":{"line":26,"column":12}},"loc":{"start":{"line":26,"column":26},"end":{"line":26,"column":37}},"line":26},"5":{"name":"(anonymous_5)","decl":{"start":{"line":27,"column":26},"end":{"line":27,"column":27}},"loc":{"start":{"line":27,"column":41},"end":{"line":27,"column":46}},"line":27},"6":{"name":"(anonymous_6)","decl":{"start":{"line":58,"column":15},"end":{"line":58,"column":16}},"loc":{"start":{"line":65,"column":13},"end":{"line":86,"column":1}},"line":65}},"branchMap":{"0":{"loc":{"start":{"line":66,"column":2},"end":{"line":73,"column":3}},"type":"if","locations":[{"start":{"line":66,"column":2},"end":{"line":73,"column":3}},{"start":{"line":66,"column":2},"end":{"line":73,"column":3}}],"line":66},"1":{"loc":{"start":{"line":77,"column":7},"end":{"line":77,"column":55}},"type":"binary-expr","locations":[{"start":{"line":77,"column":7},"end":{"line":77,"column":12}},{"start":{"line":77,"column":16},"end":{"line":77,"column":55}}],"line":77},"2":{"loc":{"start":{"line":78,"column":7},"end":{"line":82,"column":7}},"type":"binary-expr","locations":[{"start":{"line":78,"column":7},"end":{"line":78,"column":12}},{"start":{"line":79,"column":8},"end":{"line":81,"column":20}}],"line":78}},"s":{"0":1,"1":4,"2":4,"3":1,"4":1,"5":1,"6":1,"7":1,"8":1,"9":1,"10":1,"11":4,"12":1,"13":3,"14":1},"f":{"0":4,"1":4,"2":1,"3":1,"4":1,"5":1,"6":4},"b":{"0":[1,3],"1":[3,3],"2":[3,1]},"_coverageSchema":"332fd63041d2c1bcb487cc26dd0d5f7d97098a6c","hash":"dedd2a1ffac2a50c848d0a1814e67c167dd6b195"}
,"/Users/riceyip/gss/vital-ui-kit-react/packages/web/src/Card/index.js": {"path":"/Users/riceyip/gss/vital-ui-kit-react/packages/web/src/Card/index.js","statementMap":{},"fnMap":{},"branchMap":{},"s":{},"f":{},"b":{},"_coverageSchema":"332fd63041d2c1bcb487cc26dd0d5f7d97098a6c","hash":"dabedd020f74ddb875329c1af97eb5bddb296597"}
,"/Users/riceyip/gss/vital-ui-kit-react/packages/web/src/Checkbox/Checkbox.jsx": {"path":"/Users/riceyip/gss/vital-ui-kit-react/packages/web/src/Checkbox/Checkbox.jsx","statementMap":{"0":{"start":{"line":14,"column":13},"end":{"line":24,"column":1}},"1":{"start":{"line":21,"column":8},"end":{"line":21,"column":47}},"2":{"start":{"line":25,"column":14},"end":{"line":27,"column":1}},"3":{"start":{"line":26,"column":26},"end":{"line":26,"column":52}},"4":{"start":{"line":29,"column":12},"end":{"line":45,"column":1}},"5":{"start":{"line":35,"column":27},"end":{"line":35,"column":68}},"6":{"start":{"line":36,"column":29},"end":{"line":36,"column":58}},"7":{"start":{"line":38,"column":4},"end":{"line":38,"column":43}},"8":{"start":{"line":39,"column":31},"end":{"line":39,"column":54}},"9":{"start":{"line":44,"column":4},"end":{"line":44,"column":54}},"10":{"start":{"line":47,"column":14},"end":{"line":49,"column":1}},"11":{"start":{"line":51,"column":20},"end":{"line":61,"column":1}},"12":{"start":{"line":56,"column":33},"end":{"line":56,"column":50}},"13":{"start":{"line":58,"column":4},"end":{"line":58,"column":39}},"14":{"start":{"line":87,"column":2},"end":{"line":89,"column":3}},"15":{"start":{"line":88,"column":4},"end":{"line":88,"column":45}},"16":{"start":{"line":90,"column":2},"end":{"line":92,"column":3}},"17":{"start":{"line":91,"column":4},"end":{"line":91,"column":42}},"18":{"start":{"line":93,"column":2},"end":{"line":93,"column":35}},"19":{"start":{"line":131,"column":50},"end":{"line":131,"column":60}},"20":{"start":{"line":132,"column":4},"end":{"line":132,"column":27}},"21":{"start":{"line":132,"column":20},"end":{"line":132,"column":27}},"22":{"start":{"line":133,"column":4},"end":{"line":133,"column":44}},"23":{"start":{"line":133,"column":18},"end":{"line":133,"column":44}},"24":{"start":{"line":134,"column":4},"end":{"line":136,"column":8}},"25":{"start":{"line":134,"column":32},"end":{"line":136,"column":5}},"26":{"start":{"line":148,"column":8},"end":{"line":148,"column":18}},"27":{"start":{"line":149,"column":4},"end":{"line":183,"column":6}}},"fnMap":{"0":{"name":"(anonymous_0)","decl":{"start":{"line":20,"column":20},"end":{"line":20,"column":21}},"loc":{"start":{"line":21,"column":8},"end":{"line":21,"column":47}},"line":21},"1":{"name":"(anonymous_1)","decl":{"start":{"line":26,"column":11},"end":{"line":26,"column":12}},"loc":{"start":{"line":26,"column":26},"end":{"line":26,"column":52}},"line":26},"2":{"name":"(anonymous_2)","decl":{"start":{"line":35,"column":12},"end":{"line":35,"column":13}},"loc":{"start":{"line":35,"column":27},"end":{"line":35,"column":68}},"line":35},"3":{"name":"(anonymous_3)","decl":{"start":{"line":36,"column":19},"end":{"line":36,"column":20}},"loc":{"start":{"line":36,"column":29},"end":{"line":36,"column":58}},"line":36},"4":{"name":"(anonymous_4)","decl":{"start":{"line":37,"column":22},"end":{"line":37,"column":23}},"loc":{"start":{"line":38,"column":4},"end":{"line":38,"column":43}},"line":38},"5":{"name":"(anonymous_5)","decl":{"start":{"line":39,"column":16},"end":{"line":39,"column":17}},"loc":{"start":{"line":39,"column":31},"end":{"line":39,"column":54}},"line":39},"6":{"name":"(anonymous_6)","decl":{"start":{"line":43,"column":18},"end":{"line":43,"column":19}},"loc":{"start":{"line":44,"column":4},"end":{"line":44,"column":54}},"line":44},"7":{"name":"(anonymous_7)","decl":{"start":{"line":56,"column":13},"end":{"line":56,"column":14}},"loc":{"start":{"line":56,"column":33},"end":{"line":56,"column":50}},"line":56},"8":{"name":"(anonymous_8)","decl":{"start":{"line":57,"column":15},"end":{"line":57,"column":16}},"loc":{"start":{"line":58,"column":4},"end":{"line":58,"column":39}},"line":58},"9":{"name":"iconColor","decl":{"start":{"line":86,"column":9},"end":{"line":86,"column":18}},"loc":{"start":{"line":86,"column":47},"end":{"line":94,"column":1}},"line":86},"10":{"name":"(anonymous_10)","decl":{"start":{"line":130,"column":13},"end":{"line":130,"column":14}},"loc":{"start":{"line":130,"column":19},"end":{"line":137,"column":3}},"line":130},"11":{"name":"(anonymous_11)","decl":{"start":{"line":134,"column":18},"end":{"line":134,"column":19}},"loc":{"start":{"line":134,"column":32},"end":{"line":136,"column":5}},"line":134},"12":{"name":"(anonymous_12)","decl":{"start":{"line":139,"column":2},"end":{"line":139,"column":3}},"loc":{"start":{"line":139,"column":11},"end":{"line":184,"column":3}},"line":139}},"branchMap":{"0":{"loc":{"start":{"line":36,"column":29},"end":{"line":36,"column":58}},"type":"cond-expr","locations":[{"start":{"line":36,"column":45},"end":{"line":36,"column":50}},{"start":{"line":36,"column":53},"end":{"line":36,"column":58}}],"line":36},"1":{"loc":{"start":{"line":38,"column":22},"end":{"line":38,"column":42}},"type":"binary-expr","locations":[{"start":{"line":38,"column":22},"end":{"line":38,"column":31}},{"start":{"line":38,"column":35},"end":{"line":38,"column":42}}],"line":38},"2":{"loc":{"start":{"line":44,"column":4},"end":{"line":44,"column":54}},"type":"cond-expr","locations":[{"start":{"line":44,"column":16},"end":{"line":44,"column":49}},{"start":{"line":44,"column":52},"end":{"line":44,"column":54}}],"line":44},"3":{"loc":{"start":{"line":56,"column":33},"end":{"line":56,"column":50}},"type":"cond-expr","locations":[{"start":{"line":56,"column":45},"end":{"line":56,"column":46}},{"start":{"line":56,"column":49},"end":{"line":56,"column":50}}],"line":56},"4":{"loc":{"start":{"line":58,"column":4},"end":{"line":58,"column":39}},"type":"cond-expr","locations":[{"start":{"line":58,"column":16},"end":{"line":58,"column":26}},{"start":{"line":58,"column":29},"end":{"line":58,"column":39}}],"line":58},"5":{"loc":{"start":{"line":87,"column":2},"end":{"line":89,"column":3}},"type":"if","locations":[{"start":{"line":87,"column":2},"end":{"line":89,"column":3}},{"start":{"line":87,"column":2},"end":{"line":89,"column":3}}],"line":87},"6":{"loc":{"start":{"line":90,"column":2},"end":{"line":92,"column":3}},"type":"if","locations":[{"start":{"line":90,"column":2},"end":{"line":92,"column":3}},{"start":{"line":90,"column":2},"end":{"line":92,"column":3}}],"line":90},"7":{"loc":{"start":{"line":127,"column":15},"end":{"line":127,"column":51}},"type":"binary-expr","locations":[{"start":{"line":127,"column":15},"end":{"line":127,"column":42}},{"start":{"line":127,"column":46},"end":{"line":127,"column":51}}],"line":127},"8":{"loc":{"start":{"line":132,"column":4},"end":{"line":132,"column":27}},"type":"if","locations":[{"start":{"line":132,"column":4},"end":{"line":132,"column":27}},{"start":{"line":132,"column":4},"end":{"line":132,"column":27}}],"line":132},"9":{"loc":{"start":{"line":133,"column":4},"end":{"line":133,"column":44}},"type":"if","locations":[{"start":{"line":133,"column":4},"end":{"line":133,"column":44}},{"start":{"line":133,"column":4},"end":{"line":133,"column":44}}],"line":133}},"s":{"0":1,"1":4,"2":1,"3":4,"4":1,"5":4,"6":4,"7":4,"8":4,"9":4,"10":1,"11":1,"12":4,"13":4,"14":4,"15":0,"16":4,"17":0,"18":4,"19":0,"20":0,"21":0,"22":0,"23":0,"24":0,"25":0,"26":4,"27":4},"f":{"0":4,"1":4,"2":4,"3":4,"4":4,"5":4,"6":4,"7":4,"8":4,"9":4,"10":0,"11":0,"12":4},"b":{"0":[0,4],"1":[4,0],"2":[0,4],"3":[0,4],"4":[0,4],"5":[0,4],"6":[0,4],"7":[4,4],"8":[0,0],"9":[0,0]},"_coverageSchema":"332fd63041d2c1bcb487cc26dd0d5f7d97098a6c","hash":"45908d7bc1b7f52f1ca494d669cf60ba2e16e37f"}
,"/Users/riceyip/gss/vital-ui-kit-react/packages/web/src/Checkbox/CheckboxGroup.jsx": {"path":"/Users/riceyip/gss/vital-ui-kit-react/packages/web/src/Checkbox/CheckboxGroup.jsx","statementMap":{"0":{"start":{"line":10,"column":28},"end":{"line":10,"column":40}},"1":{"start":{"line":16,"column":22},"end":{"line":18,"column":1}},"2":{"start":{"line":17,"column":2},"end":{"line":17,"column":66}}},"fnMap":{"0":{"name":"(anonymous_0)","decl":{"start":{"line":16,"column":22},"end":{"line":16,"column":23}},"loc":{"start":{"line":17,"column":2},"end":{"line":17,"column":66}},"line":17}},"branchMap":{},"s":{"0":1,"1":1,"2":1},"f":{"0":1},"b":{},"_coverageSchema":"332fd63041d2c1bcb487cc26dd0d5f7d97098a6c","hash":"efaf60df603957f68c75c355a2951c32cc248361"}
,"/Users/riceyip/gss/vital-ui-kit-react/packages/web/src/Checkbox/index.js": {"path":"/Users/riceyip/gss/vital-ui-kit-react/packages/web/src/Checkbox/index.js","statementMap":{},"fnMap":{},"branchMap":{},"s":{},"f":{},"b":{},"_coverageSchema":"332fd63041d2c1bcb487cc26dd0d5f7d97098a6c","hash":"0aab51161c509ff3a7d5846c9f5cde452e35b57b"}
,"/Users/riceyip/gss/vital-ui-kit-react/packages/web/src/Form/FieldInput.jsx": {"path":"/Users/riceyip/gss/vital-ui-kit-react/packages/web/src/Form/FieldInput.jsx","statementMap":{"0":{"start":{"line":8,"column":13},"end":{"line":30,"column":1}},"1":{"start":{"line":9,"column":23},"end":{"line":9,"column":55}},"2":{"start":{"line":10,"column":29},"end":{"line":10,"column":67}},"3":{"start":{"line":15,"column":4},"end":{"line":29,"column":3}},"4":{"start":{"line":50,"column":19},"end":{"line":62,"column":1}},"5":{"start":{"line":58,"column":2},"end":{"line":61,"column":9}},"6":{"start":{"line":64,"column":0},"end":{"line":67,"column":2}}},"fnMap":{"0":{"name":"(anonymous_0)","decl":{"start":{"line":9,"column":13},"end":{"line":9,"column":14}},"loc":{"start":{"line":9,"column":23},"end":{"line":9,"column":55}},"line":9},"1":{"name":"(anonymous_1)","decl":{"start":{"line":10,"column":19},"end":{"line":10,"column":20}},"loc":{"start":{"line":10,"column":29},"end":{"line":10,"column":67}},"line":10},"2":{"name":"(anonymous_2)","decl":{"start":{"line":14,"column":4},"end":{"line":14,"column":5}},"loc":{"start":{"line":15,"column":4},"end":{"line":29,"column":3}},"line":15},"3":{"name":"(anonymous_3)","decl":{"start":{"line":50,"column":19},"end":{"line":50,"column":20}},"loc":{"start":{"line":58,"column":2},"end":{"line":61,"column":9}},"line":58}},"branchMap":{"0":{"loc":{"start":{"line":9,"column":23},"end":{"line":9,"column":55}},"type":"cond-expr","locations":[{"start":{"line":9,"column":38},"end":{"line":9,"column":45}},{"start":{"line":9,"column":48},"end":{"line":9,"column":55}}],"line":9},"1":{"loc":{"start":{"line":10,"column":29},"end":{"line":10,"column":67}},"type":"cond-expr","locations":[{"start":{"line":10,"column":44},"end":{"line":10,"column":54}},{"start":{"line":10,"column":57},"end":{"line":10,"column":67}}],"line":10},"2":{"loc":{"start":{"line":15,"column":4},"end":{"line":29,"column":3}},"type":"binary-expr","locations":[{"start":{"line":15,"column":4},"end":{"line":15,"column":16}},{"start":{"line":16,"column":4},"end":{"line":29,"column":3}}],"line":15}},"s":{"0":1,"1":13,"2":13,"3":13,"4":1,"5":13,"6":1},"f":{"0":13,"1":13,"2":13,"3":13},"b":{"0":[7,6],"1":[7,6],"2":[13,7]},"_coverageSchema":"332fd63041d2c1bcb487cc26dd0d5f7d97098a6c","hash":"beee0b5995622bbd87973ce592339712c408b5a7"}
,"/Users/riceyip/gss/vital-ui-kit-react/packages/web/src/Form/MultipleInput.jsx": {"path":"/Users/riceyip/gss/vital-ui-kit-react/packages/web/src/Form/MultipleInput.jsx","statementMap":{"0":{"start":{"line":6,"column":13},"end":{"line":11,"column":1}},"1":{"start":{"line":13,"column":18},"end":{"line":57,"column":1}},"2":{"start":{"line":52,"column":4},"end":{"line":56,"column":5}},"3":{"start":{"line":73,"column":22},"end":{"line":81,"column":1}},"4":{"start":{"line":74,"column":2},"end":{"line":80,"column":9}},"5":{"start":{"line":76,"column":6},"end":{"line":78,"column":18}}},"fnMap":{"0":{"name":"(anonymous_0)","decl":{"start":{"line":51,"column":4},"end":{"line":51,"column":5}},"loc":{"start":{"line":52,"column":4},"end":{"line":56,"column":5}},"line":52},"1":{"name":"(anonymous_1)","decl":{"start":{"line":73,"column":22},"end":{"line":73,"column":23}},"loc":{"start":{"line":74,"column":2},"end":{"line":80,"column":9}},"line":74},"2":{"name":"(anonymous_2)","decl":{"start":{"line":75,"column":18},"end":{"line":75,"column":19}},"loc":{"start":{"line":76,"column":6},"end":{"line":78,"column":18}},"line":76}},"branchMap":{"0":{"loc":{"start":{"line":52,"column":4},"end":{"line":56,"column":5}},"type":"binary-expr","locations":[{"start":{"line":52,"column":4},"end":{"line":52,"column":15}},{"start":{"line":53,"column":4},"end":{"line":56,"column":5}}],"line":52}},"s":{"0":1,"1":1,"2":20,"3":1,"4":8,"5":20},"f":{"0":20,"1":8,"2":20},"b":{"0":[20,4]},"_coverageSchema":"332fd63041d2c1bcb487cc26dd0d5f7d97098a6c","hash":"5eb1b122df66b1f81a7b60a115591e0286cd5446"}
,"/Users/riceyip/gss/vital-ui-kit-react/packages/web/src/Form/index.js": {"path":"/Users/riceyip/gss/vital-ui-kit-react/packages/web/src/Form/index.js","statementMap":{},"fnMap":{},"branchMap":{},"s":{},"f":{},"b":{},"_coverageSchema":"332fd63041d2c1bcb487cc26dd0d5f7d97098a6c","hash":"4f1249ff4875cd9442794e6f99238d19f79387a9"}
,"/Users/riceyip/gss/vital-ui-kit-react/packages/web/src/Form/Input/Input.jsx": {"path":"/Users/riceyip/gss/vital-ui-kit-react/packages/web/src/Form/Input/Input.jsx","statementMap":{"0":{"start":{"line":55,"column":4},"end":{"line":55,"column":45}},"1":{"start":{"line":56,"column":4},"end":{"line":56,"column":52}},"2":{"start":{"line":56,"column":29},"end":{"line":56,"column":52}},"3":{"start":{"line":60,"column":4},"end":{"line":60,"column":23}},"4":{"start":{"line":66,"column":4},"end":{"line":76,"column":6}},"5":{"start":{"line":73,"column":10},"end":{"line":73,"column":29}}},"fnMap":{"0":{"name":"(anonymous_0)","decl":{"start":{"line":54,"column":17},"end":{"line":54,"column":18}},"loc":{"start":{"line":54,"column":50},"end":{"line":57,"column":3}},"line":54},"1":{"name":"(anonymous_1)","decl":{"start":{"line":59,"column":10},"end":{"line":59,"column":11}},"loc":{"start":{"line":59,"column":16},"end":{"line":61,"column":3}},"line":59},"2":{"name":"(anonymous_2)","decl":{"start":{"line":65,"column":2},"end":{"line":65,"column":3}},"loc":{"start":{"line":65,"column":11},"end":{"line":77,"column":3}},"line":65},"3":{"name":"(anonymous_3)","decl":{"start":{"line":72,"column":13},"end":{"line":72,"column":14}},"loc":{"start":{"line":72,"column":22},"end":{"line":74,"column":9}},"line":72}},"branchMap":{"0":{"loc":{"start":{"line":51,"column":11},"end":{"line":51,"column":33}},"type":"binary-expr","locations":[{"start":{"line":51,"column":11},"end":{"line":51,"column":27}},{"start":{"line":51,"column":31},"end":{"line":51,"column":33}}],"line":51},"1":{"loc":{"start":{"line":56,"column":4},"end":{"line":56,"column":52}},"type":"if","locations":[{"start":{"line":56,"column":4},"end":{"line":56,"column":52}},{"start":{"line":56,"column":4},"end":{"line":56,"column":52}}],"line":56}},"s":{"0":0,"1":0,"2":0,"3":0,"4":16,"5":32},"f":{"0":0,"1":0,"2":16,"3":32},"b":{"0":[16,15],"1":[0,0]},"_coverageSchema":"332fd63041d2c1bcb487cc26dd0d5f7d97098a6c","hash":"153c679ad303edf9fa8ec607f34067b4c8e553b8"}
,"/Users/riceyip/gss/vital-ui-kit-react/packages/web/src/Form/Input/StatelessInput.jsx": {"path":"/Users/riceyip/gss/vital-ui-kit-react/packages/web/src/Form/Input/StatelessInput.jsx","statementMap":{"0":{"start":{"line":9,"column":26},"end":{"line":24,"column":1}},"1":{"start":{"line":10,"column":2},"end":{"line":15,"column":3}},"2":{"start":{"line":11,"column":4},"end":{"line":14,"column":6}},"3":{"start":{"line":16,"column":2},"end":{"line":23,"column":4}},"4":{"start":{"line":26,"column":26},"end":{"line":34,"column":1}},"5":{"start":{"line":27,"column":2},"end":{"line":32,"column":3}},"6":{"start":{"line":28,"column":4},"end":{"line":30,"column":5}},"7":{"start":{"line":29,"column":6},"end":{"line":29,"column":37}},"8":{"start":{"line":31,"column":4},"end":{"line":31,"column":34}},"9":{"start":{"line":33,"column":2},"end":{"line":33,"column":14}},"10":{"start":{"line":36,"column":13},"end":{"line":38,"column":1}},"11":{"start":{"line":40,"column":21},"end":{"line":45,"column":1}},"12":{"start":{"line":47,"column":18},"end":{"line":55,"column":1}},"13":{"start":{"line":53,"column":26},"end":{"line":53,"column":52}},"14":{"start":{"line":54,"column":13},"end":{"line":54,"column":37}},"15":{"start":{"line":97,"column":4},"end":{"line":97,"column":23}},"16":{"start":{"line":115,"column":8},"end":{"line":115,"column":18}},"17":{"start":{"line":116,"column":4},"end":{"line":138,"column":6}},"18":{"start":{"line":130,"column":12},"end":{"line":130,"column":31}}},"fnMap":{"0":{"name":"(anonymous_0)","decl":{"start":{"line":9,"column":26},"end":{"line":9,"column":27}},"loc":{"start":{"line":9,"column":55},"end":{"line":24,"column":1}},"line":9},"1":{"name":"(anonymous_1)","decl":{"start":{"line":26,"column":26},"end":{"line":26,"column":27}},"loc":{"start":{"line":26,"column":35},"end":{"line":34,"column":1}},"line":26},"2":{"name":"(anonymous_2)","decl":{"start":{"line":53,"column":11},"end":{"line":53,"column":12}},"loc":{"start":{"line":53,"column":26},"end":{"line":53,"column":52}},"line":53},"3":{"name":"(anonymous_3)","decl":{"start":{"line":54,"column":4},"end":{"line":54,"column":5}},"loc":{"start":{"line":54,"column":13},"end":{"line":54,"column":37}},"line":54},"4":{"name":"(anonymous_4)","decl":{"start":{"line":96,"column":10},"end":{"line":96,"column":11}},"loc":{"start":{"line":96,"column":16},"end":{"line":98,"column":3}},"line":96},"5":{"name":"(anonymous_5)","decl":{"start":{"line":102,"column":2},"end":{"line":102,"column":3}},"loc":{"start":{"line":102,"column":11},"end":{"line":139,"column":3}},"line":102},"6":{"name":"(anonymous_6)","decl":{"start":{"line":129,"column":20},"end":{"line":129,"column":21}},"loc":{"start":{"line":129,"column":29},"end":{"line":131,"column":11}},"line":129}},"branchMap":{"0":{"loc":{"start":{"line":10,"column":2},"end":{"line":15,"column":3}},"type":"if","locations":[{"start":{"line":10,"column":2},"end":{"line":15,"column":3}},{"start":{"line":10,"column":2},"end":{"line":15,"column":3}}],"line":10},"1":{"loc":{"start":{"line":27,"column":2},"end":{"line":32,"column":3}},"type":"if","locations":[{"start":{"line":27,"column":2},"end":{"line":32,"column":3}},{"start":{"line":27,"column":2},"end":{"line":32,"column":3}}],"line":27},"2":{"loc":{"start":{"line":28,"column":4},"end":{"line":30,"column":5}},"type":"if","locations":[{"start":{"line":28,"column":4},"end":{"line":30,"column":5}},{"start":{"line":28,"column":4},"end":{"line":30,"column":5}}],"line":28},"3":{"loc":{"start":{"line":114,"column":6},"end":{"line":114,"column":28}},"type":"default-arg","locations":[{"start":{"line":114,"column":21},"end":{"line":114,"column":28}}],"line":114},"4":{"loc":{"start":{"line":134,"column":9},"end":{"line":136,"column":9}},"type":"binary-expr","locations":[{"start":{"line":134,"column":9},"end":{"line":134,"column":13}},{"start":{"line":135,"column":10},"end":{"line":135,"column":63}}],"line":134}},"s":{"0":1,"1":3,"2":1,"3":2,"4":1,"5":19,"6":3,"7":2,"8":1,"9":16,"10":1,"11":1,"12":1,"13":3,"14":3,"15":0,"16":19,"17":19,"18":38},"f":{"0":3,"1":19,"2":3,"3":3,"4":0,"5":19,"6":38},"b":{"0":[1,2],"1":[3,16],"2":[2,1],"3":[0],"4":[19,3]},"_coverageSchema":"332fd63041d2c1bcb487cc26dd0d5f7d97098a6c","hash":"c2541e62c0e8072e564ca9a3723896647c909375"}
,"/Users/riceyip/gss/vital-ui-kit-react/packages/web/src/Form/TextArea/StatelessTextArea.jsx": {"path":"/Users/riceyip/gss/vital-ui-kit-react/packages/web/src/Form/TextArea/StatelessTextArea.jsx","statementMap":{"0":{"start":{"line":8,"column":13},"end":{"line":12,"column":1}},"1":{"start":{"line":11,"column":22},"end":{"line":11,"column":52}},"2":{"start":{"line":48,"column":4},"end":{"line":48,"column":23}},"3":{"start":{"line":65,"column":8},"end":{"line":65,"column":18}},"4":{"start":{"line":66,"column":4},"end":{"line":83,"column":6}},"5":{"start":{"line":79,"column":10},"end":{"line":79,"column":29}}},"fnMap":{"0":{"name":"(anonymous_0)","decl":{"start":{"line":11,"column":12},"end":{"line":11,"column":13}},"loc":{"start":{"line":11,"column":22},"end":{"line":11,"column":52}},"line":11},"1":{"name":"(anonymous_1)","decl":{"start":{"line":47,"column":10},"end":{"line":47,"column":11}},"loc":{"start":{"line":47,"column":16},"end":{"line":49,"column":3}},"line":47},"2":{"name":"(anonymous_2)","decl":{"start":{"line":53,"column":2},"end":{"line":53,"column":3}},"loc":{"start":{"line":53,"column":11},"end":{"line":84,"column":3}},"line":53},"3":{"name":"(anonymous_3)","decl":{"start":{"line":78,"column":13},"end":{"line":78,"column":14}},"loc":{"start":{"line":78,"column":22},"end":{"line":80,"column":9}},"line":78}},"branchMap":{"0":{"loc":{"start":{"line":11,"column":22},"end":{"line":11,"column":52}},"type":"cond-expr","locations":[{"start":{"line":11,"column":37},"end":{"line":11,"column":43}},{"start":{"line":11,"column":46},"end":{"line":11,"column":52}}],"line":11}},"s":{"0":1,"1":3,"2":0,"3":3,"4":3,"5":6},"f":{"0":3,"1":0,"2":3,"3":6},"b":{"0":[0,3]},"_coverageSchema":"332fd63041d2c1bcb487cc26dd0d5f7d97098a6c","hash":"f4196bf98c371b7016c947101fde7833c11f7e24"}
,"/Users/riceyip/gss/vital-ui-kit-react/packages/web/src/Form/TextArea/TextArea.jsx": {"path":"/Users/riceyip/gss/vital-ui-kit-react/packages/web/src/Form/TextArea/TextArea.jsx","statementMap":{"0":{"start":{"line":56,"column":4},"end":{"line":56,"column":45}},"1":{"start":{"line":57,"column":4},"end":{"line":57,"column":52}},"2":{"start":{"line":57,"column":29},"end":{"line":57,"column":52}},"3":{"start":{"line":61,"column":4},"end":{"line":61,"column":23}},"4":{"start":{"line":67,"column":4},"end":{"line":76,"column":6}},"5":{"start":{"line":73,"column":10},"end":{"line":73,"column":29}}},"fnMap":{"0":{"name":"(anonymous_0)","decl":{"start":{"line":55,"column":17},"end":{"line":55,"column":18}},"loc":{"start":{"line":55,"column":50},"end":{"line":58,"column":3}},"line":55},"1":{"name":"(anonymous_1)","decl":{"start":{"line":60,"column":10},"end":{"line":60,"column":11}},"loc":{"start":{"line":60,"column":16},"end":{"line":62,"column":3}},"line":60},"2":{"name":"(anonymous_2)","decl":{"start":{"line":66,"column":2},"end":{"line":66,"column":3}},"loc":{"start":{"line":66,"column":11},"end":{"line":77,"column":3}},"line":66},"3":{"name":"(anonymous_3)","decl":{"start":{"line":72,"column":13},"end":{"line":72,"column":14}},"loc":{"start":{"line":72,"column":22},"end":{"line":74,"column":9}},"line":72}},"branchMap":{"0":{"loc":{"start":{"line":52,"column":11},"end":{"line":52,"column":33}},"type":"binary-expr","locations":[{"start":{"line":52,"column":11},"end":{"line":52,"column":27}},{"start":{"line":52,"column":31},"end":{"line":52,"column":33}}],"line":52},"1":{"loc":{"start":{"line":57,"column":4},"end":{"line":57,"column":52}},"type":"if","locations":[{"start":{"line":57,"column":4},"end":{"line":57,"column":52}},{"start":{"line":57,"column":4},"end":{"line":57,"column":52}}],"line":57}},"s":{"0":0,"1":0,"2":0,"3":0,"4":2,"5":4},"f":{"0":0,"1":0,"2":2,"3":4},"b":{"0":[2,2],"1":[0,0]},"_coverageSchema":"332fd63041d2c1bcb487cc26dd0d5f7d97098a6c","hash":"82dec7b2b17c1921a03ace6bea5a9d5e38d46d01"}
,"/Users/riceyip/gss/vital-ui-kit-react/packages/web/src/Form/components/Addon.jsx": {"path":"/Users/riceyip/gss/vital-ui-kit-react/packages/web/src/Form/components/Addon.jsx","statementMap":{"0":{"start":{"line":6,"column":13},"end":{"line":20,"column":1}},"1":{"start":{"line":12,"column":26},"end":{"line":12,"column":42}},"2":{"start":{"line":14,"column":37},"end":{"line":14,"column":56}},"3":{"start":{"line":15,"column":27},"end":{"line":15,"column":64}},"4":{"start":{"line":26,"column":14},"end":{"line":26,"column":62}},"5":{"start":{"line":26,"column":39},"end":{"line":26,"column":62}}},"fnMap":{"0":{"name":"(anonymous_0)","decl":{"start":{"line":12,"column":11},"end":{"line":12,"column":12}},"loc":{"start":{"line":12,"column":26},"end":{"line":12,"column":42}},"line":12},"1":{"name":"(anonymous_1)","decl":{"start":{"line":14,"column":22},"end":{"line":14,"column":23}},"loc":{"start":{"line":14,"column":37},"end":{"line":14,"column":56}},"line":14},"2":{"name":"(anonymous_2)","decl":{"start":{"line":15,"column":12},"end":{"line":15,"column":13}},"loc":{"start":{"line":15,"column":27},"end":{"line":15,"column":64}},"line":15},"3":{"name":"(anonymous_3)","decl":{"start":{"line":26,"column":14},"end":{"line":26,"column":15}},"loc":{"start":{"line":26,"column":39},"end":{"line":26,"column":62}},"line":26}},"branchMap":{},"s":{"0":1,"1":4,"2":4,"3":4,"4":1,"5":4},"f":{"0":4,"1":4,"2":4,"3":4},"b":{},"_coverageSchema":"332fd63041d2c1bcb487cc26dd0d5f7d97098a6c","hash":"08c6bb7868dcb1ff7970a1f28bac749d6183aa74"}
,"/Users/riceyip/gss/vital-ui-kit-react/packages/web/src/Form/components/FieldBase.js": {"path":"/Users/riceyip/gss/vital-ui-kit-react/packages/web/src/Form/components/FieldBase.js","statementMap":{"0":{"start":{"line":4,"column":18},"end":{"line":61,"column":1}},"1":{"start":{"line":4,"column":38},"end":{"line":61,"column":1}},"2":{"start":{"line":38,"column":6},"end":{"line":47,"column":7}},"3":{"start":{"line":51,"column":4},"end":{"line":54,"column":5}},"4":{"start":{"line":57,"column":4},"end":{"line":60,"column":5}}},"fnMap":{"0":{"name":"(anonymous_0)","decl":{"start":{"line":4,"column":18},"end":{"line":4,"column":19}},"loc":{"start":{"line":4,"column":38},"end":{"line":61,"column":1}},"line":4},"1":{"name":"(anonymous_1)","decl":{"start":{"line":37,"column":6},"end":{"line":37,"column":7}},"loc":{"start":{"line":38,"column":6},"end":{"line":47,"column":7}},"line":38},"2":{"name":"(anonymous_2)","decl":{"start":{"line":50,"column":4},"end":{"line":50,"column":5}},"loc":{"start":{"line":51,"column":4},"end":{"line":54,"column":5}},"line":51},"3":{"name":"(anonymous_3)","decl":{"start":{"line":56,"column":4},"end":{"line":56,"column":5}},"loc":{"start":{"line":57,"column":4},"end":{"line":60,"column":5}},"line":57}},"branchMap":{"0":{"loc":{"start":{"line":38,"column":6},"end":{"line":47,"column":7}},"type":"binary-expr","locations":[{"start":{"line":38,"column":6},"end":{"line":38,"column":11}},{"start":{"line":39,"column":6},"end":{"line":47,"column":7}}],"line":38},"1":{"loc":{"start":{"line":51,"column":4},"end":{"line":54,"column":5}},"type":"binary-expr","locations":[{"start":{"line":51,"column":4},"end":{"line":51,"column":9}},{"start":{"line":52,"column":4},"end":{"line":54,"column":5}}],"line":51},"2":{"loc":{"start":{"line":57,"column":4},"end":{"line":60,"column":5}},"type":"binary-expr","locations":[{"start":{"line":57,"column":4},"end":{"line":57,"column":11}},{"start":{"line":58,"column":4},"end":{"line":60,"column":5}}],"line":57}},"s":{"0":1,"1":22,"2":22,"3":22,"4":22},"f":{"0":22,"1":22,"2":22,"3":22},"b":{"0":[22,0],"1":[22,0],"2":[22,0]},"_coverageSchema":"332fd63041d2c1bcb487cc26dd0d5f7d97098a6c","hash":"c3cd5cf193b0488ebfcb24d344ca917fbe1c0de0"}
,"/Users/riceyip/gss/vital-ui-kit-react/packages/web/src/Form/components/Hint.jsx": {"path":"/Users/riceyip/gss/vital-ui-kit-react/packages/web/src/Form/components/Hint.jsx","statementMap":{"0":{"start":{"line":8,"column":13},"end":{"line":16,"column":1}},"1":{"start":{"line":15,"column":20},"end":{"line":15,"column":66}},"2":{"start":{"line":25,"column":13},"end":{"line":29,"column":1}},"3":{"start":{"line":26,"column":2},"end":{"line":28,"column":9}},"4":{"start":{"line":31,"column":0},"end":{"line":35,"column":2}}},"fnMap":{"0":{"name":"(anonymous_0)","decl":{"start":{"line":15,"column":11},"end":{"line":15,"column":12}},"loc":{"start":{"line":15,"column":20},"end":{"line":15,"column":66}},"line":15},"1":{"name":"(anonymous_1)","decl":{"start":{"line":25,"column":13},"end":{"line":25,"column":14}},"loc":{"start":{"line":26,"column":2},"end":{"line":28,"column":9}},"line":26}},"branchMap":{},"s":{"0":1,"1":2,"2":1,"3":2,"4":1},"f":{"0":2,"1":2},"b":{},"_coverageSchema":"332fd63041d2c1bcb487cc26dd0d5f7d97098a6c","hash":"79b04f6da4b1f08cafc3aa5e82cfae8e63a1e20f"}
,"/Users/riceyip/gss/vital-ui-kit-react/packages/web/src/Form/components/Label.jsx": {"path":"/Users/riceyip/gss/vital-ui-kit-react/packages/web/src/Form/components/Label.jsx","statementMap":{"0":{"start":{"line":6,"column":21},"end":{"line":45,"column":1}},"1":{"start":{"line":9,"column":26},"end":{"line":9,"column":42}},"2":{"start":{"line":12,"column":25},"end":{"line":12,"column":36}},"3":{"start":{"line":15,"column":4},"end":{"line":30,"column":5}},"4":{"start":{"line":33,"column":4},"end":{"line":44,"column":5}},"5":{"start":{"line":58,"column":14},"end":{"line":62,"column":1}},"6":{"start":{"line":59,"column":2},"end":{"line":61,"column":17}},"7":{"start":{"line":64,"column":0},"end":{"line":68,"column":2}}},"fnMap":{"0":{"name":"(anonymous_0)","decl":{"start":{"line":9,"column":11},"end":{"line":9,"column":12}},"loc":{"start":{"line":9,"column":26},"end":{"line":9,"column":42}},"line":9},"1":{"name":"(anonymous_1)","decl":{"start":{"line":12,"column":16},"end":{"line":12,"column":17}},"loc":{"start":{"line":12,"column":25},"end":{"line":12,"column":36}},"line":12},"2":{"name":"(anonymous_2)","decl":{"start":{"line":14,"column":4},"end":{"line":14,"column":5}},"loc":{"start":{"line":15,"column":4},"end":{"line":30,"column":5}},"line":15},"3":{"name":"(anonymous_3)","decl":{"start":{"line":32,"column":4},"end":{"line":32,"column":5}},"loc":{"start":{"line":33,"column":4},"end":{"line":44,"column":5}},"line":33},"4":{"name":"(anonymous_4)","decl":{"start":{"line":58,"column":14},"end":{"line":58,"column":15}},"loc":{"start":{"line":59,"column":2},"end":{"line":61,"column":17}},"line":59}},"branchMap":{"0":{"loc":{"start":{"line":15,"column":4},"end":{"line":30,"column":5}},"type":"binary-expr","locations":[{"start":{"line":15,"column":4},"end":{"line":15,"column":12}},{"start":{"line":16,"column":4},"end":{"line":30,"column":5}}],"line":15},"1":{"loc":{"start":{"line":33,"column":4},"end":{"line":44,"column":5}},"type":"binary-expr","locations":[{"start":{"line":33,"column":4},"end":{"line":33,"column":16}},{"start":{"line":34,"column":4},"end":{"line":44,"column":5}}],"line":33}},"s":{"0":1,"1":13,"2":13,"3":13,"4":13,"5":1,"6":13,"7":1},"f":{"0":13,"1":13,"2":13,"3":13,"4":13},"b":{"0":[13,4],"1":[13,0]},"_coverageSchema":"332fd63041d2c1bcb487cc26dd0d5f7d97098a6c","hash":"a0facbfbfdbc8c4c71cb3b6f7c36da02f29951fd"}
,"/Users/riceyip/gss/vital-ui-kit-react/packages/web/src/Icon/Icon.jsx": {"path":"/Users/riceyip/gss/vital-ui-kit-react/packages/web/src/Icon/Icon.jsx","statementMap":{"0":{"start":{"line":13,"column":15},"end":{"line":15,"column":3}},"1":{"start":{"line":14,"column":9},"end":{"line":14,"column":43}},"2":{"start":{"line":16,"column":2},"end":{"line":21,"column":3}},"3":{"start":{"line":17,"column":4},"end":{"line":20,"column":6}},"4":{"start":{"line":23,"column":2},"end":{"line":25,"column":4}},"5":{"start":{"line":26,"column":2},"end":{"line":26,"column":14}},"6":{"start":{"line":49,"column":13},"end":{"line":72,"column":1}},"7":{"start":{"line":57,"column":19},"end":{"line":57,"column":38}},"8":{"start":{"line":58,"column":2},"end":{"line":60,"column":3}},"9":{"start":{"line":59,"column":4},"end":{"line":59,"column":16}},"10":{"start":{"line":61,"column":2},"end":{"line":71,"column":4}},"11":{"start":{"line":74,"column":0},"end":{"line":79,"column":2}}},"fnMap":{"0":{"name":"getIcon","decl":{"start":{"line":12,"column":9},"end":{"line":12,"column":16}},"loc":{"start":{"line":12,"column":38},"end":{"line":27,"column":1}},"line":12},"1":{"name":"(anonymous_1)","decl":{"start":{"line":14,"column":4},"end":{"line":14,"column":5}},"loc":{"start":{"line":14,"column":9},"end":{"line":14,"column":43}},"line":14},"2":{"name":"(anonymous_2)","decl":{"start":{"line":49,"column":13},"end":{"line":49,"column":14}},"loc":{"start":{"line":56,"column":13},"end":{"line":72,"column":1}},"line":56},"3":{"name":"(anonymous_3)","decl":{"start":{"line":78,"column":11},"end":{"line":78,"column":12}},"loc":{"start":{"line":78,"column":17},"end":{"line":78,"column":19}},"line":78}},"branchMap":{"0":{"loc":{"start":{"line":16,"column":2},"end":{"line":21,"column":3}},"type":"if","locations":[{"start":{"line":16,"column":2},"end":{"line":21,"column":3}},{"start":{"line":16,"column":2},"end":{"line":21,"column":3}}],"line":16},"1":{"loc":{"start":{"line":54,"column":2},"end":{"line":54,"column":20}},"type":"default-arg","locations":[{"start":{"line":54,"column":9},"end":{"line":54,"column":20}}],"line":54},"2":{"loc":{"start":{"line":58,"column":2},"end":{"line":60,"column":3}},"type":"if","locations":[{"start":{"line":58,"column":2},"end":{"line":60,"column":3}},{"start":{"line":58,"column":2},"end":{"line":60,"column":3}}],"line":58},"3":{"loc":{"start":{"line":65,"column":22},"end":{"line":65,"column":44}},"type":"binary-expr","locations":[{"start":{"line":65,"column":22},"end":{"line":65,"column":36}},{"start":{"line":65,"column":40},"end":{"line":65,"column":44}}],"line":65},"4":{"loc":{"start":{"line":69,"column":7},"end":{"line":69,"column":63}},"type":"binary-expr","locations":[{"start":{"line":69,"column":7},"end":{"line":69,"column":20}},{"start":{"line":69,"column":24},"end":{"line":69,"column":63}}],"line":69}},"s":{"0":706,"1":232606,"2":706,"3":706,"4":0,"5":0,"6":1,"7":706,"8":706,"9":0,"10":706,"11":1},"f":{"0":706,"1":232606,"2":706,"3":0},"b":{"0":[706,0],"1":[0],"2":[0,706],"3":[706,2],"4":[706,706]},"_coverageSchema":"332fd63041d2c1bcb487cc26dd0d5f7d97098a6c","hash":"6469bbc05e562cd918b97e9a21de685660aaea27"}
,"/Users/riceyip/gss/vital-ui-kit-react/packages/web/src/Icon/index.js": {"path":"/Users/riceyip/gss/vital-ui-kit-react/packages/web/src/Icon/index.js","statementMap":{},"fnMap":{},"branchMap":{},"s":{},"f":{},"b":{},"_coverageSchema":"332fd63041d2c1bcb487cc26dd0d5f7d97098a6c","hash":"37f4e3b62afd48efd6d7aef41526228d50a7b7f4"}
,"/Users/riceyip/gss/vital-ui-kit-react/packages/web/src/Icon/components/IconProvider.js": {"path":"/Users/riceyip/gss/vital-ui-kit-react/packages/web/src/Icon/components/IconProvider.js","statementMap":{"0":{"start":{"line":18,"column":21},"end":{"line":18,"column":31}},"1":{"start":{"line":19,"column":4},"end":{"line":19,"column":20}},"2":{"start":{"line":23,"column":4},"end":{"line":25,"column":5}},"3":{"start":{"line":24,"column":6},"end":{"line":24,"column":18}},"4":{"start":{"line":26,"column":4},"end":{"line":26,"column":46}}},"fnMap":{"0":{"name":"(anonymous_0)","decl":{"start":{"line":17,"column":2},"end":{"line":17,"column":3}},"loc":{"start":{"line":17,"column":20},"end":{"line":20,"column":3}},"line":17},"1":{"name":"(anonymous_1)","decl":{"start":{"line":22,"column":2},"end":{"line":22,"column":3}},"loc":{"start":{"line":22,"column":11},"end":{"line":27,"column":3}},"line":22}},"branchMap":{"0":{"loc":{"start":{"line":23,"column":4},"end":{"line":25,"column":5}},"type":"if","locations":[{"start":{"line":23,"column":4},"end":{"line":25,"column":5}},{"start":{"line":23,"column":4},"end":{"line":25,"column":5}}],"line":23}},"s":{"0":50,"1":50,"2":50,"3":0,"4":50},"f":{"0":50,"1":50},"b":{"0":[0,50]},"_coverageSchema":"332fd63041d2c1bcb487cc26dd0d5f7d97098a6c","hash":"cae4baecb444cc29e0378d77957da1b7db32f33a"}
,"/Users/riceyip/gss/vital-ui-kit-react/packages/web/src/Icon/components/withIcon.jsx": {"path":"/Users/riceyip/gss/vital-ui-kit-react/packages/web/src/Icon/components/withIcon.jsx","statementMap":{"0":{"start":{"line":10,"column":17},"end":{"line":22,"column":3}},"1":{"start":{"line":11,"column":2},"end":{"line":22,"column":3}},"2":{"start":{"line":18,"column":23},"end":{"line":18,"column":35}},"3":{"start":{"line":20,"column":6},"end":{"line":20,"column":62}}},"fnMap":{"0":{"name":"(anonymous_0)","decl":{"start":{"line":10,"column":17},"end":{"line":10,"column":18}},"loc":{"start":{"line":11,"column":2},"end":{"line":22,"column":3}},"line":11},"1":{"name":"(anonymous_1)","decl":{"start":{"line":17,"column":4},"end":{"line":17,"column":5}},"loc":{"start":{"line":17,"column":13},"end":{"line":21,"column":5}},"line":17}},"branchMap":{},"s":{"0":1,"1":1,"2":706,"3":706},"f":{"0":1,"1":706},"b":{},"_coverageSchema":"332fd63041d2c1bcb487cc26dd0d5f7d97098a6c","hash":"2486dd5315b2abee10ec0a48fdefeb1cb6391103"}
,"/Users/riceyip/gss/vital-ui-kit-react/packages/web/src/Layout/Layout.jsx": {"path":"/Users/riceyip/gss/vital-ui-kit-react/packages/web/src/Layout/Layout.jsx","statementMap":{"0":{"start":{"line":10,"column":13},"end":{"line":15,"column":1}},"1":{"start":{"line":17,"column":15},"end":{"line":19,"column":1}},"2":{"start":{"line":21,"column":13},"end":{"line":26,"column":1}},"3":{"start":{"line":28,"column":16},"end":{"line":31,"column":1}},"4":{"start":{"line":33,"column":16},"end":{"line":36,"column":1}},"5":{"start":{"line":38,"column":0},"end":{"line":38,"column":30}},"6":{"start":{"line":39,"column":0},"end":{"line":39,"column":32}},"7":{"start":{"line":40,"column":0},"end":{"line":40,"column":32}},"8":{"start":{"line":65,"column":35},"end":{"line":65,"column":45}},"9":{"start":{"line":66,"column":26},"end":{"line":69,"column":5}},"10":{"start":{"line":68,"column":15},"end":{"line":68,"column":20}},"11":{"start":{"line":70,"column":19},"end":{"line":72,"column":5}},"12":{"start":{"line":71,"column":15},"end":{"line":71,"column":50}},"13":{"start":{"line":73,"column":17},"end":{"line":75,"column":5}},"14":{"start":{"line":74,"column":15},"end":{"line":74,"column":50}},"15":{"start":{"line":76,"column":4},"end":{"line":81,"column":6}}},"fnMap":{"0":{"name":"(anonymous_0)","decl":{"start":{"line":64,"column":2},"end":{"line":64,"column":3}},"loc":{"start":{"line":64,"column":11},"end":{"line":82,"column":3}},"line":64},"1":{"name":"(anonymous_1)","decl":{"start":{"line":68,"column":6},"end":{"line":68,"column":7}},"loc":{"start":{"line":68,"column":15},"end":{"line":68,"column":20}},"line":68},"2":{"name":"(anonymous_2)","decl":{"start":{"line":71,"column":6},"end":{"line":71,"column":7}},"loc":{"start":{"line":71,"column":15},"end":{"line":71,"column":50}},"line":71},"3":{"name":"(anonymous_3)","decl":{"start":{"line":74,"column":6},"end":{"line":74,"column":7}},"loc":{"start":{"line":74,"column":15},"end":{"line":74,"column":50}},"line":74}},"branchMap":{"0":{"loc":{"start":{"line":78,"column":9},"end":{"line":78,"column":44}},"type":"binary-expr","locations":[{"start":{"line":78,"column":9},"end":{"line":78,"column":15}},{"start":{"line":78,"column":19},"end":{"line":78,"column":44}}],"line":78}},"s":{"0":1,"1":1,"2":1,"3":1,"4":1,"5":1,"6":1,"7":1,"8":2,"9":2,"10":6,"11":2,"12":6,"13":2,"14":6,"15":2},"f":{"0":2,"1":6,"2":6,"3":6},"b":{"0":[2,2]},"_coverageSchema":"332fd63041d2c1bcb487cc26dd0d5f7d97098a6c","hash":"8c4e87aea3df63230d5a280510b97cdcfe60feb5"}
,"/Users/riceyip/gss/vital-ui-kit-react/packages/web/src/Layout/index.js": {"path":"/Users/riceyip/gss/vital-ui-kit-react/packages/web/src/Layout/index.js","statementMap":{},"fnMap":{},"branchMap":{},"s":{},"f":{},"b":{},"_coverageSchema":"332fd63041d2c1bcb487cc26dd0d5f7d97098a6c","hash":"0df3e5ae249cfec84e41d26dcfa6c25dbbd8f392"}
[...]
,"/Users/riceyip/gss/vital-ui-kit-react/packages/web/stories/examples/Checkbox.stories.jsx": {"path":"/Users/riceyip/gss/vital-ui-kit-react/packages/web/stories/examples/Checkbox.stories.jsx","statementMap":{"0":{"start":{"line":20,"column":0},"end":{"line":57,"column":4}},"1":{"start":{"line":26,"column":8},"end":{"line":30,"column":10}},"2":{"start":{"line":38,"column":8},"end":{"line":54,"column":24}}},"fnMap":{"0":{"name":"(anonymous_0)","decl":{"start":{"line":25,"column":36},"end":{"line":25,"column":37}},"loc":{"start":{"line":26,"column":8},"end":{"line":30,"column":10}},"line":26},"1":{"name":"(anonymous_1)","decl":{"start":{"line":37,"column":41},"end":{"line":37,"column":42}},"loc":{"start":{"line":38,"column":8},"end":{"line":54,"column":24}},"line":38}},"branchMap":{},"s":{"0":1,"1":1,"2":1},"f":{"0":1,"1":1},"b":{},"_coverageSchema":"332fd63041d2c1bcb487cc26dd0d5f7d97098a6c","hash":"5dc723bdeca15a8ed8e5258731dc5e82bd9835b1"}
,"/Users/riceyip/gss/vital-ui-kit-react/packages/web/stories/examples/Form.stories.jsx": {"path":"/Users/riceyip/gss/vital-ui-kit-react/packages/web/stories/examples/Form.stories.jsx","statementMap":{"0":{"start":{"line":34,"column":20},"end":{"line":37,"column":1}},"1":{"start":{"line":39,"column":14},"end":{"line":43,"column":1}},"2":{"start":{"line":45,"column":18},"end":{"line":49,"column":1}},"3":{"start":{"line":51,"column":0},"end":{"line":182,"column":4}},"4":{"start":{"line":57,"column":8},"end":{"line":83,"column":22}},"5":{"start":{"line":91,"column":8},"end":{"line":108,"column":22}},"6":{"start":{"line":116,"column":8},"end":{"line":122,"column":22}},"7":{"start":{"line":130,"column":8},"end":{"line":154,"column":22}},"8":{"start":{"line":162,"column":8},"end":{"line":179,"column":22}},"9":{"start":{"line":184,"column":0},"end":{"line":237,"column":4}},"10":{"start":{"line":192,"column":8},"end":{"line":200,"column":22}},"11":{"start":{"line":208,"column":8},"end":{"line":215,"column":22}},"12":{"start":{"line":223,"column":8},"end":{"line":234,"column":22}},"13":{"start":{"line":239,"column":0},"end":{"line":269,"column":4}},"14":{"start":{"line":245,"column":8},"end":{"line":251,"column":10}},"15":{"start":{"line":260,"column":8},"end":{"line":266,"column":10}},"16":{"start":{"line":271,"column":0},"end":{"line":282,"column":4}},"17":{"start":{"line":277,"column":8},"end":{"line":279,"column":22}}},"fnMap":{"0":{"name":"(anonymous_0)","decl":{"start":{"line":56,"column":20},"end":{"line":56,"column":21}},"loc":{"start":{"line":57,"column":8},"end":{"line":83,"column":22}},"line":57},"1":{"name":"(anonymous_1)","decl":{"start":{"line":90,"column":20},"end":{"line":90,"column":21}},"loc":{"start":{"line":91,"column":8},"end":{"line":108,"column":22}},"line":91},"2":{"name":"(anonymous_2)","decl":{"start":{"line":115,"column":20},"end":{"line":115,"column":21}},"loc":{"start":{"line":116,"column":8},"end":{"line":122,"column":22}},"line":116},"3":{"name":"(anonymous_3)","decl":{"start":{"line":129,"column":20},"end":{"line":129,"column":21}},"loc":{"start":{"line":130,"column":8},"end":{"line":154,"column":22}},"line":130},"4":{"name":"(anonymous_4)","decl":{"start":{"line":161,"column":20},"end":{"line":161,"column":21}},"loc":{"start":{"line":162,"column":8},"end":{"line":179,"column":22}},"line":162},"5":{"name":"(anonymous_5)","decl":{"start":{"line":191,"column":42},"end":{"line":191,"column":43}},"loc":{"start":{"line":192,"column":8},"end":{"line":200,"column":22}},"line":192},"6":{"name":"(anonymous_6)","decl":{"start":{"line":207,"column":45},"end":{"line":207,"column":46}},"loc":{"start":{"line":208,"column":8},"end":{"line":215,"column":22}},"line":208},"7":{"name":"(anonymous_7)","decl":{"start":{"line":222,"column":41},"end":{"line":222,"column":42}},"loc":{"start":{"line":223,"column":8},"end":{"line":234,"column":22}},"line":223},"8":{"name":"(anonymous_8)","decl":{"start":{"line":244,"column":42},"end":{"line":244,"column":43}},"loc":{"start":{"line":245,"column":8},"end":{"line":251,"column":10}},"line":245},"9":{"name":"(anonymous_9)","decl":{"start":{"line":259,"column":30},"end":{"line":259,"column":31}},"loc":{"start":{"line":260,"column":8},"end":{"line":266,"column":10}},"line":260},"10":{"name":"(anonymous_10)","decl":{"start":{"line":276,"column":42},"end":{"line":276,"column":43}},"loc":{"start":{"line":277,"column":8},"end":{"line":279,"column":22}},"line":277}},"branchMap":{},"s":{"0":1,"1":1,"2":1,"3":1,"4":1,"5":1,"6":1,"7":1,"8":1,"9":1,"10":1,"11":1,"12":1,"13":1,"14":1,"15":1,"16":1,"17":1},"f":{"0":1,"1":1,"2":1,"3":1,"4":1,"5":1,"6":1,"7":1,"8":1,"9":1,"10":1},"b":{},"_coverageSchema":"332fd63041d2c1bcb487cc26dd0d5f7d97098a6c","hash":"8b08d8fd0305e7a41e24fe1586cfe65968fe9c9a"}
,"/Users/riceyip/gss/vital-ui-kit-react/packages/web/stories/examples/Icon.stories.jsx": {"path":"/Users/riceyip/gss/vital-ui-kit-react/packages/web/stories/examples/Icon.stories.jsx","statementMap":{"0":{"start":{"line":24,"column":16},"end":{"line":29,"column":1}},"1":{"start":{"line":31,"column":16},"end":{"line":38,"column":1}},"2":{"start":{"line":40,"column":0},"end":{"line":78,"column":4}},"3":{"start":{"line":46,"column":8},"end":{"line":75,"column":17}},"4":{"start":{"line":48,"column":12},"end":{"line":73,"column":22}},"5":{"start":{"line":51,"column":18},"end":{"line":53,"column":19}},"6":{"start":{"line":52,"column":20},"end":{"line":52,"column":32}},"7":{"start":{"line":54,"column":18},"end":{"line":54,"column":66}},"8":{"start":{"line":57,"column":18},"end":{"line":71,"column":28}}},"fnMap":{"0":{"name":"(anonymous_0)","decl":{"start":{"line":45,"column":20},"end":{"line":45,"column":21}},"loc":{"start":{"line":46,"column":8},"end":{"line":75,"column":17}},"line":46},"1":{"name":"(anonymous_1)","decl":{"start":{"line":47,"column":11},"end":{"line":47,"column":12}},"loc":{"start":{"line":48,"column":12},"end":{"line":73,"column":22}},"line":48},"2":{"name":"(anonymous_2)","decl":{"start":{"line":50,"column":24},"end":{"line":50,"column":25}},"loc":{"start":{"line":50,"column":32},"end":{"line":55,"column":17}},"line":50},"3":{"name":"(anonymous_3)","decl":{"start":{"line":56,"column":21},"end":{"line":56,"column":22}},"loc":{"start":{"line":57,"column":18},"end":{"line":71,"column":28}},"line":57}},"branchMap":{"0":{"loc":{"start":{"line":51,"column":18},"end":{"line":53,"column":19}},"type":"if","locations":[{"start":{"line":51,"column":18},"end":{"line":53,"column":19}},{"start":{"line":51,"column":18},"end":{"line":53,"column":19}}],"line":51}},"s":{"0":1,"1":1,"2":1,"3":1,"4":1,"5":676,"6":676,"7":0,"8":676},"f":{"0":1,"1":1,"2":676,"3":676},"b":{"0":[676,0]},"_coverageSchema":"332fd63041d2c1bcb487cc26dd0d5f7d97098a6c","hash":"b0b451e87cacbf4d2d5a70c3ad5f99ceada753bc"}
,"/Users/riceyip/gss/vital-ui-kit-react/packages/web/stories/examples/Layout.stories.jsx": {"path":"/Users/riceyip/gss/vital-ui-kit-react/packages/web/stories/examples/Layout.stories.jsx","statementMap":{"0":{"start":{"line":21,"column":0},"end":{"line":46,"column":2}},"1":{"start":{"line":24,"column":4},"end":{"line":44,"column":13}}},"fnMap":{"0":{"name":"(anonymous_0)","decl":{"start":{"line":23,"column":19},"end":{"line":23,"column":20}},"loc":{"start":{"line":24,"column":4},"end":{"line":44,"column":13}},"line":24}},"branchMap":{},"s":{"0":1,"1":1},"f":{"0":1},"b":{},"_coverageSchema":"332fd63041d2c1bcb487cc26dd0d5f7d97098a6c","hash":"848c801df73ed0127172f8808f6a34845f2548bd"}
,"/Users/riceyip/gss/vital-ui-kit-react/packages/web/stories/examples/List.stories.jsx": {"path":"/Users/riceyip/gss/vital-ui-kit-react/packages/web/stories/examples/List.stories.jsx","statementMap":{"0":{"start":{"line":21,"column":16},"end":{"line":23,"column":1}},"1":{"start":{"line":25,"column":0},"end":{"line":121,"column":4}},"2":{"start":{"line":31,"column":8},"end":{"line":65,"column":18}},"3":{"start":{"line":73,"column":8},"end":{"line":118,"column":18}}},"fnMap":{"0":{"name":"(anonymous_0)","decl":{"start":{"line":30,"column":32},"end":{"line":30,"column":33}},"loc":{"start":{"line":31,"column":8},"end":{"line":65,"column":18}},"line":31},"1":{"name":"(anonymous_1)","decl":{"start":{"line":72,"column":32},"end":{"line":72,"column":33}},"loc":{"start":{"line":73,"column":8},"end":{"line":118,"column":18}},"line":73}},"branchMap":{},"s":{"0":1,"1":1,"2":1,"3":1},"f":{"0":1,"1":1},"b":{},"_coverageSchema":"332fd63041d2c1bcb487cc26dd0d5f7d97098a6c","hash":"2fe270a55c70674c38f67f96e6717e125700a18a"}
,"/Users/riceyip/gss/vital-ui-kit-react/packages/web/stories/examples/Menu.stories.jsx": {"path":"/Users/riceyip/gss/vital-ui-kit-react/packages/web/stories/examples/Menu.stories.jsx","statementMap":{"0":{"start":{"line":21,"column":17},"end":{"line":23,"column":1}},"1":{"start":{"line":25,"column":0},"end":{"line":51,"column":4}},"2":{"start":{"line":31,"column":8},"end":{"line":48,"column":15}}},"fnMap":{"0":{"name":"(anonymous_0)","decl":{"start":{"line":30,"column":32},"end":{"line":30,"column":33}},"loc":{"start":{"line":31,"column":8},"end":{"line":48,"column":15}},"line":31}},"branchMap":{},"s":{"0":1,"1":1,"2":1},"f":{"0":1},"b":{},"_coverageSchema":"332fd63041d2c1bcb487cc26dd0d5f7d97098a6c","hash":"3c3041463fd63f7a700a2637c7f86b4aada718c2"}
,"/Users/riceyip/gss/vital-ui-kit-react/packages/web/stories/examples/Modal.stories.jsx": {"path":"/Users/riceyip/gss/vital-ui-kit-react/packages/web/stories/examples/Modal.stories.jsx","statementMap":{"0":{"start":{"line":21,"column":14},"end":{"line":30,"column":1}},"1":{"start":{"line":32,"column":0},"end":{"line":39,"column":4}},"2":{"start":{"line":37,"column":39},"end":{"line":37,"column":55}},"3":{"start":{"line":45,"column":4},"end":{"line":73,"column":6}},"4":{"start":{"line":49,"column":25},"end":{"line":49,"column":59}},"5":{"start":{"line":59,"column":31},"end":{"line":59,"column":66}},"6":{"start":{"line":65,"column":31},"end":{"line":65,"column":66}}},"fnMap":{"0":{"name":"(anonymous_0)","decl":{"start":{"line":37,"column":33},"end":{"line":37,"column":34}},"loc":{"start":{"line":37,"column":39},"end":{"line":37,"column":55}},"line":37},"1":{"name":"(anonymous_1)","decl":{"start":{"line":44,"column":2},"end":{"line":44,"column":3}},"loc":{"start":{"line":44,"column":11},"end":{"line":74,"column":3}},"line":44},"2":{"name":"(anonymous_2)","decl":{"start":{"line":49,"column":19},"end":{"line":49,"column":20}},"loc":{"start":{"line":49,"column":25},"end":{"line":49,"column":59}},"line":49},"3":{"name":"(anonymous_3)","decl":{"start":{"line":59,"column":25},"end":{"line":59,"column":26}},"loc":{"start":{"line":59,"column":31},"end":{"line":59,"column":66}},"line":59},"4":{"name":"(anonymous_4)","decl":{"start":{"line":65,"column":25},"end":{"line":65,"column":26}},"loc":{"start":{"line":65,"column":31},"end":{"line":65,"column":66}},"line":65}},"branchMap":{},"s":{"0":1,"1":1,"2":1,"3":1,"4":0,"5":0,"6":0},"f":{"0":1,"1":1,"2":0,"3":0,"4":0},"b":{},"_coverageSchema":"332fd63041d2c1bcb487cc26dd0d5f7d97098a6c","hash":"691cfe3e7387f4d988f0adc87de0ad758c8ecd17"}
,"/Users/riceyip/gss/vital-ui-kit-react/packages/web/stories/examples/Pagination.stories.jsx": {"path":"/Users/riceyip/gss/vital-ui-kit-react/packages/web/stories/examples/Pagination.stories.jsx","statementMap":{"0":{"start":{"line":21,"column":14},"end":{"line":30,"column":1}},"1":{"start":{"line":32,"column":0},"end":{"line":41,"column":4}},"2":{"start":{"line":38,"column":8},"end":{"line":38,"column":47}}},"fnMap":{"0":{"name":"(anonymous_0)","decl":{"start":{"line":37,"column":38},"end":{"line":37,"column":39}},"loc":{"start":{"line":38,"column":8},"end":{"line":38,"column":47}},"line":38}},"branchMap":{},"s":{"0":1,"1":1,"2":1},"f":{"0":1},"b":{},"_coverageSchema":"332fd63041d2c1bcb487cc26dd0d5f7d97098a6c","hash":"8d4db348d49efecefd9fdad871188e2ab3755b2b"}
,"/Users/riceyip/gss/vital-ui-kit-react/packages/web/stories/examples/Pill.stories.jsx": {"path":"/Users/riceyip/gss/vital-ui-kit-react/packages/web/stories/examples/Pill.stories.jsx","statementMap":{"0":{"start":{"line":20,"column":0},"end":{"line":35,"column":4}},"1":{"start":{"line":26,"column":8},"end":{"line":32,"column":21}}},"fnMap":{"0":{"name":"(anonymous_0)","decl":{"start":{"line":25,"column":32},"end":{"line":25,"column":33}},"loc":{"start":{"line":26,"column":8},"end":{"line":32,"column":21}},"line":26}},"branchMap":{},"s":{"0":1,"1":1},"f":{"0":1},"b":{},"_coverageSchema":"332fd63041d2c1bcb487cc26dd0d5f7d97098a6c","hash":"55aabdc62f89fc42ed022bec6e1f05537c553921"}
,"/Users/riceyip/gss/vital-ui-kit-react/packages/web/stories/examples/ProgressBar.stories.jsx": {"path":"/Users/riceyip/gss/vital-ui-kit-react/packages/web/stories/examples/ProgressBar.stories.jsx","statementMap":{"0":{"start":{"line":20,"column":0},"end":{"line":41,"column":4}},"1":{"start":{"line":26,"column":8},"end":{"line":38,"column":10}}},"fnMap":{"0":{"name":"(anonymous_0)","decl":{"start":{"line":25,"column":32},"end":{"line":25,"column":33}},"loc":{"start":{"line":26,"column":8},"end":{"line":38,"column":10}},"line":26}},"branchMap":{},"s":{"0":1,"1":1},"f":{"0":1},"b":{},"_coverageSchema":"332fd63041d2c1bcb487cc26dd0d5f7d97098a6c","hash":"173fac1d9f10586229a512598d34637f6e42629e"}
,"/Users/riceyip/gss/vital-ui-kit-react/packages/web/stories/examples/Radio.stories.jsx": {"path":"/Users/riceyip/gss/vital-ui-kit-react/packages/web/stories/examples/Radio.stories.jsx","statementMap":{"0":{"start":{"line":20,"column":14},"end":{"line":30,"column":1}},"1":{"start":{"line":32,"column":0},"end":{"line":47,"column":4}},"2":{"start":{"line":37,"column":39},"end":{"line":37,"column":67}},"3":{"start":{"line":44,"column":8},"end":{"line":44,"column":47}}},"fnMap":{"0":{"name":"(anonymous_0)","decl":{"start":{"line":37,"column":33},"end":{"line":37,"column":34}},"loc":{"start":{"line":37,"column":39},"end":{"line":37,"column":67}},"line":37},"1":{"name":"(anonymous_1)","decl":{"start":{"line":43,"column":34},"end":{"line":43,"column":35}},"loc":{"start":{"line":44,"column":8},"end":{"line":44,"column":47}},"line":44}},"branchMap":{},"s":{"0":1,"1":1,"2":1,"3":1},"f":{"0":1,"1":1},"b":{},"_coverageSchema":"332fd63041d2c1bcb487cc26dd0d5f7d97098a6c","hash":"ec3043de5bde0204219f86a86628d220795baea6"}
,"/Users/riceyip/gss/vital-ui-kit-react/packages/web/stories/examples/Slider.stories.jsx": {"path":"/Users/riceyip/gss/vital-ui-kit-react/packages/web/stories/examples/Slider.stories.jsx","statementMap":{"0":{"start":{"line":21,"column":14},"end":{"line":30,"column":1}},"1":{"start":{"line":32,"column":0},"end":{"line":80,"column":4}},"2":{"start":{"line":38,"column":8},"end":{"line":54,"column":10}},"3":{"start":{"line":62,"column":8},"end":{"line":77,"column":10}}},"fnMap":{"0":{"name":"(anonymous_0)","decl":{"start":{"line":37,"column":34},"end":{"line":37,"column":35}},"loc":{"start":{"line":38,"column":8},"end":{"line":54,"column":10}},"line":38},"1":{"name":"(anonymous_1)","decl":{"start":{"line":61,"column":46},"end":{"line":61,"column":47}},"loc":{"start":{"line":62,"column":8},"end":{"line":77,"column":10}},"line":62}},"branchMap":{},"s":{"0":1,"1":1,"2":1,"3":1},"f":{"0":1,"1":1},"b":{},"_coverageSchema":"332fd63041d2c1bcb487cc26dd0d5f7d97098a6c","hash":"ea10c866594c41aa5047c12a71d97ba6c8f3d960"}
,"/Users/riceyip/gss/vital-ui-kit-react/packages/web/stories/examples/Switch.stories.jsx": {"path":"/Users/riceyip/gss/vital-ui-kit-react/packages/web/stories/examples/Switch.stories.jsx","statementMap":{"0":{"start":{"line":20,"column":0},"end":{"line":57,"column":4}},"1":{"start":{"line":26,"column":8},"end":{"line":29,"column":10}},"2":{"start":{"line":37,"column":8},"end":{"line":41,"column":10}},"3":{"start":{"line":49,"column":8},"end":{"line":54,"column":10}}},"fnMap":{"0":{"name":"(anonymous_0)","decl":{"start":{"line":25,"column":34},"end":{"line":25,"column":35}},"loc":{"start":{"line":26,"column":8},"end":{"line":29,"column":10}},"line":26},"1":{"name":"(anonymous_1)","decl":{"start":{"line":36,"column":34},"end":{"line":36,"column":35}},"loc":{"start":{"line":37,"column":8},"end":{"line":41,"column":10}},"line":37},"2":{"name":"(anonymous_2)","decl":{"start":{"line":48,"column":34},"end":{"line":48,"column":35}},"loc":{"start":{"line":49,"column":8},"end":{"line":54,"column":10}},"line":49}},"branchMap":{},"s":{"0":1,"1":1,"2":1,"3":1},"f":{"0":1,"1":1,"2":1},"b":{},"_coverageSchema":"332fd63041d2c1bcb487cc26dd0d5f7d97098a6c","hash":"1bbfd21b506ff7f3af381847934e1a7109e19e65"}
,"/Users/riceyip/gss/vital-ui-kit-react/packages/web/stories/examples/Table.stories.jsx": {"path":"/Users/riceyip/gss/vital-ui-kit-react/packages/web/stories/examples/Table.stories.jsx","statementMap":{"0":{"start":{"line":28,"column":15},"end":{"line":47,"column":1}},"1":{"start":{"line":49,"column":0},"end":{"line":88,"column":5}},"2":{"start":{"line":55,"column":8},"end":{"line":71,"column":16}},"3":{"start":{"line":67,"column":33},"end":{"line":67,"column":54}},"4":{"start":{"line":76,"column":4},"end":{"line":87,"column":15}},"5":{"start":{"line":78,"column":8},"end":{"line":85,"column":16}}},"fnMap":{"0":{"name":"(anonymous_0)","decl":{"start":{"line":54,"column":34},"end":{"line":54,"column":35}},"loc":{"start":{"line":55,"column":8},"end":{"line":71,"column":16}},"line":55},"1":{"name":"(anonymous_1)","decl":{"start":{"line":67,"column":24},"end":{"line":67,"column":25}},"loc":{"start":{"line":67,"column":33},"end":{"line":67,"column":54}},"line":67},"2":{"name":"(anonymous_2)","decl":{"start":{"line":75,"column":35},"end":{"line":75,"column":36}},"loc":{"start":{"line":76,"column":4},"end":{"line":87,"column":15}},"line":76},"3":{"name":"(anonymous_3)","decl":{"start":{"line":77,"column":7},"end":{"line":77,"column":8}},"loc":{"start":{"line":78,"column":8},"end":{"line":85,"column":16}},"line":78}},"branchMap":{},"s":{"0":1,"1":1,"2":1,"3":2,"4":1,"5":0},"f":{"0":1,"1":2,"2":1,"3":0},"b":{},"_coverageSchema":"332fd63041d2c1bcb487cc26dd0d5f7d97098a6c","hash":"5487c6ccfb8e79cd020cbb5f6f5fad9221737f4b"}
,"/Users/riceyip/gss/vital-ui-kit-react/packages/web/stories/examples/Tabs.stories.jsx": {"path":"/Users/riceyip/gss/vital-ui-kit-react/packages/web/stories/examples/Tabs.stories.jsx","statementMap":{"0":{"start":{"line":21,"column":0},"end":{"line":125,"column":4}},"1":{"start":{"line":27,"column":8},"end":{"line":122,"column":15}}},"fnMap":{"0":{"name":"(anonymous_0)","decl":{"start":{"line":26,"column":36},"end":{"line":26,"column":37}},"loc":{"start":{"line":27,"column":8},"end":{"line":122,"column":15}},"line":27}},"branchMap":{},"s":{"0":1,"1":1},"f":{"0":1},"b":{},"_coverageSchema":"332fd63041d2c1bcb487cc26dd0d5f7d97098a6c","hash":"94fe860af7fb30c0edd1a84a39f046046938ff34"}
,"/Users/riceyip/gss/vital-ui-kit-react/packages/web/stories/utils/space.md": {"path":"/Users/riceyip/gss/vital-ui-kit-react/packages/web/stories/utils/space.md","statementMap":{"0":{"start":{"line":1,"column":0},"end":{"line":1,"column":175}}},"fnMap":{},"branchMap":{},"s":{"0":1},"f":{},"b":{},"_coverageSchema":"332fd63041d2c1bcb487cc26dd0d5f7d97098a6c","hash":"7def0187a28d51199009aa97076d0844e0cbbc73"}
,"/Users/riceyip/gss/vital-ui-kit-react/packages/web/stories/utils/space.stories.jsx": {"path":"/Users/riceyip/gss/vital-ui-kit-react/packages/web/stories/utils/space.stories.jsx","statementMap":{"0":{"start":{"line":22,"column":18},"end":{"line":24,"column":1}},"1":{"start":{"line":26,"column":0},"end":{"line":33,"column":4}},"2":{"start":{"line":31,"column":6},"end":{"line":31,"column":70}}},"fnMap":{"0":{"name":"(anonymous_0)","decl":{"start":{"line":30,"column":17},"end":{"line":30,"column":18}},"loc":{"start":{"line":31,"column":6},"end":{"line":31,"column":70}},"line":31}},"branchMap":{},"s":{"0":1,"1":1,"2":1},"f":{"0":1},"b":{},"_coverageSchema":"332fd63041d2c1bcb487cc26dd0d5f7d97098a6c","hash":"2aac00faf1dc4b80597cc4a570ea2d11ecc9d8f1"}
}
