TN:
SF:/Users/riceyip/gss/vital-ui-kit-react/packages/web/src/index.js
FNF:0
FNH:0
LF:0
LH:0
BRF:0
BRH:0
end_of_record
TN:
SF:/Users/riceyip/gss/vital-ui-kit-react/packages/web/src/Avatar/Avatar.jsx
FN:25,(anonymous_0)
FN:26,(anonymous_1)
FN:27,(anonymous_2)
FN:29,(anonymous_3)
FN:61,(anonymous_4)
FN:73,(anonymous_5)
FN:88,(anonymous_6)
FNF:7
FNH:7
FNDA:6,(anonymous_0)
FNDA:6,(anonymous_1)
FNDA:6,(anonymous_2)
FNDA:6,(anonymous_3)
FNDA:6,(anonymous_4)
FNDA:6,(anonymous_5)
FNDA:6,(anonymous_6)
DA:19,1
DA:24,1
DA:25,6
DA:26,6
DA:28,6
DA:29,6
DA:61,1
DA:73,6
DA:74,6
DA:75,3
DA:78,3
DA:88,6
DA:89,6
DA:90,0
DA:92,6
DA:93,1
DA:94,1
DA:95,0
DA:97,5
DA:98,4
DA:99,2
DA:100,1
DA:102,1
DA:103,1
DA:105,0
DA:108,6
DA:122,1
LF:27
LH:24
BRDA:28,0,0,5
BRDA:28,0,1,1
BRDA:74,1,0,3
BRDA:74,1,1,3
BRDA:89,2,0,0
BRDA:89,2,1,6
BRDA:92,3,0,1
BRDA:92,3,1,5
BRDA:92,4,0,6
BRDA:92,4,1,2
BRDA:93,5,0,0
BRDA:93,5,1,1
BRDA:94,6,0,1
BRDA:94,6,1,0
BRDA:97,7,0,4
BRDA:97,7,1,1
BRDA:97,8,0,5
BRDA:97,8,1,4
BRDA:98,9,0,2
BRDA:98,9,1,2
BRDA:99,10,0,1
BRDA:99,10,1,1
BRDA:102,11,0,1
BRDA:102,11,1,0
BRDA:102,12,0,1
BRDA:102,12,1,1
BRF:26
BRH:22
end_of_record
TN:
SF:/Users/riceyip/gss/vital-ui-kit-react/packages/web/src/Avatar/AvatarBadge.jsx
FN:9,(anonymous_0)
FN:47,(anonymous_1)
FN:48,(anonymous_2)
FN:50,(anonymous_3)
FN:51,(anonymous_4)
FN:52,(anonymous_5)
FN:62,(anonymous_6)
FNF:7
FNH:7
FNDA:3,(anonymous_0)
FNDA:3,(anonymous_1)
FNDA:3,(anonymous_2)
FNDA:3,(anonymous_3)
FNDA:3,(anonymous_4)
FNDA:3,(anonymous_5)
FNDA:3,(anonymous_6)
DA:9,1
DA:10,3
DA:11,1
DA:21,2
DA:45,1
DA:47,3
DA:48,3
DA:50,3
DA:51,3
DA:52,3
DA:62,1
DA:63,3
DA:68,1
LF:13
LH:13
BRDA:10,0,0,1
BRDA:10,0,1,2
BRDA:15,1,0,1
BRDA:15,1,1,0
BRDA:16,2,0,1
BRDA:16,2,1,0
BRDA:17,3,0,1
BRDA:17,3,1,0
BRDA:28,4,0,1
BRDA:28,4,1,1
BRDA:29,5,0,1
BRDA:29,5,1,1
BRDA:30,6,0,1
BRDA:30,6,1,1
BRDA:37,7,0,2
BRDA:37,7,1,0
BRDA:64,8,0,1
BRDA:64,8,1,2
BRF:18
BRH:14
end_of_record
TN:
SF:/Users/riceyip/gss/vital-ui-kit-react/packages/web/src/Avatar/constants.js
FNF:0
FNH:0
DA:1,1
DA:24,1
LF:2
LH:2
BRF:0
BRH:0
end_of_record
TN:
SF:/Users/riceyip/gss/vital-ui-kit-react/packages/web/src/Avatar/index.js
FNF:0
FNH:0
LF:0
LH:0
BRF:0
BRH:0
end_of_record
TN:
SF:/Users/riceyip/gss/vital-ui-kit-react/packages/web/src/Badge/Badge.jsx
FN:12,(anonymous_0)
FN:46,(anonymous_1)
FNF:2
FNH:2
FNDA:10,(anonymous_0)
FNDA:10,(anonymous_1)
DA:12,10
DA:19,1
DA:46,1
DA:47,10
DA:52,1
LF:5
LH:5
BRDA:14,0,0,1
BRDA:14,0,1,9
BRDA:16,1,0,1
BRDA:16,1,1,9
BRDA:48,2,0,10
BRDA:48,2,1,0
BRF:6
BRH:5
end_of_record
TN:
SF:/Users/riceyip/gss/vital-ui-kit-react/packages/web/src/Badge/index.js
FNF:0
FNH:0
LF:0
LH:0
BRF:0
BRH:0
end_of_record
TN:
SF:/Users/riceyip/gss/vital-ui-kit-react/packages/web/src/Box/Box.jsx
FN:17,(anonymous_0)
FNF:1
FNH:1
FNDA:4,(anonymous_0)
DA:7,1
DA:17,1
DA:18,4
DA:23,1
LF:4
LH:4
BRF:0
BRH:0
end_of_record
TN:
SF:/Users/riceyip/gss/vital-ui-kit-react/packages/web/src/Box/index.js
FNF:0
FNH:0
LF:0
LH:0
BRF:0
BRH:0
end_of_record
TN:
SF:/Users/riceyip/gss/vital-ui-kit-react/packages/web/src/Button/Button.jsx
FN:79,(anonymous_0)
FN:85,(anonymous_1)
FNF:2
FNH:1
FNDA:0,(anonymous_0)
FNDA:73,(anonymous_1)
DA:86,73
DA:87,73
LF:2
LH:2
BRF:0
BRH:0
end_of_record
TN:
SF:/Users/riceyip/gss/vital-ui-kit-react/packages/web/src/Button/ButtonGroup.jsx
FN:12,(anonymous_0)
FN:29,(anonymous_1)
FNF:2
FNH:2
FNDA:10,(anonymous_0)
FNDA:10,(anonymous_1)
DA:10,1
DA:13,10
DA:29,1
DA:34,10
DA:39,1
LF:5
LH:5
BRDA:13,0,0,0
BRDA:13,0,1,10
BRF:2
BRH:1
end_of_record
TN:
SF:/Users/riceyip/gss/vital-ui-kit-react/packages/web/src/Button/constant.js
FN:34,(anonymous_0)
FNF:1
FNH:1
FNDA:172,(anonymous_0)
DA:1,1
DA:34,172
LF:2
LH:2
BRF:0
BRH:0
end_of_record
TN:
SF:/Users/riceyip/gss/vital-ui-kit-react/packages/web/src/Button/index.js
FNF:0
FNH:0
LF:0
LH:0
BRF:0
BRH:0
end_of_record
TN:
SF:/Users/riceyip/gss/vital-ui-kit-react/packages/web/src/Button/styled.js
FN:8,(anonymous_0)
FN:9,(anonymous_1)
FN:13,(anonymous_2)
FN:14,(anonymous_3)
FN:15,(anonymous_4)
FN:16,(anonymous_5)
FN:21,(anonymous_6)
FN:28,(anonymous_7)
FN:32,(anonymous_8)
FN:35,(anonymous_9)
FN:51,(anonymous_10)
FN:82,(anonymous_11)
FN:93,(anonymous_12)
FN:106,(anonymous_13)
FN:117,(anonymous_14)
FN:125,(anonymous_15)
FN:139,(anonymous_16)
FN:140,(anonymous_17)
FN:141,(anonymous_18)
FNF:19
FNH:19
FNDA:73,(anonymous_0)
FNDA:73,(anonymous_1)
FNDA:73,(anonymous_2)
FNDA:73,(anonymous_3)
FNDA:73,(anonymous_4)
FNDA:73,(anonymous_5)
FNDA:73,(anonymous_6)
FNDA:73,(anonymous_7)
FNDA:73,(anonymous_8)
FNDA:73,(anonymous_9)
FNDA:73,(anonymous_10)
FNDA:73,(anonymous_11)
FNDA:73,(anonymous_12)
FNDA:73,(anonymous_13)
FNDA:73,(anonymous_14)
FNDA:73,(anonymous_15)
FNDA:73,(anonymous_16)
FNDA:73,(anonymous_17)
FNDA:73,(anonymous_18)
DA:6,1
DA:8,73
DA:9,73
DA:13,73
DA:14,73
DA:15,73
DA:16,73
DA:21,73
DA:28,73
DA:32,73
DA:36,73
DA:52,73
DA:83,73
DA:94,73
DA:107,73
DA:118,73
DA:126,73
DA:139,73
DA:140,73
DA:141,73
LF:20
LH:20
BRDA:36,0,0,73
BRDA:36,0,1,21
BRDA:38,1,0,1
BRDA:38,1,1,20
BRDA:41,2,0,16
BRDA:41,2,1,5
BRDA:52,3,0,73
BRDA:52,3,1,22
BRDA:54,4,0,9
BRDA:54,4,1,13
BRDA:57,5,0,9
BRDA:57,5,1,13
BRDA:60,6,0,9
BRDA:60,6,1,13
BRDA:65,7,0,9
BRDA:65,7,1,13
BRDA:68,8,0,9
BRDA:68,8,1,13
BRDA:73,9,0,9
BRDA:73,9,1,13
BRDA:76,10,0,9
BRDA:76,10,1,13
BRDA:83,11,0,73
BRDA:83,11,1,7
BRDA:94,12,0,73
BRDA:94,12,1,7
BRDA:107,13,0,73
BRDA:107,13,1,7
BRDA:107,13,2,2
BRDA:118,14,0,73
BRDA:118,14,1,2
BRDA:126,15,0,73
BRDA:126,15,1,3
BRF:33
BRH:33
end_of_record
TN:
SF:/Users/riceyip/gss/vital-ui-kit-react/packages/web/src/Card/Card.jsx
FN:24,(anonymous_0)
FN:25,(anonymous_1)
FN:27,(anonymous_2)
FN:28,(anonymous_3)
FN:29,(anonymous_4)
FN:54,(anonymous_5)
FNF:6
FNH:6
FNDA:6,(anonymous_0)
FNDA:6,(anonymous_1)
FNDA:6,(anonymous_2)
FNDA:6,(anonymous_3)
FNDA:6,(anonymous_4)
FNDA:6,(anonymous_5)
DA:15,1
DA:24,6
DA:26,6
DA:27,6
DA:28,6
DA:29,6
DA:54,1
DA:61,6
DA:66,1
DA:72,1
DA:73,1
DA:74,1
DA:75,1
LF:13
LH:13
BRDA:26,0,0,0
BRDA:26,0,1,6
BRF:2
BRH:1
end_of_record
TN:
SF:/Users/riceyip/gss/vital-ui-kit-react/packages/web/src/Card/Container.jsx
FN:9,(anonymous_0)
FN:19,(anonymous_1)
FNF:2
FNH:2
FNDA:6,(anonymous_0)
FNDA:6,(anonymous_1)
DA:5,1
DA:9,6
DA:19,1
DA:20,6
LF:4
LH:4
BRF:0
BRH:0
end_of_record
TN:
SF:/Users/riceyip/gss/vital-ui-kit-react/packages/web/src/Card/Footer.jsx
FN:15,(anonymous_0)
FN:27,(anonymous_1)
FNF:2
FNH:2
FNDA:6,(anonymous_0)
FNDA:6,(anonymous_1)
DA:10,1
DA:15,6
DA:27,1
DA:28,6
LF:4
LH:4
BRF:0
BRH:0
end_of_record
TN:
SF:/Users/riceyip/gss/vital-ui-kit-react/packages/web/src/Card/FooterButton.jsx
FN:24,(anonymous_0)
FN:36,(anonymous_1)
FN:47,(anonymous_2)
FN:50,(anonymous_3)
FN:60,(anonymous_4)
FNF:5
FNH:5
FNDA:6,(anonymous_0)
FNDA:6,(anonymous_1)
FNDA:6,(anonymous_2)
FNDA:6,(anonymous_3)
FNDA:6,(anonymous_4)
DA:10,1
DA:24,6
DA:29,1
DA:36,6
DA:47,6
DA:50,6
DA:60,1
DA:66,6
DA:71,1
LF:9
LH:9
BRF:0
BRH:0
end_of_record
TN:
SF:/Users/riceyip/gss/vital-ui-kit-react/packages/web/src/Card/Header.jsx
FN:11,(anonymous_0)
FN:12,(anonymous_1)
FN:23,(anonymous_2)
FN:25,(anonymous_3)
FN:26,(anonymous_4)
FN:27,(anonymous_5)
FN:58,(anonymous_6)
FNF:7
FNH:7
FNDA:4,(anonymous_0)
FNDA:4,(anonymous_1)
FNDA:1,(anonymous_2)
FNDA:1,(anonymous_3)
FNDA:1,(anonymous_4)
FNDA:1,(anonymous_5)
FNDA:4,(anonymous_6)
DA:7,1
DA:11,4
DA:12,4
DA:19,1
DA:23,1
DA:25,1
DA:26,1
DA:27,1
DA:40,1
DA:45,1
DA:58,1
DA:66,4
DA:67,1
DA:75,3
DA:88,1
LF:15
LH:15
BRDA:66,0,0,1
BRDA:66,0,1,3
BRDA:77,1,0,3
BRDA:77,1,1,3
BRDA:78,2,0,3
BRDA:78,2,1,1
BRF:6
BRH:6
end_of_record
TN:
SF:/Users/riceyip/gss/vital-ui-kit-react/packages/web/src/Card/index.js
FNF:0
FNH:0
LF:0
LH:0
BRF:0
BRH:0
end_of_record
TN:
SF:/Users/riceyip/gss/vital-ui-kit-react/packages/web/src/Checkbox/Checkbox.jsx
FN:20,(anonymous_0)
FN:26,(anonymous_1)
FN:35,(anonymous_2)
FN:36,(anonymous_3)
FN:37,(anonymous_4)
FN:39,(anonymous_5)
FN:43,(anonymous_6)
FN:56,(anonymous_7)
FN:57,(anonymous_8)
FN:86,iconColor
FN:130,(anonymous_10)
FN:134,(anonymous_11)
FN:139,(anonymous_12)
FNF:13
FNH:11
FNDA:4,(anonymous_0)
FNDA:4,(anonymous_1)
FNDA:4,(anonymous_2)
FNDA:4,(anonymous_3)
FNDA:4,(anonymous_4)
FNDA:4,(anonymous_5)
FNDA:4,(anonymous_6)
FNDA:4,(anonymous_7)
FNDA:4,(anonymous_8)
FNDA:4,iconColor
FNDA:0,(anonymous_10)
FNDA:0,(anonymous_11)
FNDA:4,(anonymous_12)
DA:14,1
DA:21,4
DA:25,1
DA:26,4
DA:29,1
DA:35,4
DA:36,4
DA:38,4
DA:39,4
DA:44,4
DA:47,1
DA:51,1
DA:56,4
DA:58,4
DA:87,4
DA:88,0
DA:90,4
DA:91,0
DA:93,4
DA:131,0
DA:132,0
DA:133,0
DA:134,0
DA:148,4
DA:149,4
LF:25
LH:19
BRDA:36,0,0,0
BRDA:36,0,1,4
BRDA:38,1,0,4
BRDA:38,1,1,0
BRDA:44,2,0,0
BRDA:44,2,1,4
BRDA:56,3,0,0
BRDA:56,3,1,4
BRDA:58,4,0,0
BRDA:58,4,1,4
BRDA:87,5,0,0
BRDA:87,5,1,4
BRDA:90,6,0,0
BRDA:90,6,1,4
BRDA:127,7,0,4
BRDA:127,7,1,4
BRDA:132,8,0,0
BRDA:132,8,1,0
BRDA:133,9,0,0
BRDA:133,9,1,0
BRF:20
BRH:9
end_of_record
TN:
SF:/Users/riceyip/gss/vital-ui-kit-react/packages/web/src/Checkbox/CheckboxGroup.jsx
FN:16,(anonymous_0)
FNF:1
FNH:1
FNDA:1,(anonymous_0)
DA:10,1
DA:16,1
DA:17,1
LF:3
LH:3
BRF:0
BRH:0
end_of_record
TN:
SF:/Users/riceyip/gss/vital-ui-kit-react/packages/web/src/Checkbox/index.js
FNF:0
FNH:0
LF:0
LH:0
BRF:0
BRH:0
end_of_record
TN:
SF:/Users/riceyip/gss/vital-ui-kit-react/packages/web/src/Form/FieldInput.jsx
FN:9,(anonymous_0)
FN:10,(anonymous_1)
FN:14,(anonymous_2)
FN:50,(anonymous_3)
FNF:4
FNH:4
FNDA:13,(anonymous_0)
FNDA:13,(anonymous_1)
FNDA:13,(anonymous_2)
FNDA:13,(anonymous_3)
DA:8,1
DA:9,13
DA:10,13
DA:15,13
DA:50,1
DA:58,13
DA:64,1
LF:7
LH:7
BRDA:9,0,0,7
BRDA:9,0,1,6
BRDA:10,1,0,7
BRDA:10,1,1,6
BRDA:15,2,0,13
BRDA:15,2,1,7
BRF:6
BRH:6
end_of_record
TN:
SF:/Users/riceyip/gss/vital-ui-kit-react/packages/web/src/Form/MultipleInput.jsx
FN:51,(anonymous_0)
FN:73,(anonymous_1)
FN:75,(anonymous_2)
FNF:3
FNH:3
FNDA:20,(anonymous_0)
FNDA:8,(anonymous_1)
FNDA:20,(anonymous_2)
DA:6,1
DA:13,1
DA:52,20
DA:73,1
DA:74,8
DA:76,20
LF:6
LH:6
BRDA:52,0,0,20
BRDA:52,0,1,4
BRF:2
BRH:2
end_of_record
TN:
SF:/Users/riceyip/gss/vital-ui-kit-react/packages/web/src/Form/index.js
FNF:0
FNH:0
LF:0
LH:0
BRF:0
BRH:0
end_of_record
TN:
SF:/Users/riceyip/gss/vital-ui-kit-react/packages/web/src/Form/Input/Input.jsx
FN:54,(anonymous_0)
FN:59,(anonymous_1)
FN:65,(anonymous_2)
FN:72,(anonymous_3)
FNF:4
FNH:2
FNDA:0,(anonymous_0)
FNDA:0,(anonymous_1)
FNDA:16,(anonymous_2)
FNDA:32,(anonymous_3)
DA:55,0
DA:56,0
DA:60,0
DA:66,16
DA:73,32
LF:5
LH:2
BRDA:51,0,0,16
BRDA:51,0,1,15
BRDA:56,1,0,0
BRDA:56,1,1,0
BRF:4
BRH:2
end_of_record
TN:
SF:/Users/riceyip/gss/vital-ui-kit-react/packages/web/src/Form/Input/StatelessInput.jsx
FN:9,(anonymous_0)
FN:26,(anonymous_1)
FN:53,(anonymous_2)
FN:54,(anonymous_3)
FN:96,(anonymous_4)
FN:102,(anonymous_5)
FN:129,(anonymous_6)
FNF:7
FNH:6
FNDA:3,(anonymous_0)
FNDA:19,(anonymous_1)
FNDA:3,(anonymous_2)
FNDA:3,(anonymous_3)
FNDA:0,(anonymous_4)
FNDA:19,(anonymous_5)
FNDA:38,(anonymous_6)
DA:9,1
DA:10,3
DA:11,1
DA:16,2
DA:26,1
DA:27,19
DA:28,3
DA:29,2
DA:31,1
DA:33,16
DA:36,1
DA:40,1
DA:47,1
DA:53,3
DA:54,3
DA:97,0
DA:115,19
DA:116,19
DA:130,38
LF:19
LH:18
BRDA:10,0,0,1
BRDA:10,0,1,2
BRDA:27,1,0,3
BRDA:27,1,1,16
BRDA:28,2,0,2
BRDA:28,2,1,1
BRDA:114,3,0,0
BRDA:134,4,0,19
BRDA:134,4,1,3
BRF:9
BRH:8
end_of_record
TN:
SF:/Users/riceyip/gss/vital-ui-kit-react/packages/web/src/Form/TextArea/StatelessTextArea.jsx
FN:11,(anonymous_0)
FN:47,(anonymous_1)
FN:53,(anonymous_2)
FN:78,(anonymous_3)
FNF:4
FNH:3
FNDA:3,(anonymous_0)
FNDA:0,(anonymous_1)
FNDA:3,(anonymous_2)
FNDA:6,(anonymous_3)
DA:8,1
DA:11,3
DA:48,0
DA:65,3
DA:66,3
DA:79,6
LF:6
LH:5
BRDA:11,0,0,0
BRDA:11,0,1,3
BRF:2
BRH:1
end_of_record
TN:
SF:/Users/riceyip/gss/vital-ui-kit-react/packages/web/src/Form/TextArea/TextArea.jsx
FN:55,(anonymous_0)
FN:60,(anonymous_1)
FN:66,(anonymous_2)
FN:72,(anonymous_3)
FNF:4
FNH:2
FNDA:0,(anonymous_0)
FNDA:0,(anonymous_1)
FNDA:2,(anonymous_2)
FNDA:4,(anonymous_3)
DA:56,0
DA:57,0
DA:61,0
DA:67,2
DA:73,4
LF:5
LH:2
BRDA:52,0,0,2
BRDA:52,0,1,2
BRDA:57,1,0,0
BRDA:57,1,1,0
BRF:4
BRH:2
end_of_record
TN:
SF:/Users/riceyip/gss/vital-ui-kit-react/packages/web/src/Form/components/Addon.jsx
FN:12,(anonymous_0)
FN:14,(anonymous_1)
FN:15,(anonymous_2)
FN:26,(anonymous_3)
FNF:4
FNH:4
FNDA:4,(anonymous_0)
FNDA:4,(anonymous_1)
FNDA:4,(anonymous_2)
FNDA:4,(anonymous_3)
DA:6,1
DA:12,4
DA:14,4
DA:15,4
DA:26,4
LF:5
LH:5
BRF:0
BRH:0
end_of_record
TN:
SF:/Users/riceyip/gss/vital-ui-kit-react/packages/web/src/Form/components/FieldBase.js
FN:4,(anonymous_0)
FN:37,(anonymous_1)
FN:50,(anonymous_2)
FN:56,(anonymous_3)
FNF:4
FNH:4
FNDA:22,(anonymous_0)
FNDA:22,(anonymous_1)
FNDA:22,(anonymous_2)
FNDA:22,(anonymous_3)
DA:4,22
DA:38,22
DA:51,22
DA:57,22
LF:4
LH:4
BRDA:38,0,0,22
BRDA:38,0,1,0
BRDA:51,1,0,22
BRDA:51,1,1,0
BRDA:57,2,0,22
BRDA:57,2,1,0
BRF:6
BRH:3
end_of_record
TN:
SF:/Users/riceyip/gss/vital-ui-kit-react/packages/web/src/Form/components/Hint.jsx
FN:15,(anonymous_0)
FN:25,(anonymous_1)
FNF:2
FNH:2
FNDA:2,(anonymous_0)
FNDA:2,(anonymous_1)
DA:8,1
DA:15,2
DA:25,1
DA:26,2
DA:31,1
LF:5
LH:5
BRF:0
BRH:0
end_of_record
TN:
SF:/Users/riceyip/gss/vital-ui-kit-react/packages/web/src/Form/components/Label.jsx
FN:9,(anonymous_0)
FN:12,(anonymous_1)
FN:14,(anonymous_2)
FN:32,(anonymous_3)
FN:58,(anonymous_4)
FNF:5
FNH:5
FNDA:13,(anonymous_0)
FNDA:13,(anonymous_1)
FNDA:13,(anonymous_2)
FNDA:13,(anonymous_3)
FNDA:13,(anonymous_4)
DA:6,1
DA:9,13
DA:12,13
DA:15,13
DA:33,13
DA:58,1
DA:59,13
DA:64,1
LF:8
LH:8
BRDA:15,0,0,13
BRDA:15,0,1,4
BRDA:33,1,0,13
BRDA:33,1,1,0
BRF:4
BRH:3
end_of_record
TN:
SF:/Users/riceyip/gss/vital-ui-kit-react/packages/web/src/Icon/Icon.jsx
FN:12,getIcon
FN:14,(anonymous_1)
FN:49,(anonymous_2)
FN:78,(anonymous_3)
FNF:4
FNH:3
FNDA:706,getIcon
FNDA:232606,(anonymous_1)
FNDA:706,(anonymous_2)
FNDA:0,(anonymous_3)
DA:13,706
DA:14,232606
DA:16,706
DA:17,706
DA:23,0
DA:26,0
DA:49,1
DA:57,706
DA:58,706
DA:59,0
DA:61,706
DA:74,1
LF:12
LH:9
BRDA:16,0,0,706
BRDA:16,0,1,0
BRDA:54,1,0,0
BRDA:58,2,0,0
BRDA:58,2,1,706
BRDA:65,3,0,706
BRDA:65,3,1,2
BRDA:69,4,0,706
BRDA:69,4,1,706
BRF:9
BRH:6
end_of_record
TN:
SF:/Users/riceyip/gss/vital-ui-kit-react/packages/web/src/Icon/index.js
FNF:0
FNH:0
LF:0
LH:0
BRF:0
BRH:0
end_of_record
TN:
SF:/Users/riceyip/gss/vital-ui-kit-react/packages/web/src/Icon/components/IconProvider.js
FN:17,(anonymous_0)
FN:22,(anonymous_1)
FNF:2
FNH:2
FNDA:50,(anonymous_0)
FNDA:50,(anonymous_1)
DA:18,50
DA:19,50
DA:23,50
DA:24,0
DA:26,50
LF:5
LH:4
BRDA:23,0,0,0
BRDA:23,0,1,50
BRF:2
BRH:1
end_of_record
TN:
SF:/Users/riceyip/gss/vital-ui-kit-react/packages/web/src/Icon/components/withIcon.jsx
FN:10,(anonymous_0)
FN:17,(anonymous_1)
FNF:2
FNH:2
FNDA:1,(anonymous_0)
FNDA:706,(anonymous_1)
DA:10,1
DA:11,1
DA:18,706
DA:20,706
LF:4
LH:4
BRF:0
BRH:0
end_of_record
TN:
SF:/Users/riceyip/gss/vital-ui-kit-react/packages/web/src/Layout/Layout.jsx
FN:64,(anonymous_0)
FN:68,(anonymous_1)
FN:71,(anonymous_2)
FN:74,(anonymous_3)
FNF:4
FNH:4
FNDA:2,(anonymous_0)
FNDA:6,(anonymous_1)
FNDA:6,(anonymous_2)
FNDA:6,(anonymous_3)
DA:10,1
DA:17,1
DA:21,1
DA:28,1
DA:33,1
DA:38,1
DA:39,1
DA:40,1
DA:65,2
DA:66,2
DA:68,6
DA:70,2
DA:71,6
DA:73,2
DA:74,6
DA:76,2
LF:16
LH:16
BRDA:78,0,0,2
BRDA:78,0,1,2
BRF:2
BRH:2
end_of_record
TN:
SF:/Users/riceyip/gss/vital-ui-kit-react/packages/web/src/Layout/index.js
FNF:0
FNH:0
LF:0
LH:0
BRF:0
BRH:0
end_of_record
TN:
SF:/Users/riceyip/gss/vital-ui-kit-react/packages/web/src/List/List.jsx
FN:44,(anonymous_0)
FN:48,(anonymous_1)
FN:49,(anonymous_2)
FN:56,(anonymous_3)
FN:57,(anonymous_4)
FN:59,(anonymous_5)
FN:69,(anonymous_6)
FNF:7
FNH:5
FNDA:8,(anonymous_0)
FNDA:0,(anonymous_1)
FNDA:0,(anonymous_2)
FNDA:2,(anonymous_3)
FNDA:4,(anonymous_4)
FNDA:8,(anonymous_5)
FNDA:2,(anonymous_6)
DA:45,8
DA:49,0
DA:50,0
DA:51,0
DA:57,2
DA:58,4
DA:60,8
DA:76,2
DA:77,2
LF:9
LH:6
BRDA:50,0,0,0
BRDA:50,0,1,0
BRDA:50,1,0,0
BRDA:50,1,1,0
BRF:4
BRH:0
end_of_record
TN:
SF:/Users/riceyip/gss/vital-ui-kit-react/packages/web/src/List/ListContent.js
FN:12,(anonymous_0)
FN:14,(anonymous_1)
FNF:2
FNH:2
FNDA:3,(anonymous_0)
FNDA:3,(anonymous_1)
DA:9,1
DA:13,3
DA:15,3
LF:3
LH:3
BRDA:13,0,0,0
BRDA:13,0,1,3
BRDA:15,1,0,0
BRDA:15,1,1,3
BRF:4
BRH:2
end_of_record
TN:
SF:/Users/riceyip/gss/vital-ui-kit-react/packages/web/src/List/ListItem.jsx
FN:23,(anonymous_0)
FN:24,(anonymous_1)
FN:32,(anonymous_2)
FN:38,(anonymous_3)
FN:84,(anonymous_4)
FN:90,(anonymous_5)
FN:102,(anonymous_6)
FN:115,(anonymous_7)
FN:117,(anonymous_8)
FN:120,(anonymous_9)
FN:121,(anonymous_10)
FN:133,(anonymous_11)
FN:138,(anonymous_12)
FN:146,(anonymous_13)
FN:179,(anonymous_14)
FNF:15
FNH:9
FNDA:9,(anonymous_0)
FNDA:9,(anonymous_1)
FNDA:7,(anonymous_2)
FNDA:4,(anonymous_3)
FNDA:12,(anonymous_4)
FNDA:0,(anonymous_5)
FNDA:0,(anonymous_6)
FNDA:0,(anonymous_7)
FNDA:0,(anonymous_8)
FNDA:0,(anonymous_9)
FNDA:0,(anonymous_10)
FNDA:9,(anonymous_11)
FNDA:4,(anonymous_12)
FNDA:12,(anonymous_13)
FNDA:14,(anonymous_14)
DA:16,1
DA:18,1
DA:23,9
DA:25,9
DA:30,1
DA:32,7
DA:36,1
DA:38,4
DA:85,12
DA:86,0
DA:91,0
DA:92,0
DA:93,0
DA:95,0
DA:96,0
DA:97,0
DA:103,0
DA:105,0
DA:106,0
DA:108,0
DA:116,0
DA:117,0
DA:121,0
DA:122,0
DA:123,0
DA:125,0
DA:134,9
DA:139,4
DA:155,12
DA:157,12
DA:180,14
LF:31
LH:14
BRDA:23,0,0,0
BRDA:23,0,1,9
BRDA:25,1,0,0
BRDA:25,1,1,9
BRDA:38,2,0,3
BRDA:38,2,1,1
BRDA:81,3,0,12
BRDA:81,3,1,12
BRDA:85,4,0,0
BRDA:85,4,1,12
BRDA:86,5,0,0
BRDA:86,5,1,0
BRDA:91,6,0,0
BRDA:91,6,1,0
BRDA:92,7,0,0
BRDA:92,7,1,0
BRDA:92,8,0,0
BRDA:92,8,1,0
BRDA:93,9,0,0
BRDA:93,9,1,0
BRDA:96,10,0,0
BRDA:96,10,1,0
BRDA:105,11,0,0
BRDA:105,11,1,0
BRDA:109,12,0,0
BRDA:109,12,1,0
BRDA:110,13,0,0
BRDA:110,13,1,0
BRDA:112,14,0,0
BRDA:112,14,1,0
BRDA:122,15,0,0
BRDA:122,15,1,0
BRDA:134,16,0,7
BRDA:134,16,1,2
BRDA:140,17,0,4
BRDA:140,17,1,2
BRDA:168,18,0,12
BRDA:168,18,1,4
BRDA:169,19,0,12
BRDA:169,19,1,5
BRDA:169,19,2,9
BRDA:177,20,0,12
BRDA:177,20,1,7
BRF:43
BRH:18
end_of_record
TN:
SF:/Users/riceyip/gss/vital-ui-kit-react/packages/web/src/List/SubListItem.jsx
FN:16,(anonymous_0)
FN:22,(anonymous_1)
FN:23,(anonymous_2)
FNF:3
FNH:3
FNDA:7,(anonymous_0)
FNDA:7,(anonymous_1)
FNDA:11,(anonymous_2)
DA:16,1
DA:22,7
DA:23,7
DA:24,11
DA:30,7
LF:5
LH:5
BRF:0
BRH:0
end_of_record
TN:
SF:/Users/riceyip/gss/vital-ui-kit-react/packages/web/src/List/index.js
FNF:0
FNH:0
LF:0
LH:0
BRF:0
BRH:0
end_of_record
TN:
SF:/Users/riceyip/gss/vital-ui-kit-react/packages/web/src/List/styled.js
FN:4,(anonymous_0)
FN:21,(anonymous_1)
FN:44,(anonymous_2)
FN:48,(anonymous_3)
FN:51,(anonymous_4)
FN:64,(anonymous_5)
FN:66,(anonymous_6)
FN:68,(anonymous_7)
FN:70,(anonymous_8)
FN:71,(anonymous_9)
FNF:10
FNH:10
FNDA:12,(anonymous_0)
FNDA:12,(anonymous_1)
FNDA:2,(anonymous_2)
FNDA:12,(anonymous_3)
FNDA:12,(anonymous_4)
FNDA:12,(anonymous_5)
FNDA:12,(anonymous_6)
FNDA:12,(anonymous_7)
FNDA:12,(anonymous_8)
FNDA:12,(anonymous_9)
DA:4,1
DA:5,12
DA:6,9
DA:18,3
DA:21,1
DA:22,12
DA:23,4
DA:30,8
DA:39,1
DA:44,2
DA:47,1
DA:48,12
DA:51,12
DA:55,1
DA:65,12
DA:67,12
DA:69,12
DA:70,12
DA:71,12
DA:74,1
LF:20
LH:20
BRDA:5,0,0,9
BRDA:5,0,1,3
BRDA:5,1,0,12
BRDA:5,1,1,10
BRDA:22,2,0,4
BRDA:22,2,1,8
BRDA:24,3,0,0
BRDA:24,3,1,4
BRDA:27,4,0,0
BRDA:27,4,1,4
BRDA:32,5,0,0
BRDA:32,5,1,8
BRDA:33,6,0,0
BRDA:33,6,1,8
BRDA:44,7,0,1
BRDA:44,7,1,1
BRDA:48,8,0,0
BRDA:48,8,1,12
BRDA:51,9,0,0
BRDA:51,9,1,12
BRDA:65,10,0,0
BRDA:65,10,1,12
BRDA:65,11,0,12
BRDA:65,11,1,2
BRDA:67,12,0,2
BRDA:67,12,1,10
BRDA:69,13,0,2
BRDA:69,13,1,10
BRF:28
BRH:21
end_of_record
TN:
SF:/Users/riceyip/gss/vital-ui-kit-react/packages/web/src/Menu/Menu.jsx
FN:29,(anonymous_0)
FN:33,(anonymous_1)
FNF:2
FNH:2
FNDA:1,(anonymous_0)
FNDA:4,(anonymous_1)
DA:12,1
DA:30,1
DA:31,1
DA:34,4
LF:4
LH:4
BRF:0
BRH:0
end_of_record
TN:
SF:/Users/riceyip/gss/vital-ui-kit-react/packages/web/src/Menu/MenuItem.jsx
FN:16,(anonymous_0)
FN:40,(anonymous_1)
FNF:2
FNH:2
FNDA:4,(anonymous_0)
FNDA:4,(anonymous_1)
DA:12,1
DA:17,4
DA:25,1
DA:41,4
DA:42,4
LF:5
LH:5
BRDA:17,0,0,4
BRDA:17,0,1,0
BRF:2
BRH:1
end_of_record
TN:
SF:/Users/riceyip/gss/vital-ui-kit-react/packages/web/src/Menu/index.js
FNF:0
FNH:0
LF:0
LH:0
BRF:0
BRH:0
end_of_record
TN:
SF:/Users/riceyip/gss/vital-ui-kit-react/packages/web/src/Modal/Modal.jsx
FN:24,(anonymous_0)
FN:45,(anonymous_1)
FN:50,(anonymous_2)
FN:57,(anonymous_3)
FN:68,(anonymous_4)
FNF:5
FNH:4
FNDA:0,(anonymous_0)
FNDA:1,(anonymous_1)
FNDA:1,(anonymous_2)
FNDA:1,(anonymous_3)
FNDA:2,(anonymous_4)
DA:23,1
DA:24,0
DA:46,1
DA:47,1
DA:51,1
DA:52,0
DA:54,1
DA:58,1
DA:69,2
DA:70,2
DA:72,0
LF:11
LH:8
BRDA:51,0,0,0
BRDA:51,0,1,1
BRDA:51,1,0,1
BRDA:51,1,1,0
BRDA:69,2,0,2
BRDA:69,2,1,0
BRF:6
BRH:3
end_of_record
TN:
SF:/Users/riceyip/gss/vital-ui-kit-react/packages/web/src/Modal/ModalWrapper.jsx
FN:24,(anonymous_0)
FN:30,(anonymous_1)
FN:37,(anonymous_2)
FN:48,(anonymous_3)
FN:57,(anonymous_4)
FN:60,(anonymous_5)
FNF:6
FNH:0
FNDA:0,(anonymous_0)
FNDA:0,(anonymous_1)
FNDA:0,(anonymous_2)
FNDA:0,(anonymous_3)
FNDA:0,(anonymous_4)
FNDA:0,(anonymous_5)
DA:11,1
DA:25,0
DA:31,0
DA:32,0
DA:33,0
DA:38,0
DA:49,0
DA:52,0
DA:58,0
DA:61,0
LF:10
LH:1
BRDA:31,0,0,0
BRDA:31,0,1,0
BRDA:31,1,0,0
BRDA:31,1,1,0
BRF:4
BRH:0
end_of_record
TN:
SF:/Users/riceyip/gss/vital-ui-kit-react/packages/web/src/Modal/index.js
FNF:0
FNH:0
LF:0
LH:0
BRF:0
BRH:0
end_of_record
TN:
SF:/Users/riceyip/gss/vital-ui-kit-react/packages/web/src/Pagination/Pagination.jsx
FN:27,Item
FN:70,(anonymous_1)
FN:81,(anonymous_2)
FNF:3
FNH:3
FNDA:9,Item
FNDA:1,(anonymous_1)
FNDA:5,(anonymous_2)
DA:13,1
DA:17,1
DA:21,1
DA:37,9
DA:46,1
DA:70,1
DA:71,1
DA:82,5
LF:8
LH:8
BRF:0
BRH:0
end_of_record
TN:
SF:/Users/riceyip/gss/vital-ui-kit-react/packages/web/src/Pagination/index.js
FNF:0
FNH:0
LF:0
LH:0
BRF:0
BRH:0
end_of_record
TN:
SF:/Users/riceyip/gss/vital-ui-kit-react/packages/web/src/Pill/Pill.jsx
FN:13,(anonymous_0)
FN:24,(anonymous_1)
FN:26,(anonymous_2)
FN:30,(anonymous_3)
FN:40,(anonymous_4)
FN:41,(anonymous_5)
FN:43,(anonymous_6)
FN:65,(anonymous_7)
FN:112,(anonymous_8)
FN:116,(anonymous_9)
FNF:10
FNH:9
FNDA:5,(anonymous_0)
FNDA:5,(anonymous_1)
FNDA:5,(anonymous_2)
FNDA:5,(anonymous_3)
FNDA:5,(anonymous_4)
FNDA:5,(anonymous_5)
FNDA:5,(anonymous_6)
FNDA:5,(anonymous_7)
FNDA:0,(anonymous_8)
FNDA:5,(anonymous_9)
DA:13,1
DA:14,5
DA:15,0
DA:17,5
DA:18,0
DA:20,5
DA:23,1
DA:25,5
DA:26,5
DA:30,5
DA:40,5
DA:41,5
DA:44,5
DA:58,1
DA:65,5
DA:68,1
DA:113,0
DA:124,5
DA:125,5
LF:19
LH:16
BRDA:14,0,0,0
BRDA:14,0,1,5
BRDA:14,1,0,5
BRDA:14,1,1,0
BRDA:17,2,0,0
BRDA:17,2,1,5
BRDA:30,3,0,0
BRDA:30,3,1,5
BRDA:40,4,0,0
BRDA:40,4,1,5
BRDA:41,5,0,0
BRDA:41,5,1,5
BRDA:44,6,0,5
BRDA:44,6,1,4
BRDA:135,7,0,5
BRDA:135,7,1,3
BRF:16
BRH:10
end_of_record
TN:
SF:/Users/riceyip/gss/vital-ui-kit-react/packages/web/src/Pill/PillsGroup.jsx
FN:40,(anonymous_0)
FN:46,(anonymous_1)
FN:47,(anonymous_2)
FN:55,(anonymous_3)
FNF:4
FNH:3
FNDA:0,(anonymous_0)
FNDA:1,(anonymous_1)
FNDA:5,(anonymous_2)
FNDA:1,(anonymous_3)
DA:11,1
DA:41,0
DA:47,1
DA:48,5
DA:56,1
DA:57,1
DA:58,0
DA:60,1
LF:8
LH:6
BRDA:57,0,0,0
BRDA:57,0,1,1
BRF:2
BRH:1
end_of_record
TN:
SF:/Users/riceyip/gss/vital-ui-kit-react/packages/web/src/Pill/index.js
FNF:0
FNH:0
LF:0
LH:0
BRF:0
BRH:0
end_of_record
TN:
SF:/Users/riceyip/gss/vital-ui-kit-react/packages/web/src/ProgressBar/ProgressBar.jsx
FN:23,(anonymous_0)
FN:36,(anonymous_1)
FN:90,(anonymous_2)
FN:96,(anonymous_3)
FN:102,(anonymous_4)
FN:110,(anonymous_5)
FN:119,(anonymous_6)
FN:146,(anonymous_7)
FNF:8
FNH:6
FNDA:1,(anonymous_0)
FNDA:2,(anonymous_1)
FNDA:1,(anonymous_2)
FNDA:0,(anonymous_3)
FNDA:0,(anonymous_4)
FNDA:1,(anonymous_5)
FNDA:1,(anonymous_6)
FNDA:2,(anonymous_7)
DA:14,1
DA:19,1
DA:23,1
DA:33,1
DA:37,2
DA:40,1
DA:91,1
DA:92,1
DA:93,1
DA:97,0
DA:98,0
DA:103,0
DA:111,1
DA:112,1
DA:114,0
DA:128,1
DA:129,1
DA:147,2
LF:18
LH:14
BRDA:23,0,0,0
BRDA:23,0,1,1
BRDA:97,1,0,0
BRDA:97,1,1,0
BRDA:111,2,0,1
BRDA:111,2,1,0
BRDA:131,3,0,1
BRDA:131,3,1,1
BRDA:134,4,0,1
BRDA:134,4,1,1
BRF:10
BRH:6
end_of_record
TN:
SF:/Users/riceyip/gss/vital-ui-kit-react/packages/web/src/ProgressBar/index.js
FNF:0
FNH:0
LF:0
LH:0
BRF:0
BRH:0
end_of_record
TN:
SF:/Users/riceyip/gss/vital-ui-kit-react/packages/web/src/Radio/Radio.jsx
FN:17,(anonymous_0)
FN:20,(anonymous_1)
FN:21,(anonymous_2)
FN:26,(anonymous_3)
FN:40,(anonymous_4)
FN:47,(anonymous_5)
FN:53,(anonymous_6)
FN:87,(anonymous_7)
FNF:8
FNH:8
FNDA:8,(anonymous_0)
FNDA:8,(anonymous_1)
FNDA:8,(anonymous_2)
FNDA:8,(anonymous_3)
FNDA:8,(anonymous_4)
FNDA:8,(anonymous_5)
FNDA:8,(anonymous_6)
FNDA:8,(anonymous_7)
DA:11,1
DA:17,8
DA:20,8
DA:21,8
DA:26,8
DA:31,1
DA:40,8
DA:48,8
DA:54,8
DA:74,1
DA:87,1
DA:96,8
DA:110,1
LF:13
LH:13
BRDA:20,0,0,4
BRDA:20,0,1,4
BRDA:21,1,0,4
BRDA:21,1,1,4
BRDA:48,2,0,4
BRDA:48,2,1,4
BRDA:54,3,0,4
BRDA:54,3,1,4
BRF:8
BRH:8
end_of_record
TN:
SF:/Users/riceyip/gss/vital-ui-kit-react/packages/web/src/Radio/RadioGroup.jsx
FN:31,(anonymous_0)
FN:38,(anonymous_1)
FNF:2
FNH:2
FNDA:2,(anonymous_0)
FNDA:8,(anonymous_1)
DA:11,1
DA:31,1
DA:37,2
DA:39,8
DA:50,1
LF:5
LH:5
BRF:0
BRH:0
end_of_record
TN:
SF:/Users/riceyip/gss/vital-ui-kit-react/packages/web/src/Radio/index.js
FNF:0
FNH:0
LF:0
LH:0
BRF:0
BRH:0
end_of_record
TN:
SF:/Users/riceyip/gss/vital-ui-kit-react/packages/web/src/Select/Droplist.jsx
FN:27,(anonymous_0)
FN:29,(anonymous_1)
FN:33,(anonymous_2)
FN:35,(anonymous_3)
FNF:4
FNH:0
FNDA:0,(anonymous_0)
FNDA:0,(anonymous_1)
FNDA:0,(anonymous_2)
FNDA:0,(anonymous_3)
DA:14,1
DA:27,0
DA:29,0
DA:33,1
DA:34,0
DA:36,0
LF:6
LH:2
BRDA:37,0,0,0
BRDA:37,0,1,0
BRF:2
BRH:0
end_of_record
TN:
SF:/Users/riceyip/gss/vital-ui-kit-react/packages/web/src/Select/DroplistItem.jsx
FN:14,(anonymous_0)
FN:21,(anonymous_1)
FN:30,(anonymous_2)
FN:32,(anonymous_3)
FNF:4
FNH:0
FNDA:0,(anonymous_0)
FNDA:0,(anonymous_1)
FNDA:0,(anonymous_2)
FNDA:0,(anonymous_3)
DA:7,1
DA:9,1
DA:14,0
DA:21,0
DA:30,1
DA:31,0
DA:32,0
LF:7
LH:3
BRF:0
BRH:0
end_of_record
TN:
SF:/Users/riceyip/gss/vital-ui-kit-react/packages/web/src/Select/Select.jsx
FN:23,(anonymous_0)
FN:36,(anonymous_1)
FN:37,(anonymous_2)
FN:46,(anonymous_3)
FN:76,(anonymous_4)
FN:81,(anonymous_5)
FN:85,(anonymous_6)
FN:91,(anonymous_7)
FN:103,(anonymous_8)
FN:106,(anonymous_9)
FN:111,(anonymous_10)
FNF:11
FNH:7
FNDA:1,(anonymous_0)
FNDA:1,(anonymous_1)
FNDA:1,(anonymous_2)
FNDA:1,(anonymous_3)
FNDA:0,(anonymous_4)
FNDA:0,(anonymous_5)
FNDA:0,(anonymous_6)
FNDA:1,(anonymous_7)
FNDA:1,(anonymous_8)
FNDA:2,(anonymous_9)
FNDA:0,(anonymous_10)
DA:16,1
DA:20,1
DA:24,1
DA:36,1
DA:37,1
DA:43,1
DA:45,1
DA:46,1
DA:77,0
DA:78,0
DA:82,0
DA:86,0
DA:92,1
DA:93,1
DA:95,0
DA:104,1
DA:107,2
DA:111,0
LF:18
LH:12
BRDA:24,0,0,1
BRDA:24,0,1,0
BRDA:92,1,0,1
BRDA:92,1,1,0
BRDA:97,2,0,0
BRDA:97,2,1,0
BRDA:122,3,0,1
BRDA:122,3,1,0
BRF:8
BRH:3
end_of_record
TN:
SF:/Users/riceyip/gss/vital-ui-kit-react/packages/web/src/Select/index.js
FNF:0
FNH:0
LF:0
LH:0
BRF:0
BRH:0
end_of_record
TN:
SF:/Users/riceyip/gss/vital-ui-kit-react/packages/web/src/Slider/Slider.jsx
FN:91,(anonymous_0)
FN:97,(anonymous_1)
FN:103,(anonymous_2)
FN:110,(anonymous_3)
FN:123,(anonymous_4)
FN:138,(anonymous_5)
FN:145,(anonymous_6)
FN:147,(anonymous_7)
FN:157,(anonymous_8)
FN:164,(anonymous_9)
FN:171,(anonymous_10)
FN:172,(anonymous_11)
FN:181,(anonymous_12)
FN:182,(anonymous_13)
FN:191,(anonymous_14)
FN:201,(anonymous_15)
FN:216,(anonymous_16)
FN:219,(anonymous_17)
FN:225,(anonymous_18)
FN:245,(anonymous_19)
FN:251,(anonymous_20)
FN:271,(anonymous_21)
FN:277,(anonymous_22)
FN:293,(anonymous_23)
FN:299,(anonymous_24)
FN:312,(anonymous_25)
FNF:26
FNH:9
FNDA:2,(anonymous_0)
FNDA:2,(anonymous_1)
FNDA:0,(anonymous_2)
FNDA:0,(anonymous_3)
FNDA:0,(anonymous_4)
FNDA:0,(anonymous_5)
FNDA:0,(anonymous_6)
FNDA:0,(anonymous_7)
FNDA:0,(anonymous_8)
FNDA:0,(anonymous_9)
FNDA:0,(anonymous_10)
FNDA:0,(anonymous_11)
FNDA:0,(anonymous_12)
FNDA:0,(anonymous_13)
FNDA:2,(anonymous_14)
FNDA:0,(anonymous_15)
FNDA:0,(anonymous_16)
FNDA:2,(anonymous_17)
FNDA:0,(anonymous_18)
FNDA:2,(anonymous_19)
FNDA:0,(anonymous_20)
FNDA:2,(anonymous_21)
FNDA:4,(anonymous_22)
FNDA:0,(anonymous_23)
FNDA:4,(anonymous_24)
FNDA:4,(anonymous_25)
DA:92,2
DA:93,2
DA:94,2
DA:98,2
DA:99,2
DA:101,0
DA:102,0
DA:103,0
DA:111,0
DA:112,0
DA:113,0
DA:118,0
DA:120,0
DA:124,0
DA:125,0
DA:127,0
DA:129,0
DA:134,0
DA:135,0
DA:139,0
DA:140,0
DA:141,0
DA:142,0
DA:146,0
DA:147,0
DA:152,0
DA:154,0
DA:158,0
DA:159,0
DA:160,0
DA:161,0
DA:165,0
DA:166,0
DA:167,0
DA:168,0
DA:172,0
DA:182,0
DA:192,2
DA:193,2
DA:194,2
DA:195,2
DA:196,2
DA:197,2
DA:198,2
DA:202,0
DA:203,0
DA:205,0
DA:206,0
DA:208,0
DA:213,0
DA:217,0
DA:220,2
DA:221,2
DA:222,2
DA:223,1
DA:226,0
DA:227,0
DA:231,1
DA:232,1
DA:236,0
DA:242,1
DA:246,2
DA:247,2
DA:248,2
DA:249,1
DA:252,0
DA:253,0
DA:257,1
DA:258,1
DA:262,0
DA:268,1
DA:273,2
DA:275,2
DA:278,4
DA:294,0
DA:295,0
DA:300,4
DA:313,4
LF:78
LH:31
BRDA:77,0,0,2
BRDA:77,0,1,1
BRDA:98,1,0,2
BRDA:98,1,1,0
BRDA:98,2,0,2
BRDA:98,2,1,0
BRDA:98,2,2,0
BRDA:111,3,0,0
BRDA:111,3,1,0
BRDA:112,4,0,0
BRDA:112,4,1,0
BRDA:124,5,0,0
BRDA:124,5,1,0
BRDA:135,6,0,0
BRDA:135,6,1,0
BRDA:142,7,0,0
BRDA:142,7,1,0
BRDA:146,8,0,0
BRDA:146,8,1,0
BRDA:158,9,0,0
BRDA:158,9,1,0
BRDA:165,10,0,0
BRDA:165,10,1,0
BRDA:221,11,0,1
BRDA:221,11,1,1
BRDA:222,12,0,1
BRDA:222,12,1,1
BRDA:231,13,0,1
BRDA:231,13,1,0
BRDA:247,14,0,1
BRDA:247,14,1,1
BRDA:248,15,0,1
BRDA:248,15,1,1
BRDA:257,16,0,1
BRDA:257,16,1,0
BRF:35
BRH:14
end_of_record
TN:
SF:/Users/riceyip/gss/vital-ui-kit-react/packages/web/src/Slider/constants.js
FNF:0
FNH:0
LF:0
LH:0
BRF:0
BRH:0
end_of_record
TN:
SF:/Users/riceyip/gss/vital-ui-kit-react/packages/web/src/Slider/index.js
FNF:0
FNH:0
LF:0
LH:0
BRF:0
BRH:0
end_of_record
TN:
SF:/Users/riceyip/gss/vital-ui-kit-react/packages/web/src/Slider/styled.js
FN:11,(anonymous_0)
FN:22,(anonymous_1)
FN:29,(anonymous_2)
FN:30,(anonymous_3)
FN:39,(anonymous_4)
FN:40,(anonymous_5)
FN:44,(anonymous_6)
FN:45,(anonymous_7)
FNF:8
FNH:8
FNDA:2,(anonymous_0)
FNDA:2,(anonymous_1)
FNDA:2,(anonymous_2)
FNDA:2,(anonymous_3)
FNDA:2,(anonymous_4)
FNDA:2,(anonymous_5)
FNDA:2,(anonymous_6)
FNDA:2,(anonymous_7)
DA:5,1
DA:12,2
DA:18,1
DA:22,2
DA:25,1
DA:29,2
DA:30,2
DA:39,2
DA:40,2
DA:44,2
DA:45,2
DA:50,1
LF:12
LH:12
BRDA:12,0,0,2
BRDA:12,0,1,0
BRF:2
BRH:1
end_of_record
TN:
SF:/Users/riceyip/gss/vital-ui-kit-react/packages/web/src/Switch/Switch.jsx
FN:18,(anonymous_0)
FN:20,(anonymous_1)
FN:24,(anonymous_2)
FN:32,(anonymous_3)
FN:37,(anonymous_4)
FN:51,(anonymous_5)
FN:52,(anonymous_6)
FN:55,(anonymous_7)
FN:62,(anonymous_8)
FN:68,(anonymous_9)
FN:70,(anonymous_10)
FN:93,(anonymous_11)
FN:101,(anonymous_12)
FN:105,(anonymous_13)
FN:146,(anonymous_14)
FN:148,(anonymous_15)
FN:151,(anonymous_16)
FNF:17
FNH:15
FNDA:3,(anonymous_0)
FNDA:3,(anonymous_1)
FNDA:3,(anonymous_2)
FNDA:3,(anonymous_3)
FNDA:3,(anonymous_4)
FNDA:3,(anonymous_5)
FNDA:3,(anonymous_6)
FNDA:3,(anonymous_7)
FNDA:3,(anonymous_8)
FNDA:3,(anonymous_9)
FNDA:3,(anonymous_10)
FNDA:2,(anonymous_11)
FNDA:1,(anonymous_12)
FNDA:1,(anonymous_13)
FNDA:0,(anonymous_14)
FNDA:0,(anonymous_15)
FNDA:3,(anonymous_16)
DA:11,1
DA:13,1
DA:18,3
DA:20,3
DA:24,3
DA:32,3
DA:38,3
DA:45,1
DA:51,3
DA:52,3
DA:55,3
DA:59,1
DA:62,3
DA:68,3
DA:71,3
DA:85,1
DA:93,2
DA:100,1
DA:101,1
DA:104,1
DA:105,1
DA:147,0
DA:148,0
DA:159,3
DA:160,3
LF:25
LH:23
BRDA:51,0,0,0
BRDA:51,0,1,3
BRDA:62,1,0,0
BRDA:62,1,1,3
BRDA:71,2,0,3
BRDA:71,2,1,1
BRDA:101,3,0,0
BRDA:101,3,1,1
BRDA:105,4,0,0
BRDA:105,4,1,1
BRDA:143,5,0,3
BRDA:143,5,1,3
BRDA:147,6,0,0
BRDA:147,6,1,0
BRDA:168,7,0,3
BRDA:168,7,1,1
BRDA:173,8,0,3
BRDA:173,8,1,1
BRDA:182,9,0,3
BRDA:182,9,1,1
BRDA:185,10,0,0
BRDA:185,10,1,1
BRF:22
BRH:15
end_of_record
TN:
SF:/Users/riceyip/gss/vital-ui-kit-react/packages/web/src/Switch/index.js
FNF:0
FNH:0
LF:0
LH:0
BRF:0
BRH:0
end_of_record
TN:
SF:/Users/riceyip/gss/vital-ui-kit-react/packages/web/src/Table/Table.jsx
FN:45,(anonymous_0)
FN:53,(anonymous_1)
FN:60,(anonymous_2)
FN:70,(anonymous_3)
FN:76,(anonymous_4)
FN:78,(anonymous_5)
FN:79,(anonymous_6)
FN:81,(anonymous_7)
FN:84,(anonymous_8)
FN:97,(anonymous_9)
FN:109,(anonymous_10)
FN:124,(anonymous_11)
FN:128,(anonymous_12)
FN:131,(anonymous_13)
FNF:14
FNH:13
FNDA:0,(anonymous_0)
FNDA:1,(anonymous_1)
FNDA:2,(anonymous_2)
FNDA:1,(anonymous_3)
FNDA:1,(anonymous_4)
FNDA:3,(anonymous_5)
FNDA:2,(anonymous_6)
FNDA:1,(anonymous_7)
FNDA:2,(anonymous_8)
FNDA:2,(anonymous_9)
FNDA:2,(anonymous_10)
FNDA:6,(anonymous_11)
FNDA:30,(anonymous_12)
FNDA:21,(anonymous_13)
DA:54,1
DA:55,1
DA:56,1
DA:61,2
DA:65,0
DA:67,2
DA:71,1
DA:77,1
DA:78,3
DA:79,2
DA:82,1
DA:85,2
DA:86,2
DA:88,0
DA:92,1
DA:98,2
DA:102,2
DA:112,2
DA:125,6
DA:126,6
DA:129,30
DA:130,24
DA:131,21
DA:133,24
DA:139,6
LF:25
LH:23
BRDA:55,0,0,1
BRDA:55,0,1,0
BRDA:61,1,0,0
BRDA:61,1,1,2
BRDA:62,2,0,2
BRDA:62,2,1,2
BRDA:85,3,0,2
BRDA:85,3,1,0
BRDA:102,4,0,2
BRDA:102,4,1,0
BRDA:121,5,0,2
BRDA:121,5,1,2
BRDA:127,6,0,6
BRDA:127,6,1,6
BRDA:129,7,0,24
BRDA:129,7,1,6
BRF:16
BRH:12
end_of_record
TN:
SF:/Users/riceyip/gss/vital-ui-kit-react/packages/web/src/Table/TableCaption.jsx
FN:17,(anonymous_0)
FNF:1
FNH:1
FNDA:1,(anonymous_0)
DA:6,1
DA:18,1
LF:2
LH:2
BRF:0
BRH:0
end_of_record
TN:
SF:/Users/riceyip/gss/vital-ui-kit-react/packages/web/src/Table/TableColumn.jsx
FN:10,TableColumn
FNF:1
FNH:0
FNDA:0,TableColumn
DA:11,0
LF:1
LH:0
BRF:0
BRH:0
end_of_record
TN:
SF:/Users/riceyip/gss/vital-ui-kit-react/packages/web/src/Table/TableHeader.jsx
FN:15,(anonymous_0)
FN:21,(anonymous_1)
FN:23,(anonymous_2)
FNF:3
FNH:3
FNDA:2,(anonymous_0)
FNDA:10,(anonymous_1)
FNDA:9,(anonymous_2)
DA:4,1
DA:15,1
DA:16,2
DA:22,10
DA:23,9
DA:25,10
DA:26,2
DA:32,8
LF:8
LH:8
BRDA:25,0,0,2
BRDA:25,0,1,8
BRDA:27,1,0,2
BRDA:27,1,1,0
BRDA:28,2,0,2
BRDA:28,2,1,0
BRDA:32,3,0,8
BRDA:32,3,1,0
BRF:8
BRH:5
end_of_record
TN:
SF:/Users/riceyip/gss/vital-ui-kit-react/packages/web/src/Table/index.js
FNF:0
FNH:0
LF:0
LH:0
BRF:0
BRH:0
end_of_record
TN:
SF:/Users/riceyip/gss/vital-ui-kit-react/packages/web/src/Table/styled.js
FN:6,(anonymous_0)
FN:9,(anonymous_1)
FN:12,(anonymous_2)
FN:32,(anonymous_3)
FN:34,(anonymous_4)
FN:43,(anonymous_5)
FN:58,(anonymous_6)
FN:68,(anonymous_7)
FN:76,(anonymous_8)
FN:90,(anonymous_9)
FN:102,(anonymous_10)
FN:113,(anonymous_11)
FNF:12
FNH:12
FNDA:2,(anonymous_0)
FNDA:2,(anonymous_1)
FNDA:2,(anonymous_2)
FNDA:2,(anonymous_3)
FNDA:2,(anonymous_4)
FNDA:2,(anonymous_5)
FNDA:2,(anonymous_6)
FNDA:2,(anonymous_7)
FNDA:2,(anonymous_8)
FNDA:2,(anonymous_9)
FNDA:2,(anonymous_10)
FNDA:2,(anonymous_11)
DA:4,1
DA:6,2
DA:10,2
DA:13,2
DA:32,2
DA:35,2
DA:44,2
DA:59,2
DA:69,2
DA:77,2
DA:91,2
DA:103,2
DA:114,2
LF:13
LH:13
BRDA:6,0,0,2
BRDA:6,0,1,0
BRDA:10,1,0,2
BRDA:10,1,1,0
BRDA:13,2,0,2
BRDA:13,2,1,0
BRDA:35,3,0,2
BRDA:35,3,1,0
BRDA:44,4,0,2
BRDA:44,4,1,0
BRDA:59,5,0,2
BRDA:59,5,1,0
BRDA:69,6,0,2
BRDA:69,6,1,2
BRDA:77,7,0,2
BRDA:77,7,1,0
BRDA:91,8,0,2
BRDA:91,8,1,0
BRDA:103,9,0,2
BRDA:103,9,1,0
BRDA:114,10,0,2
BRDA:114,10,1,0
BRF:22
BRH:12
end_of_record
TN:
SF:/Users/riceyip/gss/vital-ui-kit-react/packages/web/src/Tabs/TabItem.jsx
FN:24,(anonymous_0)
FN:25,(anonymous_1)
FN:30,(anonymous_2)
FN:65,(anonymous_3)
FN:78,(anonymous_4)
FNF:5
FNH:4
FNDA:4,(anonymous_0)
FNDA:4,(anonymous_1)
FNDA:4,(anonymous_2)
FNDA:4,(anonymous_3)
FNDA:0,(anonymous_4)
DA:12,1
DA:19,1
DA:24,4
DA:25,4
DA:31,4
DA:38,1
DA:43,1
DA:74,4
DA:75,4
DA:78,0
LF:10
LH:9
BRDA:31,0,0,4
BRDA:31,0,1,1
BRDA:81,1,0,4
BRDA:81,1,1,4
BRDA:82,2,0,4
BRDA:82,2,1,2
BRF:6
BRH:6
end_of_record
TN:
SF:/Users/riceyip/gss/vital-ui-kit-react/packages/web/src/Tabs/TabList.jsx
FN:19,(anonymous_0)
FNF:1
FNH:1
FNDA:1,(anonymous_0)
DA:11,1
DA:19,1
DA:20,1
LF:3
LH:3
BRF:0
BRH:0
end_of_record
TN:
SF:/Users/riceyip/gss/vital-ui-kit-react/packages/web/src/Tabs/TabPanel.jsx
FN:12,(anonymous_0)
FN:13,(anonymous_1)
FN:23,(anonymous_2)
FNF:3
FNH:3
FNDA:1,(anonymous_0)
FNDA:1,(anonymous_1)
FNDA:1,(anonymous_2)
DA:10,1
DA:12,1
DA:13,1
DA:24,1
LF:4
LH:4
BRF:0
BRH:0
end_of_record
TN:
SF:/Users/riceyip/gss/vital-ui-kit-react/packages/web/src/Tabs/Tabs.jsx
FN:15,(anonymous_0)
FN:35,(anonymous_1)
FN:36,(anonymous_2)
FN:47,(anonymous_3)
FN:55,(anonymous_4)
FN:61,(anonymous_5)
FN:68,(anonymous_6)
FNF:7
FNH:3
FNDA:1,(anonymous_0)
FNDA:0,(anonymous_1)
FNDA:0,(anonymous_2)
FNDA:0,(anonymous_3)
FNDA:0,(anonymous_4)
FNDA:1,(anonymous_5)
FNDA:4,(anonymous_6)
DA:14,1
DA:15,1
DA:48,0
DA:49,0
DA:51,0
DA:56,0
DA:62,1
DA:63,1
DA:64,1
DA:69,4
DA:70,4
DA:71,1
DA:73,4
DA:79,0
LF:14
LH:9
BRDA:40,0,0,1
BRDA:40,0,1,1
BRDA:49,1,0,0
BRDA:49,1,1,0
BRDA:56,2,0,0
BRDA:56,2,1,0
BRDA:69,3,0,4
BRDA:69,3,1,0
BRDA:70,4,0,1
BRDA:70,4,1,3
BRDA:83,5,0,1
BRDA:83,5,1,1
BRF:12
BRH:7
end_of_record
TN:
SF:/Users/riceyip/gss/vital-ui-kit-react/packages/web/src/Tabs/index.js
FNF:0
FNH:0
LF:0
LH:0
BRF:0
BRH:0
end_of_record
TN:
SF:/Users/riceyip/gss/vital-ui-kit-react/packages/web/src/Tooltip/Tooltip.jsx
FN:19,(anonymous_0)
FN:20,(anonymous_1)
FN:63,(anonymous_2)
FN:77,(anonymous_3)
FNF:4
FNH:1
FNDA:0,(anonymous_0)
FNDA:0,(anonymous_1)
FNDA:678,(anonymous_2)
FNDA:0,(anonymous_3)
DA:15,1
DA:19,0
DA:20,0
DA:24,1
DA:63,1
DA:77,678
DA:84,678
DA:104,1
LF:8
LH:6
BRF:0
BRH:0
end_of_record
TN:
SF:/Users/riceyip/gss/vital-ui-kit-react/packages/web/src/Tooltip/index.js
FNF:0
FNH:0
LF:0
LH:0
BRF:0
BRH:0
end_of_record
TN:
SF:/Users/riceyip/gss/vital-ui-kit-react/packages/web/src/Tooltip/placements.js
FNF:0
FNH:0
DA:1,1
DA:6,1
DA:9,1
LF:3
LH:3
BRF:0
BRH:0
end_of_record
TN:
SF:/Users/riceyip/gss/vital-ui-kit-react/packages/web/src/Track/Selection.js
FN:15,(anonymous_0)
FN:17,(anonymous_1)
FN:19,(anonymous_2)
FN:41,(anonymous_3)
FNF:4
FNH:4
FNDA:3,(anonymous_0)
FNDA:3,(anonymous_1)
FNDA:3,(anonymous_2)
FNDA:3,(anonymous_3)
DA:9,1
DA:15,3
DA:17,3
DA:20,3
DA:41,1
DA:49,3
DA:59,1
LF:7
LH:7
BRDA:22,0,0,0
BRDA:22,0,1,3
BRF:2
BRH:1
end_of_record
TN:
SF:/Users/riceyip/gss/vital-ui-kit-react/packages/web/src/Track/Track.jsx
FN:19,(anonymous_0)
FN:23,(anonymous_1)
FN:25,(anonymous_2)
FN:27,(anonymous_3)
FN:47,(anonymous_4)
FN:85,(anonymous_5)
FN:86,(anonymous_6)
FN:87,(anonymous_7)
FN:88,(anonymous_8)
FN:89,(anonymous_9)
FNF:10
FNH:5
FNDA:3,(anonymous_0)
FNDA:3,(anonymous_1)
FNDA:3,(anonymous_2)
FNDA:3,(anonymous_3)
FNDA:3,(anonymous_4)
FNDA:0,(anonymous_5)
FNDA:0,(anonymous_6)
FNDA:0,(anonymous_7)
FNDA:0,(anonymous_8)
FNDA:0,(anonymous_9)
DA:13,1
DA:19,3
DA:23,3
DA:26,3
DA:27,3
DA:47,1
DA:60,3
DA:80,1
DA:92,1
LF:9
LH:9
BRDA:26,0,0,0
BRDA:26,0,1,3
BRDA:27,1,0,3
BRDA:27,1,1,3
BRF:4
BRH:3
end_of_record
TN:
SF:/Users/riceyip/gss/vital-ui-kit-react/packages/web/src/Track/constants.js
FNF:0
FNH:0
LF:0
LH:0
BRF:0
BRH:0
end_of_record
TN:
SF:/Users/riceyip/gss/vital-ui-kit-react/packages/web/src/Track/index.js
FNF:0
FNH:0
LF:0
LH:0
BRF:0
BRH:0
end_of_record
TN:
SF:/Users/riceyip/gss/vital-ui-kit-react/packages/web/src/base/ThemeProvider.jsx
FN:22,(anonymous_0)
FNF:1
FNH:1
FNDA:50,(anonymous_0)
DA:23,50
DA:24,50
DA:25,50
DA:29,50
LF:4
LH:4
BRF:0
BRH:0
end_of_record
TN:
SF:/Users/riceyip/gss/vital-ui-kit-react/packages/web/src/base/index.js
FNF:0
FNH:0
LF:0
LH:0
BRF:0
BRH:0
end_of_record
TN:
SF:/Users/riceyip/gss/vital-ui-kit-react/packages/web/src/base/theme/components.js
FN:7,(anonymous_0)
FN:61,(anonymous_1)
FN:70,(anonymous_2)
FN:126,(anonymous_3)
FN:127,(anonymous_4)
FN:142,(anonymous_5)
FNF:6
FNH:6
FNDA:50,(anonymous_0)
FNDA:6,(anonymous_1)
FNDA:4,(anonymous_2)
FNDA:5,(anonymous_3)
FNDA:5,(anonymous_4)
FNDA:8,(anonymous_5)
DA:7,50
DA:62,6
DA:71,4
DA:126,5
DA:128,5
DA:143,8
LF:6
LH:6
BRDA:62,0,0,4
BRDA:62,0,1,2
BRDA:71,1,0,0
BRDA:71,1,1,4
BRDA:126,2,0,1
BRDA:126,2,1,4
BRDA:128,3,0,1
BRDA:128,3,1,4
BRDA:143,4,0,4
BRDA:143,4,1,4
BRF:10
BRH:9
end_of_record
TN:
SF:/Users/riceyip/gss/vital-ui-kit-react/packages/web/src/base/theme/helper.js
FN:5,(anonymous_0)
FN:18,(anonymous_1)
FN:71,(anonymous_2)
FNF:3
FNH:3
FNDA:1,(anonymous_0)
FNDA:1,(anonymous_1)
FNDA:1,(anonymous_2)
DA:5,1
DA:18,1
DA:71,1
DA:72,1
DA:73,1
DA:74,1
DA:75,1
LF:7
LH:7
BRF:0
BRH:0
end_of_record
TN:
SF:/Users/riceyip/gss/vital-ui-kit-react/packages/web/src/base/theme/index.js
FNF:0
FNH:0
LF:0
LH:0
BRF:0
BRH:0
end_of_record
TN:
SF:/Users/riceyip/gss/vital-ui-kit-react/packages/web/src/base/theme/theme.js
FNF:0
FNH:0
DA:4,1
DA:5,1
DA:6,1
DA:7,1
DA:8,1
DA:9,1
DA:10,1
DA:11,1
DA:12,1
DA:14,1
DA:15,1
DA:16,1
DA:17,1
DA:18,1
DA:19,1
DA:20,1
DA:21,1
DA:22,1
DA:24,1
DA:25,1
DA:26,1
DA:27,1
DA:28,1
DA:29,1
DA:30,1
DA:31,1
DA:32,1
DA:35,1
DA:36,1
DA:37,1
DA:39,1
DA:40,1
DA:41,1
DA:42,1
DA:44,1
DA:47,1
LF:36
LH:36
BRF:0
BRH:0
end_of_record
TN:
SF:/Users/riceyip/gss/vital-ui-kit-react/packages/web/src/utils/index.js
FN:20,(anonymous_0)
FN:43,(anonymous_1)
FN:53,(anonymous_2)
FN:61,(anonymous_3)
FN:66,(anonymous_4)
FN:71,(anonymous_5)
FN:76,(anonymous_6)
FNF:7
FNH:4
FNDA:5,(anonymous_0)
FNDA:7,(anonymous_1)
FNDA:16,(anonymous_2)
FNDA:0,(anonymous_3)
FNDA:0,(anonymous_4)
FNDA:0,(anonymous_5)
FNDA:1,(anonymous_6)
DA:20,5
DA:43,1
DA:47,7
DA:48,7
DA:49,7
DA:50,6
DA:53,1
DA:59,16
DA:61,1
DA:66,1
DA:71,1
DA:76,1
LF:12
LH:12
BRDA:21,0,0,5
BRDA:21,0,1,5
BRDA:22,1,0,5
BRDA:22,1,1,5
BRDA:23,2,0,5
BRDA:23,2,1,5
BRDA:24,3,0,5
BRDA:24,3,1,5
BRDA:25,4,0,5
BRDA:25,4,1,5
BRDA:26,5,0,5
BRDA:26,5,1,5
BRDA:27,6,0,5
BRDA:27,6,1,5
BRDA:28,7,0,5
BRDA:28,7,1,5
BRDA:29,8,0,5
BRDA:29,8,1,3
BRDA:30,9,0,5
BRDA:30,9,1,2
BRDA:31,10,0,5
BRDA:31,10,1,5
BRDA:32,11,0,5
BRDA:32,11,1,5
BRDA:33,12,0,5
BRDA:33,12,1,2
BRDA:47,13,0,0
BRDA:47,13,1,7
BRDA:48,14,0,0
BRDA:48,14,1,7
BRDA:49,15,0,1
BRDA:49,15,1,6
BRDA:50,16,0,6
BRDA:50,16,1,3
BRDA:55,17,0,16
BRDA:56,18,0,16
BRDA:57,19,0,16
BRDA:58,20,0,16
BRF:38
BRH:36
end_of_record
TN:
SF:/Users/riceyip/gss/vital-ui-kit-react/packages/web/src/utils/math.js
FN:3,(anonymous_0)
FNF:1
FNH:1
FNDA:11,(anonymous_0)
DA:3,1
DA:4,11
DA:5,11
DA:6,8
DA:8,3
LF:5
LH:5
BRDA:5,0,0,8
BRDA:5,0,1,3
BRDA:6,1,0,2
BRDA:6,1,1,6
BRF:4
BRH:4
end_of_record
TN:
SF:/Users/riceyip/gss/vital-ui-kit-react/packages/web/stories/Overview.stories.jsx
FN:46,(anonymous_0)
FN:49,(anonymous_1)
FN:71,(anonymous_2)
FN:77,(anonymous_3)
FN:91,(anonymous_4)
FN:98,(anonymous_5)
FNF:6
FNH:6
FNDA:1,(anonymous_0)
FNDA:5,(anonymous_1)
FNDA:4,(anonymous_2)
FNDA:24,(anonymous_3)
FNDA:5,(anonymous_4)
FNDA:5,(anonymous_5)
DA:23,1
DA:31,1
DA:33,1
DA:42,1
DA:44,1
DA:47,1
DA:50,5
DA:72,4
DA:78,24
DA:92,5
DA:99,5
DA:144,1
DA:149,1
LF:13
LH:13
BRDA:85,0,0,4
BRDA:85,0,1,20
BRF:2
BRH:2
end_of_record
TN:
SF:/Users/riceyip/gss/vital-ui-kit-react/packages/web/stories/Theme.stories.jsx
FN:45,(anonymous_0)
FN:51,(anonymous_1)
FN:58,(anonymous_2)
FN:62,(anonymous_3)
FN:63,(anonymous_4)
FN:64,(anonymous_5)
FN:70,(anonymous_6)
FN:71,(anonymous_7)
FN:72,(anonymous_8)
FN:95,(anonymous_9)
FNF:10
FNH:8
FNDA:0,(anonymous_0)
FNDA:1,(anonymous_1)
FNDA:0,(anonymous_2)
FNDA:20,(anonymous_3)
FNDA:19,(anonymous_4)
FNDA:9,(anonymous_5)
FNDA:20,(anonymous_6)
FNDA:19,(anonymous_7)
FNDA:9,(anonymous_8)
FNDA:1,(anonymous_9)
DA:26,1
DA:30,1
DA:35,1
DA:46,0
DA:52,1
DA:53,1
DA:58,0
DA:62,20
DA:63,19
DA:65,9
DA:70,20
DA:71,19
DA:73,9
DA:83,1
DA:95,1
LF:15
LH:13
BRF:0
BRH:0
end_of_record
TN:
SF:/Users/riceyip/gss/vital-ui-kit-react/packages/web/stories/Container/Filter.js
FN:35,(anonymous_0)
FN:42,(anonymous_1)
FN:49,(anonymous_2)
FN:56,(anonymous_3)
FNF:4
FNH:2
FNDA:1,(anonymous_0)
FNDA:0,(anonymous_1)
FNDA:0,(anonymous_2)
FNDA:1,(anonymous_3)
DA:11,1
DA:36,1
DA:43,0
DA:50,0
DA:51,0
DA:52,0
DA:53,0
DA:57,1
LF:8
LH:3
BRF:0
BRH:0
end_of_record
TN:
SF:/Users/riceyip/gss/vital-ui-kit-react/packages/web/stories/Container/LoadData.js
FN:21,(anonymous_0)
FN:22,(anonymous_1)
FN:28,(anonymous_2)
FNF:3
FNH:2
FNDA:1,(anonymous_0)
FNDA:0,(anonymous_1)
FNDA:1,(anonymous_2)
DA:22,1
DA:23,0
DA:24,0
DA:29,1
DA:30,0
DA:32,1
LF:6
LH:3
BRDA:29,0,0,0
BRDA:29,0,1,1
BRF:2
BRH:1
end_of_record
TN:
SF:/Users/riceyip/gss/vital-ui-kit-react/packages/web/stories/Container/Section.js
FN:11,(anonymous_0)
FNF:1
FNH:1
FNDA:3,(anonymous_0)
DA:6,1
DA:11,1
DA:12,3
LF:3
LH:3
BRF:0
BRH:0
end_of_record
TN:
SF:/Users/riceyip/gss/vital-ui-kit-react/packages/web/stories/examples/Avatar.stories.jsx
FN:25,(anonymous_0)
FNF:1
FNH:1
FNDA:1,(anonymous_0)
DA:20,1
DA:26,1
LF:2
LH:2
BRF:0
BRH:0
end_of_record
TN:
SF:/Users/riceyip/gss/vital-ui-kit-react/packages/web/stories/examples/Box.stories.jsx
FN:37,(anonymous_0)
FNF:1
FNH:1
FNDA:1,(anonymous_0)
DA:21,1
DA:35,1
DA:38,1
LF:3
LH:3
BRF:0
BRH:0
end_of_record
TN:
SF:/Users/riceyip/gss/vital-ui-kit-react/packages/web/stories/examples/Button.stories.jsx
FN:39,(anonymous_0)
FN:73,(anonymous_1)
FN:97,(anonymous_2)
FN:121,(anonymous_3)
FN:131,(anonymous_4)
FN:145,(anonymous_5)
FN:153,(anonymous_6)
FN:163,(anonymous_7)
FNF:8
FNH:8
FNDA:1,(anonymous_0)
FNDA:1,(anonymous_1)
FNDA:1,(anonymous_2)
FNDA:1,(anonymous_3)
FNDA:1,(anonymous_4)
FNDA:1,(anonymous_5)
FNDA:1,(anonymous_6)
FNDA:1,(anonymous_7)
DA:24,1
DA:34,1
DA:40,1
DA:74,1
DA:98,1
DA:122,1
DA:132,1
DA:146,1
DA:154,1
DA:164,1
LF:10
LH:10
BRF:0
BRH:0
end_of_record
TN:
SF:/Users/riceyip/gss/vital-ui-kit-react/packages/web/stories/examples/Card.stories.jsx
FN:29,(anonymous_0)
FN:44,(anonymous_1)
FN:63,(anonymous_2)
FN:82,(anonymous_3)
FN:102,(anonymous_4)
FNF:5
FNH:5
FNDA:1,(anonymous_0)
FNDA:1,(anonymous_1)
FNDA:1,(anonymous_2)
FNDA:1,(anonymous_3)
FNDA:1,(anonymous_4)
DA:22,1
DA:24,1
DA:30,1
DA:45,1
DA:64,1
DA:83,1
DA:103,1
LF:7
LH:7
BRF:0
BRH:0
end_of_record
TN:
SF:/Users/riceyip/gss/vital-ui-kit-react/packages/web/stories/examples/Checkbox.stories.jsx
FN:25,(anonymous_0)
FN:37,(anonymous_1)
FNF:2
FNH:2
FNDA:1,(anonymous_0)
FNDA:1,(anonymous_1)
DA:20,1
DA:26,1
DA:38,1
LF:3
LH:3
BRF:0
BRH:0
end_of_record
TN:
SF:/Users/riceyip/gss/vital-ui-kit-react/packages/web/stories/examples/Form.stories.jsx
FN:56,(anonymous_0)
FN:90,(anonymous_1)
FN:115,(anonymous_2)
FN:129,(anonymous_3)
FN:161,(anonymous_4)
FN:191,(anonymous_5)
FN:207,(anonymous_6)
FN:222,(anonymous_7)
FN:244,(anonymous_8)
FN:259,(anonymous_9)
FN:276,(anonymous_10)
FNF:11
FNH:11
FNDA:1,(anonymous_0)
FNDA:1,(anonymous_1)
FNDA:1,(anonymous_2)
FNDA:1,(anonymous_3)
FNDA:1,(anonymous_4)
FNDA:1,(anonymous_5)
FNDA:1,(anonymous_6)
FNDA:1,(anonymous_7)
FNDA:1,(anonymous_8)
FNDA:1,(anonymous_9)
FNDA:1,(anonymous_10)
DA:34,1
DA:39,1
DA:45,1
DA:51,1
DA:57,1
DA:91,1
DA:116,1
DA:130,1
DA:162,1
DA:184,1
DA:192,1
DA:208,1
DA:223,1
DA:239,1
DA:245,1
DA:260,1
DA:271,1
DA:277,1
LF:18
LH:18
BRF:0
BRH:0
end_of_record
TN:
SF:/Users/riceyip/gss/vital-ui-kit-react/packages/web/stories/examples/Icon.stories.jsx
FN:45,(anonymous_0)
FN:47,(anonymous_1)
FN:50,(anonymous_2)
FN:56,(anonymous_3)
FNF:4
FNH:4
FNDA:1,(anonymous_0)
FNDA:1,(anonymous_1)
FNDA:676,(anonymous_2)
FNDA:676,(anonymous_3)
DA:24,1
DA:31,1
DA:40,1
DA:46,1
DA:48,1
DA:51,676
DA:52,676
DA:54,0
DA:57,676
LF:9
LH:8
BRDA:51,0,0,676
BRDA:51,0,1,0
BRF:2
BRH:1
end_of_record
TN:
SF:/Users/riceyip/gss/vital-ui-kit-react/packages/web/stories/examples/Layout.stories.jsx
FN:23,(anonymous_0)
FNF:1
FNH:1
FNDA:1,(anonymous_0)
DA:21,1
DA:24,1
LF:2
LH:2
BRF:0
BRH:0
end_of_record
TN:
SF:/Users/riceyip/gss/vital-ui-kit-react/packages/web/stories/examples/List.stories.jsx
FN:30,(anonymous_0)
FN:72,(anonymous_1)
FNF:2
FNH:2
FNDA:1,(anonymous_0)
FNDA:1,(anonymous_1)
DA:21,1
DA:25,1
DA:31,1
DA:73,1
LF:4
LH:4
BRF:0
BRH:0
end_of_record
TN:
SF:/Users/riceyip/gss/vital-ui-kit-react/packages/web/stories/examples/Menu.stories.jsx
FN:30,(anonymous_0)
FNF:1
FNH:1
FNDA:1,(anonymous_0)
DA:21,1
DA:25,1
DA:31,1
LF:3
LH:3
BRF:0
BRH:0
end_of_record
TN:
SF:/Users/riceyip/gss/vital-ui-kit-react/packages/web/stories/examples/Modal.stories.jsx
FN:37,(anonymous_0)
FN:44,(anonymous_1)
FN:49,(anonymous_2)
FN:59,(anonymous_3)
FN:65,(anonymous_4)
FNF:5
FNH:2
FNDA:1,(anonymous_0)
FNDA:1,(anonymous_1)
FNDA:0,(anonymous_2)
FNDA:0,(anonymous_3)
FNDA:0,(anonymous_4)
DA:21,1
DA:32,1
DA:37,1
DA:45,1
DA:49,0
DA:59,0
DA:65,0
LF:7
LH:4
BRF:0
BRH:0
end_of_record
TN:
SF:/Users/riceyip/gss/vital-ui-kit-react/packages/web/stories/examples/Pagination.stories.jsx
FN:37,(anonymous_0)
FNF:1
FNH:1
FNDA:1,(anonymous_0)
DA:21,1
DA:32,1
DA:38,1
LF:3
LH:3
BRF:0
BRH:0
end_of_record
TN:
SF:/Users/riceyip/gss/vital-ui-kit-react/packages/web/stories/examples/Pill.stories.jsx
FN:25,(anonymous_0)
FNF:1
FNH:1
FNDA:1,(anonymous_0)
DA:20,1
DA:26,1
LF:2
LH:2
BRF:0
BRH:0
end_of_record
TN:
SF:/Users/riceyip/gss/vital-ui-kit-react/packages/web/stories/examples/ProgressBar.stories.jsx
FN:25,(anonymous_0)
FNF:1
FNH:1
FNDA:1,(anonymous_0)
DA:20,1
DA:26,1
LF:2
LH:2
BRF:0
BRH:0
end_of_record
TN:
SF:/Users/riceyip/gss/vital-ui-kit-react/packages/web/stories/examples/Radio.stories.jsx
FN:37,(anonymous_0)
FN:43,(anonymous_1)
FNF:2
FNH:2
FNDA:1,(anonymous_0)
FNDA:1,(anonymous_1)
DA:20,1
DA:32,1
DA:37,1
DA:44,1
LF:4
LH:4
BRF:0
BRH:0
end_of_record
TN:
SF:/Users/riceyip/gss/vital-ui-kit-react/packages/web/stories/examples/Slider.stories.jsx
FN:37,(anonymous_0)
FN:61,(anonymous_1)
FNF:2
FNH:2
FNDA:1,(anonymous_0)
FNDA:1,(anonymous_1)
DA:21,1
DA:32,1
DA:38,1
DA:62,1
LF:4
LH:4
BRF:0
BRH:0
end_of_record
TN:
SF:/Users/riceyip/gss/vital-ui-kit-react/packages/web/stories/examples/Switch.stories.jsx
FN:25,(anonymous_0)
FN:36,(anonymous_1)
FN:48,(anonymous_2)
FNF:3
FNH:3
FNDA:1,(anonymous_0)
FNDA:1,(anonymous_1)
FNDA:1,(anonymous_2)
DA:20,1
DA:26,1
DA:37,1
DA:49,1
LF:4
LH:4
BRF:0
BRH:0
end_of_record
TN:
SF:/Users/riceyip/gss/vital-ui-kit-react/packages/web/stories/examples/Table.stories.jsx
FN:54,(anonymous_0)
FN:67,(anonymous_1)
FN:75,(anonymous_2)
FN:77,(anonymous_3)
FNF:4
FNH:3
FNDA:1,(anonymous_0)
FNDA:2,(anonymous_1)
FNDA:1,(anonymous_2)
FNDA:0,(anonymous_3)
DA:28,1
DA:49,1
DA:55,1
DA:67,2
DA:76,1
DA:78,0
LF:6
LH:5
BRF:0
BRH:0
end_of_record
TN:
SF:/Users/riceyip/gss/vital-ui-kit-react/packages/web/stories/examples/Tabs.stories.jsx
FN:26,(anonymous_0)
FNF:1
FNH:1
FNDA:1,(anonymous_0)
DA:21,1
DA:27,1
LF:2
LH:2
BRF:0
BRH:0
end_of_record
TN:
SF:/Users/riceyip/gss/vital-ui-kit-react/packages/web/stories/utils/space.md
FNF:0
FNH:0
DA:1,1
LF:1
LH:1
BRF:0
BRH:0
end_of_record
TN:
SF:/Users/riceyip/gss/vital-ui-kit-react/packages/web/stories/utils/space.stories.jsx
FN:30,(anonymous_0)
FNF:1
FNH:1
FNDA:1,(anonymous_0)
DA:22,1
DA:26,1
DA:31,1
LF:3
LH:3
BRF:0
BRH:0
end_of_record
